2024-12-22 14:02:48.542 [info] (Client) Pylance async client (2024.12.100) started with python extension (2024.23.2024121901)
2024-12-22 14:02:48.977 [info] [Info  - 2:02:48 PM] (96661) Server root directory: file:///home/alan/.vscode/extensions/ms-python.vscode-pylance-2024.12.100/dist
2024-12-22 14:02:48.977 [info] [Info  - 2:02:48 PM] (96661) Pylance language server 2024.12.100 (pyright version 1.1.390, commit 2f28cd39) starting
2024-12-22 14:02:48.977 [info] [Info  - 2:02:48 PM] (96661) Starting service instance "learning_python"
2024-12-22 14:02:48.978 [info] [Info  - 2:02:48 PM] (96661) Starting service instance "utfpr"
2024-12-22 14:02:49.021 [info] [Info  - 2:02:49 PM] (96661) Setting environmentName for service "learning_python": "3.12.3 (.venv venv)"
2024-12-22 14:02:49.022 [info] [Info  - 2:02:49 PM] (96661) Setting pythonPath for service "learning_python": "/home/alan/learning_python/.venv/bin/python"
2024-12-22 14:02:49.024 [info] [Info  - 2:02:49 PM] (96661) No include entries specified; assuming /home/alan/learning_python
2024-12-22 14:02:49.024 [info] [Info  - 2:02:49 PM] (96661) Auto-excluding **/node_modules
2024-12-22 14:02:49.024 [info] [Info  - 2:02:49 PM] (96661) Auto-excluding **/__pycache__
2024-12-22 14:02:49.024 [info] [Info  - 2:02:49 PM] (96661) Auto-excluding **/.*
2024-12-22 14:02:49.046 [info] [Info  - 2:02:49 PM] (96661) Assuming Python version 3.12.3.final.0
2024-12-22 14:02:49.110 [info] [Info  - 2:02:49 PM] (96661) Found 88 source files
2024-12-22 14:02:49.136 [info] [Info  - 2:02:49 PM] (96661) Setting environmentName for service "utfpr": "3.12.3 (global)"
2024-12-22 14:02:49.136 [info] [Info  - 2:02:49 PM] (96661) Setting pythonPath for service "utfpr": "/bin/python"
2024-12-22 14:02:49.136 [info] [Info  - 2:02:49 PM] (96661) No include entries specified; assuming /home/alan/utfpr
2024-12-22 14:02:49.136 [info] [Info  - 2:02:49 PM] (96661) Auto-excluding **/node_modules
2024-12-22 14:02:49.136 [info] [Info  - 2:02:49 PM] (96661) Auto-excluding **/__pycache__
2024-12-22 14:02:49.137 [info] [Info  - 2:02:49 PM] (96661) Auto-excluding **/.*
2024-12-22 14:02:49.158 [info] [Info  - 2:02:49 PM] (96661) Assuming Python version 3.12.3.final.0
2024-12-22 14:02:49.195 [info] [Info  - 2:02:49 PM] (96661) Auto-excluding /home/alan/utfpr/venv01_utfpr
2024-12-22 14:02:49.196 [info] [Info  - 2:02:49 PM] (96661) Found 3 source files
2024-12-22 14:02:49.505 [info] [Info  - 2:02:49 PM] (96661) Background analysis(1) root directory: file:///home/alan/.vscode/extensions/ms-python.vscode-pylance-2024.12.100/dist
2024-12-22 14:02:49.507 [info] [Info  - 2:02:49 PM] (96661) Background analysis(1) started
2024-12-22 14:02:49.621 [info] [Info  - 2:02:49 PM] (96661) Background analysis(2) root directory: file:///home/alan/.vscode/extensions/ms-python.vscode-pylance-2024.12.100/dist
2024-12-22 14:02:49.623 [info] [Info  - 2:02:49 PM] (96661) Background analysis(2) started
