2024-12-22 14:02:46.543 [info] [main] Log level: Info
2024-12-22 14:02:46.543 [info] [main] Validating found git in: "git"
2024-12-22 14:02:46.543 [info] [main] Using git "2.43.0" from "git"
2024-12-22 14:02:46.543 [info] [Model][doInitialScan] Initial repository scan started
2024-12-22 14:02:46.543 [info] > git rev-parse --show-toplevel [136ms]
2024-12-22 14:02:46.543 [info] > git rev-parse --git-dir --git-common-dir [44ms]
2024-12-22 14:02:46.543 [info] [Model][openRepository] Opened repository: /home/alan/learning_python
2024-12-22 14:02:46.584 [info] > git rev-parse --show-toplevel [22ms]
2024-12-22 14:02:46.585 [info] > git config --get commit.template [32ms]
2024-12-22 14:02:46.642 [info] > git rev-parse --git-dir --git-common-dir [30ms]
2024-12-22 14:02:46.674 [info] [Model][openRepository] Opened repository: /home/alan/utfpr
2024-12-22 14:02:46.756 [info] > git for-each-ref --format=%(refname)%00%(upstream:short)%00%(objectname)%00%(upstream:track)%00%(upstream:remotename)%00%(upstream:remoteref) refs/heads/master refs/remotes/master [115ms]
2024-12-22 14:02:46.772 [info] > git rev-parse --show-toplevel [29ms]
2024-12-22 14:02:46.772 [info] fatal: not a git repository (or any of the parent directories): .git
2024-12-22 14:02:46.774 [info] > git config --get commit.template [43ms]
2024-12-22 14:02:46.923 [info] > git rev-parse --show-toplevel [62ms]
2024-12-22 14:02:47.049 [info] > git for-each-ref --format=%(refname)%00%(upstream:short)%00%(objectname)%00%(upstream:track)%00%(upstream:remotename)%00%(upstream:remoteref) refs/heads/master refs/remotes/master [136ms]
2024-12-22 14:02:47.055 [info] > git status -z -uall [84ms]
2024-12-22 14:02:47.056 [info] > git rev-parse --show-toplevel [50ms]
2024-12-22 14:02:47.056 [info] > git for-each-ref --sort -committerdate --format %(refname) %(objectname) %(*objectname) [73ms]
2024-12-22 14:02:47.118 [info] > git for-each-ref --format=%(refname)%00%(upstream:short)%00%(objectname)%00%(upstream:track)%00%(upstream:remotename)%00%(upstream:remoteref) refs/heads/master refs/remotes/master [40ms]
2024-12-22 14:02:47.144 [info] > git config --local branch.master.vscode-merge-base [6ms]
2024-12-22 14:02:47.157 [info] > git config --get commit.template [41ms]
2024-12-22 14:02:47.157 [info] > git rev-parse --show-toplevel [63ms]
2024-12-22 14:02:47.199 [info] > git for-each-ref --format=%(refname)%00%(upstream:short)%00%(objectname)%00%(upstream:track)%00%(upstream:remotename)%00%(upstream:remoteref) refs/heads/origin/master refs/remotes/origin/master [43ms]
2024-12-22 14:02:47.236 [info] > git status -z -uall [63ms]
2024-12-22 14:02:47.236 [info] > git merge-base refs/heads/master refs/remotes/origin/master [24ms]
2024-12-22 14:02:47.247 [info] > git rev-parse --show-toplevel [51ms]
2024-12-22 14:02:47.248 [info] > git for-each-ref --sort -committerdate --format %(refname) %(objectname) %(*objectname) [61ms]
2024-12-22 14:02:47.258 [info] > git diff --name-status -z --diff-filter=ADMR fa95585f9e5a1df4ec3f01b544a1634e139ea3bc...refs/remotes/origin/master [11ms]
2024-12-22 14:02:47.259 [info] > git for-each-ref --format=%(refname)%00%(upstream:short)%00%(objectname)%00%(upstream:track)%00%(upstream:remotename)%00%(upstream:remoteref) refs/heads/master refs/remotes/master [25ms]
2024-12-22 14:02:47.303 [info] > git check-ignore -v -z --stdin [21ms]
2024-12-22 14:02:47.305 [info] > git for-each-ref --format=%(refname)%00%(upstream:short)%00%(objectname)%00%(upstream:track)%00%(upstream:remotename)%00%(upstream:remoteref) refs/heads/master refs/remotes/master [33ms]
2024-12-22 14:02:47.316 [info] > git rev-parse --show-toplevel [58ms]
2024-12-22 14:02:47.330 [info] > git check-ignore -v -z --stdin [39ms]
2024-12-22 14:02:47.334 [info] > git config --local branch.master.vscode-merge-base [19ms]
2024-12-22 14:02:47.352 [info] > git config --get commit.template [49ms]
2024-12-22 14:02:47.379 [info] > git for-each-ref --format=%(refname)%00%(upstream:short)%00%(objectname)%00%(upstream:track)%00%(upstream:remotename)%00%(upstream:remoteref) refs/heads/origin/master refs/remotes/origin/master [27ms]
2024-12-22 14:02:47.388 [info] > git rev-parse --show-toplevel [59ms]
2024-12-22 14:02:47.469 [info] > git status -z -uall [59ms]
2024-12-22 14:02:47.469 [info] > git rev-parse --show-toplevel [33ms]
2024-12-22 14:02:47.470 [info] > git for-each-ref --format=%(refname)%00%(upstream:short)%00%(objectname)%00%(upstream:track)%00%(upstream:remotename)%00%(upstream:remoteref) refs/heads/master refs/remotes/master [42ms]
2024-12-22 14:02:47.470 [info] > git for-each-ref --sort -committerdate --format %(refname) %(objectname) %(*objectname) [51ms]
2024-12-22 14:02:47.473 [info] > git merge-base refs/heads/master refs/remotes/origin/master [86ms]
2024-12-22 14:02:47.500 [info] > git rev-parse --show-toplevel [6ms]
2024-12-22 14:02:47.500 [info] > git diff --name-status -z --diff-filter=ADMR 5a42459d9b58f33b376cc9ff738d92cab359b6d4...refs/remotes/origin/master [16ms]
2024-12-22 14:02:47.556 [info] > git rev-parse --show-toplevel [44ms]
2024-12-22 14:02:47.568 [info] > git for-each-ref --sort -committerdate --format %(refname) %(objectname) %(*objectname) [21ms]
2024-12-22 14:02:47.571 [info] > git rev-parse --show-toplevel [3ms]
2024-12-22 14:02:47.586 [info] > git rev-parse --show-toplevel [3ms]
2024-12-22 14:02:47.597 [info] > git status -z -uall [74ms]
2024-12-22 14:02:47.600 [info] > git rev-parse --show-toplevel [3ms]
2024-12-22 14:02:47.602 [info] [Model][doInitialScan] Initial repository scan completed - repositories (2), closed repositories (0), parent repositories (0), unsafe repositories (0)
2024-12-22 14:02:48.138 [info] > git fetch [1614ms]
2024-12-22 14:02:48.168 [info] > git config --get commit.template [17ms]
2024-12-22 14:02:48.168 [info] > git for-each-ref --format=%(refname)%00%(upstream:short)%00%(objectname)%00%(upstream:track)%00%(upstream:remotename)%00%(upstream:remoteref) refs/heads/master refs/remotes/master [6ms]
2024-12-22 14:02:48.198 [info] > git status -z -uall [18ms]
2024-12-22 14:02:48.198 [info] > git for-each-ref --sort -committerdate --format %(refname) %(objectname) %(*objectname) [7ms]
2024-12-22 14:02:48.316 [info] > git fetch [1642ms]
2024-12-22 14:02:48.341 [info] > git config --get commit.template [3ms]
2024-12-22 14:02:48.364 [info] > git for-each-ref --format=%(refname)%00%(upstream:short)%00%(objectname)%00%(upstream:track)%00%(upstream:remotename)%00%(upstream:remoteref) refs/heads/master refs/remotes/master [4ms]
2024-12-22 14:02:48.400 [info] > git for-each-ref --sort -committerdate --format %(refname) %(objectname) %(*objectname) [3ms]
2024-12-22 14:02:48.431 [info] > git status -z -uall [56ms]
2024-12-22 14:02:49.927 [info] > git config --get commit.template [9ms]
2024-12-22 14:02:49.928 [info] > git for-each-ref --format=%(refname)%00%(upstream:short)%00%(objectname)%00%(upstream:track)%00%(upstream:remotename)%00%(upstream:remoteref) refs/heads/master refs/remotes/master [2ms]
2024-12-22 14:02:49.947 [info] > git status -z -uall [10ms]
2024-12-22 14:02:49.949 [info] > git for-each-ref --sort -committerdate --format %(refname) %(objectname) %(*objectname) [3ms]
2024-12-22 14:03:07.216 [info] > git rev-parse --show-toplevel [4ms]
2024-12-22 14:03:07.216 [info] fatal: not a git repository (or any of the parent directories): .git
2024-12-22 14:03:12.840 [info] > git rev-parse --show-toplevel [3ms]
2024-12-22 14:03:12.840 [info] fatal: not a git repository (or any of the parent directories): .git
2024-12-22 14:03:56.524 [info] > git rev-parse --show-toplevel [3ms]
2024-12-22 14:03:56.524 [info] fatal: not a git repository (or any of the parent directories): .git
2024-12-22 14:04:35.107 [info] > git rev-parse --show-toplevel [2ms]
2024-12-22 14:04:35.107 [info] fatal: not a git repository (or any of the parent directories): .git
