2024-12-22 14:02:44.869 [info] Reading sessions from keychain...
2024-12-22 14:02:44.869 [info] Getting sessions for all scopes...
2024-12-22 14:02:44.869 [info] Getting sessions for all scopes...
2024-12-22 14:02:44.869 [info] Getting sessions for all scopes...
2024-12-22 14:02:44.869 [info] Getting sessions for all scopes...
2024-12-22 14:02:44.869 [info] Getting sessions for all scopes...
2024-12-22 14:02:44.869 [info] Getting sessions for all scopes...
2024-12-22 14:02:44.869 [info] Getting sessions for all scopes...
2024-12-22 14:02:44.906 [info] Got stored sessions!
2024-12-22 14:02:44.906 [info] Got 2 verified sessions.
2024-12-22 14:02:44.906 [info] Got 2 sessions for ...
2024-12-22 14:02:44.906 [info] Got 2 sessions for ...
2024-12-22 14:02:44.906 [info] Got 2 sessions for ...
2024-12-22 14:02:44.906 [info] Got 2 sessions for ...
2024-12-22 14:02:44.906 [info] Got 2 sessions for ...
2024-12-22 14:02:44.906 [info] Got 2 sessions for ...
2024-12-22 14:02:44.906 [info] Got 2 sessions for ...
2024-12-22 14:02:44.926 [info] Getting sessions for all scopes...
2024-12-22 14:02:44.926 [info] Got 2 sessions for ...
2024-12-22 14:02:45.156 [info] Getting sessions for user:email...
2024-12-22 14:02:45.156 [info] Got 1 sessions for user:email...
2024-12-22 14:02:47.084 [info] Getting sessions for all scopes...
2024-12-22 14:02:47.084 [info] Got 2 sessions for ...
2024-12-22 14:02:47.292 [info] Getting sessions for read:user,repo,user:email,workflow...
2024-12-22 14:02:47.292 [info] Got 1 sessions for read:user,repo,user:email,workflow...
2024-12-22 14:02:47.960 [info] Getting sessions for read:user,repo,user:email,workflow...
2024-12-22 14:02:47.960 [info] Got 1 sessions for read:user,repo,user:email,workflow...
