2025-02-15 23:50:45 0 [Note] Starting MariaDB 10.11.8-MariaDB-0ubuntu0.24.04.1 source revision 3a069644682e336e445039e48baae9693f9a08ee as process 43175
2025-02-15 23:50:45 0 [Warning] option 'innodb-log-buffer-size': unsigned value 1048576 adjusted to 2097152
2025-02-15 23:50:45 0 [Note] InnoDB: Compressed tables use zlib 1.3
2025-02-15 23:50:45 0 [Note] InnoDB: Number of transaction pools: 1
2025-02-15 23:50:45 0 [Note] InnoDB: Using crc32 + pclmulqdq instructions
2025-02-15 23:50:45 0 [Note] InnoDB: Using liburing
2025-02-15 23:50:45 0 [Note] InnoDB: Initializing buffer pool, total size = 128.000MiB, chunk size = 2.000MiB
2025-02-15 23:50:45 0 [Note] InnoDB: Initialized memory pressure event listener
2025-02-15 23:50:45 0 [Note] InnoDB: Completed initialization of buffer pool
2025-02-15 23:50:45 0 [Note] InnoDB: Buffered log writes (block size=512 bytes)
2025-02-15 23:50:45 0 [Note] InnoDB: End of log at LSN=45502
2025-02-15 23:50:45 0 [Note] InnoDB: 128 rollback segments are active.
2025-02-15 23:50:45 0 [Note] InnoDB: Setting file './ibtmp1' size to 12.000MiB. Physically writing the file full; Please wait ...
2025-02-15 23:50:45 0 [Note] InnoDB: File './ibtmp1' size is now 12.000MiB.
2025-02-15 23:50:45 0 [Note] InnoDB: log sequence number 45502; transaction id 14
2025-02-15 23:50:45 0 [Note] InnoDB: Loading buffer pool(s) from /home/alan/.local/share/akonadi/db_data/ib_buffer_pool
2025-02-15 23:50:45 0 [Note] Plugin 'FEEDBACK' is disabled.
2025-02-15 23:50:45 0 [Note] InnoDB: Buffer pool(s) load completed at 250215 23:50:45
2025-02-15 23:50:45 0 [Note] /usr/sbin/mysqld: ready for connections.
Version: '10.11.8-MariaDB-0ubuntu0.24.04.1'  socket: '/run/user/1000/akonadi/mysql.socket'  port: 0  Ubuntu 24.04
2025-02-16  0:31:28 0 [Note] /usr/sbin/mysqld (initiated by: unknown): Normal shutdown
2025-02-16  0:31:28 0 [Note] InnoDB: FTS optimize thread exiting.
2025-02-16  0:31:28 0 [Note] InnoDB: Starting shutdown...
2025-02-16  0:31:28 0 [Note] InnoDB: Dumping buffer pool(s) to /home/alan/.local/share/akonadi/db_data/ib_buffer_pool
2025-02-16  0:31:28 0 [Note] InnoDB: Buffer pool(s) dump completed at 250216  0:31:28
2025-02-16  0:31:29 0 [Note] InnoDB: Removed temporary tablespace data file: "./ibtmp1"
2025-02-16  0:31:29 0 [Note] InnoDB: Shutdown completed; log sequence number 516128; transaction id 636
2025-02-16  0:31:29 0 [Note] /usr/sbin/mysqld: Shutdown complete

