2024-12-22 19:07:16.546 [info] Using settings sync service https://vscode-sync.trafficmanager.net/
2024-12-22 19:07:16.546 [info] Auto Sync is enabled.
2024-12-22 19:07:16.546 [info] Auto Sync: Suspended until auth token is available.
2024-12-22 19:07:17.404 [info] Auto Sync: Triggered by Interval
2024-12-22 19:07:17.405 [info] Sync started.
2024-12-22 19:07:18.309 [info] Settings: No changes found during synchronizing settings.
2024-12-22 19:07:18.330 [info] Keybindings: No changes found during synchronizing keybindings.
2024-12-22 19:07:18.333 [info] Snippets: No changes found during synchronizing snippets.
2024-12-22 19:07:18.335 [info] Tasks: No changes found during synchronizing tasks.
2024-12-22 19:07:18.339 [info] GlobalState: No changes found during synchronizing ui state.
2024-12-22 19:07:18.375 [info] Extensions: No changes found during synchronizing extensions.
2024-12-22 19:07:18.398 [info] Profiles: No changes found during synchronizing profiles.
2024-12-22 19:07:18.402 [info] Syncing profile. Jupyter
2024-12-22 19:07:18.592 [info] Settings (Jupyter): No changes found during synchronizing settings.
2024-12-22 19:07:19.004 [info] Keybindings (Jupyter): No changes found during synchronizing keybindings.
2024-12-22 19:07:19.015 [info] Snippets (Jupyter): No changes found during synchronizing snippets.
2024-12-22 19:07:19.018 [info] Tasks (Jupyter): No changes found during synchronizing tasks.
2024-12-22 19:07:19.090 [info] GlobalState (Jupyter): No changes found during synchronizing ui state.
2024-12-22 19:07:19.280 [info] Extensions (Jupyter): No changes found during synchronizing extensions.
2024-12-22 19:07:19.285 [info] Syncing profile. Python
2024-12-22 19:07:19.729 [info] Settings (Python): No changes found during synchronizing settings.
2024-12-22 19:07:20.021 [info] Keybindings (Python): No changes found during synchronizing keybindings.
2024-12-22 19:07:20.026 [info] Snippets (Python): No changes found during synchronizing snippets.
2024-12-22 19:07:20.029 [info] Tasks (Python): No changes found during synchronizing tasks.
2024-12-22 19:07:20.046 [info] GlobalState (Python): No changes found during synchronizing ui state.
2024-12-22 19:07:20.132 [info] Extensions (Python): No changes found during synchronizing extensions.
2024-12-22 19:07:20.133 [info] Sync done. Took 2729ms
