2024-12-22 13:56:34.595 [info] Reading sessions from keychain...
2024-12-22 13:56:34.595 [info] Getting sessions for all scopes...
2024-12-22 13:56:34.595 [info] Getting sessions for all scopes...
2024-12-22 13:56:34.605 [info] Getting sessions for all scopes...
2024-12-22 13:56:34.605 [info] Getting sessions for all scopes...
2024-12-22 13:56:34.606 [info] Getting sessions for all scopes...
2024-12-22 13:56:34.606 [info] Getting sessions for all scopes...
2024-12-22 13:56:34.606 [info] Getting sessions for all scopes...
2024-12-22 13:56:34.629 [info] Got stored sessions!
2024-12-22 13:56:34.629 [info] Got 2 verified sessions.
2024-12-22 13:56:34.629 [info] Got 2 sessions for ...
2024-12-22 13:56:34.629 [info] Got 2 sessions for ...
2024-12-22 13:56:34.629 [info] Got 2 sessions for ...
2024-12-22 13:56:34.629 [info] Got 2 sessions for ...
2024-12-22 13:56:34.629 [info] Got 2 sessions for ...
2024-12-22 13:56:34.629 [info] Got 2 sessions for ...
2024-12-22 13:56:34.629 [info] Got 2 sessions for ...
2024-12-22 13:56:34.669 [info] Getting sessions for all scopes...
2024-12-22 13:56:34.669 [info] Got 2 sessions for ...
2024-12-22 13:56:34.839 [info] Getting sessions for user:email...
2024-12-22 13:56:34.839 [info] Got 1 sessions for user:email...
2024-12-22 13:56:36.843 [info] Getting sessions for read:user,repo,user:email,workflow...
2024-12-22 13:56:36.843 [info] Got 1 sessions for read:user,repo,user:email,workflow...
2024-12-22 13:56:37.062 [info] Getting sessions for all scopes...
2024-12-22 13:56:37.062 [info] Got 2 sessions for ...
2024-12-22 13:56:37.142 [info] Getting sessions for read:user,repo,user:email,workflow...
2024-12-22 13:56:37.142 [info] Got 1 sessions for read:user,repo,user:email,workflow...
2024-12-22 13:56:37.652 [info] Getting sessions for read:user,repo,user:email,workflow...
2024-12-22 13:56:37.652 [info] Got 1 sessions for read:user,repo,user:email,workflow...
