2024-12-23 00:53:58.481 [info] [main] Log level: Info
2024-12-23 00:53:58.481 [info] [main] Validating found git in: "git"
2024-12-23 00:53:58.481 [info] [main] Using git "2.43.0" from "git"
2024-12-23 00:53:58.481 [info] [Model][doInitialScan] Initial repository scan started
2024-12-23 00:53:58.481 [info] > git rev-parse --show-toplevel [24ms]
2024-12-23 00:53:58.481 [info] > git rev-parse --git-dir --git-common-dir [12ms]
2024-12-23 00:53:58.481 [info] [Model][openRepository] Opened repository: /home/alan/learning_python
2024-12-23 00:53:58.630 [info] > git rev-parse --show-toplevel [130ms]
2024-12-23 00:53:58.631 [info] > git config --get commit.template [141ms]
2024-12-23 00:53:58.772 [info] > git rev-parse --git-dir --git-common-dir [20ms]
2024-12-23 00:53:58.787 [info] [Model][openRepository] Opened repository: /home/alan/utfpr
2024-12-23 00:53:58.901 [info] > git for-each-ref --format=%(refname)%00%(upstream:short)%00%(objectname)%00%(upstream:track)%00%(upstream:remotename)%00%(upstream:remoteref) refs/heads/master refs/remotes/master [132ms]
2024-12-23 00:53:58.965 [info] > git rev-parse --show-toplevel [73ms]
2024-12-23 00:53:58.965 [info] fatal: not a git repository (or any of the parent directories): .git
2024-12-23 00:53:58.966 [info] > git config --get commit.template [85ms]
2024-12-23 00:53:59.066 [info] > git status -z -uall [22ms]
2024-12-23 00:53:59.067 [info] > git for-each-ref --format=%(refname)%00%(upstream:short)%00%(objectname)%00%(upstream:track)%00%(upstream:remotename)%00%(upstream:remoteref) refs/heads/master refs/remotes/master [53ms]
2024-12-23 00:53:59.068 [info] > git rev-parse --show-toplevel [74ms]
2024-12-23 00:53:59.082 [info] > git for-each-ref --sort -committerdate --format %(refname) %(objectname) %(*objectname) [19ms]
2024-12-23 00:53:59.135 [info] > git for-each-ref --format=%(refname)%00%(upstream:short)%00%(objectname)%00%(upstream:track)%00%(upstream:remotename)%00%(upstream:remoteref) refs/heads/master refs/remotes/master [28ms]
2024-12-23 00:53:59.145 [info] > git rev-parse --show-toplevel [65ms]
2024-12-23 00:53:59.156 [info] > git config --local branch.master.vscode-merge-base [10ms]
2024-12-23 00:53:59.165 [info] > git config --get commit.template [33ms]
2024-12-23 00:53:59.199 [info] > git check-ignore -v -z --stdin [25ms]
2024-12-23 00:53:59.201 [info] > git for-each-ref --format=%(refname)%00%(upstream:short)%00%(objectname)%00%(upstream:track)%00%(upstream:remotename)%00%(upstream:remoteref) refs/heads/origin/master refs/remotes/origin/master [36ms]
2024-12-23 00:53:59.255 [info] > git rev-parse --show-toplevel [100ms]
2024-12-23 00:53:59.289 [info] > git merge-base refs/heads/master refs/remotes/origin/master [60ms]
2024-12-23 00:53:59.308 [info] > git for-each-ref --sort -committerdate --format %(refname) %(objectname) %(*objectname) [113ms]
2024-12-23 00:53:59.362 [info] > git status -z -uall [180ms]
2024-12-23 00:53:59.382 [info] > git diff --name-status -z --diff-filter=ADMR fa95585f9e5a1df4ec3f01b544a1634e139ea3bc...refs/remotes/origin/master [74ms]
2024-12-23 00:53:59.383 [info] > git rev-parse --show-toplevel [96ms]
2024-12-23 00:53:59.383 [info] > git for-each-ref --format=%(refname)%00%(upstream:short)%00%(objectname)%00%(upstream:track)%00%(upstream:remotename)%00%(upstream:remoteref) refs/heads/master refs/remotes/master [112ms]
2024-12-23 00:53:59.441 [info] > git for-each-ref --format=%(refname)%00%(upstream:short)%00%(objectname)%00%(upstream:track)%00%(upstream:remotename)%00%(upstream:remoteref) refs/heads/master refs/remotes/master [22ms]
2024-12-23 00:53:59.453 [info] > git rev-parse --show-toplevel [55ms]
2024-12-23 00:53:59.486 [info] > git config --local branch.master.vscode-merge-base [33ms]
2024-12-23 00:53:59.501 [info] > git config --get commit.template [62ms]
2024-12-23 00:53:59.538 [info] > git status -z -uall [22ms]
2024-12-23 00:53:59.539 [info] > git for-each-ref --format=%(refname)%00%(upstream:short)%00%(objectname)%00%(upstream:track)%00%(upstream:remotename)%00%(upstream:remoteref) refs/heads/origin/master refs/remotes/origin/master [39ms]
2024-12-23 00:53:59.552 [info] > git rev-parse --show-toplevel [68ms]
2024-12-23 00:53:59.619 [info] > git merge-base refs/heads/master refs/remotes/origin/master [68ms]
2024-12-23 00:53:59.633 [info] > git for-each-ref --sort -committerdate --format %(refname) %(objectname) %(*objectname) [104ms]
2024-12-23 00:53:59.638 [info] > git diff --name-status -z --diff-filter=ADMR 5a42459d9b58f33b376cc9ff738d92cab359b6d4...refs/remotes/origin/master [6ms]
2024-12-23 00:53:59.639 [info] > git rev-parse --show-toplevel [21ms]
2024-12-23 00:53:59.640 [info] > git for-each-ref --format=%(refname)%00%(upstream:short)%00%(objectname)%00%(upstream:track)%00%(upstream:remotename)%00%(upstream:remoteref) refs/heads/master refs/remotes/master [32ms]
2024-12-23 00:53:59.652 [info] > git rev-parse --show-toplevel [1ms]
2024-12-23 00:53:59.719 [info] > git rev-parse --show-toplevel [56ms]
2024-12-23 00:53:59.737 [info] > git for-each-ref --sort -committerdate --format %(refname) %(objectname) %(*objectname) [31ms]
2024-12-23 00:53:59.740 [info] > git rev-parse --show-toplevel [4ms]
2024-12-23 00:53:59.754 [info] > git rev-parse --show-toplevel [4ms]
2024-12-23 00:53:59.766 [info] > git status -z -uall [84ms]
2024-12-23 00:53:59.768 [info] > git rev-parse --show-toplevel [3ms]
2024-12-23 00:53:59.769 [info] [Model][doInitialScan] Initial repository scan completed - repositories (2), closed repositories (0), parent repositories (0), unsafe repositories (0)
2024-12-23 00:54:00.161 [info] > git fetch [1683ms]
2024-12-23 00:54:00.226 [info] > git config --get commit.template [16ms]
2024-12-23 00:54:00.240 [info] > git for-each-ref --format=%(refname)%00%(upstream:short)%00%(objectname)%00%(upstream:track)%00%(upstream:remotename)%00%(upstream:remoteref) refs/heads/master refs/remotes/master [5ms]
2024-12-23 00:54:00.269 [info] > git status -z -uall [18ms]
2024-12-23 00:54:00.288 [info] > git for-each-ref --sort -committerdate --format %(refname) %(objectname) %(*objectname) [23ms]
2024-12-23 00:54:00.499 [info] > git fetch [1712ms]
2024-12-23 00:54:00.512 [info] > git config --get commit.template [2ms]
2024-12-23 00:54:00.521 [info] > git for-each-ref --format=%(refname)%00%(upstream:short)%00%(objectname)%00%(upstream:track)%00%(upstream:remotename)%00%(upstream:remoteref) refs/heads/master refs/remotes/master [1ms]
2024-12-23 00:54:00.557 [info] > git for-each-ref --sort -committerdate --format %(refname) %(objectname) %(*objectname) [4ms]
2024-12-23 00:54:00.583 [info] > git status -z -uall [53ms]
2024-12-23 00:54:02.158 [info] > git config --get commit.template [12ms]
2024-12-23 00:54:02.159 [info] > git for-each-ref --format=%(refname)%00%(upstream:short)%00%(objectname)%00%(upstream:track)%00%(upstream:remotename)%00%(upstream:remoteref) refs/heads/master refs/remotes/master [3ms]
2024-12-23 00:54:02.185 [info] > git status -z -uall [17ms]
2024-12-23 00:54:02.185 [info] > git for-each-ref --sort -committerdate --format %(refname) %(objectname) %(*objectname) [9ms]
