2024-12-22 19:33:00.363 [info] Using settings sync service https://vscode-sync.trafficmanager.net/
2024-12-22 19:33:00.363 [info] Auto Sync is enabled.
2024-12-22 19:33:00.363 [info] Auto Sync: Suspended until auth token is available.
2024-12-22 19:33:01.320 [info] Auto Sync: Triggered by Interval
2024-12-22 19:33:01.321 [info] Sync started.
2024-12-22 19:33:02.062 [info] Settings: No changes found during synchronizing settings.
2024-12-22 19:33:02.101 [info] Keybindings: No changes found during synchronizing keybindings.
2024-12-22 19:33:02.104 [info] Snippets: No changes found during synchronizing snippets.
2024-12-22 19:33:02.106 [info] Tasks: No changes found during synchronizing tasks.
2024-12-22 19:33:02.112 [info] GlobalState: No changes found during synchronizing ui state.
2024-12-22 19:33:02.139 [info] Extensions: No changes found during synchronizing extensions.
2024-12-22 19:33:02.153 [info] Profiles: No changes found during synchronizing profiles.
2024-12-22 19:33:02.155 [info] Syncing profile. Jupyter
2024-12-22 19:33:02.242 [info] Settings (Jupyter): No changes found during synchronizing settings.
2024-12-22 19:33:02.259 [info] Keybindings (Jupyter): No changes found during synchronizing keybindings.
2024-12-22 19:33:02.265 [info] Snippets (Jupyter): No changes found during synchronizing snippets.
2024-12-22 19:33:02.268 [info] Tasks (Jupyter): No changes found during synchronizing tasks.
2024-12-22 19:33:02.317 [info] GlobalState (Jupyter): No changes found during synchronizing ui state.
2024-12-22 19:33:02.373 [info] Extensions (Jupyter): No changes found during synchronizing extensions.
2024-12-22 19:33:02.376 [info] Syncing profile. Python
2024-12-22 19:33:02.439 [info] Settings (Python): No changes found during synchronizing settings.
2024-12-22 19:33:02.449 [info] Keybindings (Python): No changes found during synchronizing keybindings.
2024-12-22 19:33:02.453 [info] Snippets (Python): No changes found during synchronizing snippets.
2024-12-22 19:33:02.455 [info] Tasks (Python): No changes found during synchronizing tasks.
2024-12-22 19:33:02.469 [info] GlobalState (Python): No changes found during synchronizing ui state.
2024-12-22 19:33:02.574 [info] Extensions (Python): No changes found during synchronizing extensions.
2024-12-22 19:33:02.601 [info] Sync done. Took 1282ms
2024-12-22 19:34:12.853 [info] Auto Sync: Triggered by Activity
2024-12-22 19:34:12.853 [info] Sync started.
2024-12-22 19:34:12.987 [info] Settings: No changes found during synchronizing settings.
2024-12-22 19:34:12.989 [info] Keybindings: No changes found during synchronizing keybindings.
2024-12-22 19:34:12.991 [info] Snippets: No changes found during synchronizing snippets.
2024-12-22 19:34:12.992 [info] Tasks: No changes found during synchronizing tasks.
2024-12-22 19:34:12.995 [info] GlobalState: No changes found during synchronizing ui state.
2024-12-22 19:34:13.015 [info] Extensions: No changes found during synchronizing extensions.
2024-12-22 19:34:13.015 [info] Profiles: No changes found during synchronizing profiles.
2024-12-22 19:34:13.016 [info] Syncing profile. Jupyter
2024-12-22 19:34:13.024 [info] Settings (Jupyter): No changes found during synchronizing settings.
2024-12-22 19:34:13.028 [info] Keybindings (Jupyter): No changes found during synchronizing keybindings.
2024-12-22 19:34:13.031 [info] Snippets (Jupyter): No changes found during synchronizing snippets.
2024-12-22 19:34:13.033 [info] Tasks (Jupyter): No changes found during synchronizing tasks.
2024-12-22 19:34:13.035 [info] GlobalState (Jupyter): No changes found during synchronizing ui state.
2024-12-22 19:34:13.069 [info] Extensions (Jupyter): No changes found during synchronizing extensions.
2024-12-22 19:34:13.070 [info] Syncing profile. Python
2024-12-22 19:34:13.078 [info] Settings (Python): No changes found during synchronizing settings.
2024-12-22 19:34:13.081 [info] Keybindings (Python): No changes found during synchronizing keybindings.
2024-12-22 19:34:13.085 [info] Snippets (Python): No changes found during synchronizing snippets.
2024-12-22 19:34:13.087 [info] Tasks (Python): No changes found during synchronizing tasks.
2024-12-22 19:34:13.088 [info] GlobalState (Python): No changes found during synchronizing ui state.
2024-12-22 19:34:13.128 [info] Extensions (Python): No changes found during synchronizing extensions.
2024-12-22 19:34:13.129 [info] Sync done. Took 277ms
2024-12-22 19:34:33.960 [info] Auto Sync: Triggered by Activity
2024-12-22 19:34:33.961 [info] Sync started.
2024-12-22 19:34:34.094 [info] Settings: No changes found during synchronizing settings.
2024-12-22 19:34:34.096 [info] Keybindings: No changes found during synchronizing keybindings.
2024-12-22 19:34:34.098 [info] Snippets: No changes found during synchronizing snippets.
2024-12-22 19:34:34.099 [info] Tasks: No changes found during synchronizing tasks.
2024-12-22 19:34:34.102 [info] GlobalState: No changes found during synchronizing ui state.
2024-12-22 19:34:34.118 [info] Extensions: No changes found during synchronizing extensions.
2024-12-22 19:34:34.119 [info] Profiles: No changes found during synchronizing profiles.
2024-12-22 19:34:34.121 [info] Syncing profile. Jupyter
2024-12-22 19:34:34.133 [info] Settings (Jupyter): No changes found during synchronizing settings.
2024-12-22 19:34:34.135 [info] Keybindings (Jupyter): No changes found during synchronizing keybindings.
2024-12-22 19:34:34.138 [info] Snippets (Jupyter): No changes found during synchronizing snippets.
2024-12-22 19:34:34.140 [info] Tasks (Jupyter): No changes found during synchronizing tasks.
2024-12-22 19:34:34.142 [info] GlobalState (Jupyter): No changes found during synchronizing ui state.
2024-12-22 19:34:34.173 [info] Extensions (Jupyter): No changes found during synchronizing extensions.
2024-12-22 19:34:34.174 [info] Syncing profile. Python
2024-12-22 19:34:34.396 [info] Settings (Python): Updated remote settings
2024-12-22 19:34:34.409 [info] Settings (Python): Updated last synchronized settings
2024-12-22 19:34:34.412 [info] Keybindings (Python): No changes found during synchronizing keybindings.
2024-12-22 19:34:34.415 [info] Snippets (Python): No changes found during synchronizing snippets.
2024-12-22 19:34:34.416 [info] Tasks (Python): No changes found during synchronizing tasks.
2024-12-22 19:34:34.836 [info] GlobalState (Python): Updated remote ui state. Updated: colorThemeData.
2024-12-22 19:34:34.849 [info] GlobalState (Python): Updated last synchronized ui state
2024-12-22 19:34:34.890 [info] Extensions (Python): No changes found during synchronizing extensions.
2024-12-22 19:34:34.895 [info] Sync done. Took 935ms
2024-12-22 19:39:34.896 [info] Auto Sync: Triggered by Interval
2024-12-22 19:39:34.897 [info] Sync started.
2024-12-22 19:39:35.453 [info] Settings: No changes found during synchronizing settings.
2024-12-22 19:39:35.455 [info] Keybindings: No changes found during synchronizing keybindings.
2024-12-22 19:39:35.456 [info] Snippets: No changes found during synchronizing snippets.
2024-12-22 19:39:35.458 [info] Tasks: No changes found during synchronizing tasks.
2024-12-22 19:39:35.462 [info] GlobalState: No changes found during synchronizing ui state.
2024-12-22 19:39:35.512 [info] Extensions: No changes found during synchronizing extensions.
2024-12-22 19:39:35.515 [info] Profiles: No changes found during synchronizing profiles.
2024-12-22 19:39:35.520 [info] Syncing profile. Jupyter
2024-12-22 19:39:35.529 [info] Settings (Jupyter): No changes found during synchronizing settings.
2024-12-22 19:39:35.531 [info] Keybindings (Jupyter): No changes found during synchronizing keybindings.
2024-12-22 19:39:35.534 [info] Snippets (Jupyter): No changes found during synchronizing snippets.
2024-12-22 19:39:35.535 [info] Tasks (Jupyter): No changes found during synchronizing tasks.
2024-12-22 19:39:35.538 [info] GlobalState (Jupyter): No changes found during synchronizing ui state.
2024-12-22 19:39:35.566 [info] Extensions (Jupyter): No changes found during synchronizing extensions.
2024-12-22 19:39:35.566 [info] Syncing profile. Python
2024-12-22 19:39:35.574 [info] Settings (Python): No changes found during synchronizing settings.
2024-12-22 19:39:35.575 [info] Keybindings (Python): No changes found during synchronizing keybindings.
2024-12-22 19:39:35.578 [info] Snippets (Python): No changes found during synchronizing snippets.
2024-12-22 19:39:35.580 [info] Tasks (Python): No changes found during synchronizing tasks.
2024-12-22 19:39:35.582 [info] GlobalState (Python): No changes found during synchronizing ui state.
2024-12-22 19:39:35.623 [info] Extensions (Python): No changes found during synchronizing extensions.
2024-12-22 19:39:35.624 [info] Sync done. Took 729ms
2024-12-22 19:44:35.626 [info] Auto Sync: Triggered by Interval
2024-12-22 19:44:35.626 [info] Sync started.
2024-12-22 19:44:36.169 [info] Settings: No changes found during synchronizing settings.
2024-12-22 19:44:36.173 [info] Keybindings: No changes found during synchronizing keybindings.
2024-12-22 19:44:36.177 [info] Snippets: No changes found during synchronizing snippets.
2024-12-22 19:44:36.178 [info] Tasks: No changes found during synchronizing tasks.
2024-12-22 19:44:36.181 [info] GlobalState: No changes found during synchronizing ui state.
2024-12-22 19:44:36.205 [info] Extensions: No changes found during synchronizing extensions.
2024-12-22 19:44:36.209 [info] Profiles: No changes found during synchronizing profiles.
2024-12-22 19:44:36.210 [info] Syncing profile. Jupyter
2024-12-22 19:44:36.219 [info] Settings (Jupyter): No changes found during synchronizing settings.
2024-12-22 19:44:36.221 [info] Keybindings (Jupyter): No changes found during synchronizing keybindings.
2024-12-22 19:44:36.225 [info] Snippets (Jupyter): No changes found during synchronizing snippets.
2024-12-22 19:44:36.227 [info] Tasks (Jupyter): No changes found during synchronizing tasks.
2024-12-22 19:44:36.229 [info] GlobalState (Jupyter): No changes found during synchronizing ui state.
2024-12-22 19:44:36.262 [info] Extensions (Jupyter): No changes found during synchronizing extensions.
2024-12-22 19:44:36.262 [info] Syncing profile. Python
2024-12-22 19:44:36.269 [info] Settings (Python): No changes found during synchronizing settings.
2024-12-22 19:44:36.272 [info] Keybindings (Python): No changes found during synchronizing keybindings.
2024-12-22 19:44:36.275 [info] Snippets (Python): No changes found during synchronizing snippets.
2024-12-22 19:44:36.277 [info] Tasks (Python): No changes found during synchronizing tasks.
2024-12-22 19:44:36.280 [info] GlobalState (Python): No changes found during synchronizing ui state.
2024-12-22 19:44:36.327 [info] Extensions (Python): No changes found during synchronizing extensions.
2024-12-22 19:44:36.328 [info] Sync done. Took 703ms
2024-12-22 19:49:36.330 [info] Auto Sync: Triggered by Interval
2024-12-22 19:49:36.330 [info] Sync started.
2024-12-22 19:49:36.862 [info] Settings: No changes found during synchronizing settings.
2024-12-22 19:49:36.864 [info] Keybindings: No changes found during synchronizing keybindings.
2024-12-22 19:49:36.867 [info] Snippets: No changes found during synchronizing snippets.
2024-12-22 19:49:36.870 [info] Tasks: No changes found during synchronizing tasks.
2024-12-22 19:49:36.873 [info] GlobalState: No changes found during synchronizing ui state.
2024-12-22 19:49:36.896 [info] Extensions: No changes found during synchronizing extensions.
2024-12-22 19:49:36.900 [info] Profiles: No changes found during synchronizing profiles.
2024-12-22 19:49:36.902 [info] Syncing profile. Jupyter
2024-12-22 19:49:36.912 [info] Settings (Jupyter): No changes found during synchronizing settings.
2024-12-22 19:49:36.914 [info] Keybindings (Jupyter): No changes found during synchronizing keybindings.
2024-12-22 19:49:36.917 [info] Snippets (Jupyter): No changes found during synchronizing snippets.
2024-12-22 19:49:36.919 [info] Tasks (Jupyter): No changes found during synchronizing tasks.
2024-12-22 19:49:36.922 [info] GlobalState (Jupyter): No changes found during synchronizing ui state.
2024-12-22 19:49:36.959 [info] Extensions (Jupyter): No changes found during synchronizing extensions.
2024-12-22 19:49:36.959 [info] Syncing profile. Python
2024-12-22 19:49:36.967 [info] Settings (Python): No changes found during synchronizing settings.
2024-12-22 19:49:36.971 [info] Keybindings (Python): No changes found during synchronizing keybindings.
2024-12-22 19:49:36.974 [info] Snippets (Python): No changes found during synchronizing snippets.
2024-12-22 19:49:36.976 [info] Tasks (Python): No changes found during synchronizing tasks.
2024-12-22 19:49:36.980 [info] GlobalState (Python): No changes found during synchronizing ui state.
2024-12-22 19:49:37.031 [info] Extensions (Python): No changes found during synchronizing extensions.
2024-12-22 19:49:37.032 [info] Sync done. Took 702ms
2024-12-22 19:54:24.518 [info] Auto Sync: Triggered by Activity
2024-12-22 19:54:24.518 [info] Sync started.
2024-12-22 19:54:25.039 [info] Settings: No changes found during synchronizing settings.
2024-12-22 19:54:25.042 [info] Keybindings: No changes found during synchronizing keybindings.
2024-12-22 19:54:25.044 [info] Snippets: No changes found during synchronizing snippets.
2024-12-22 19:54:25.046 [info] Tasks: No changes found during synchronizing tasks.
2024-12-22 19:54:25.050 [info] GlobalState: No changes found during synchronizing ui state.
2024-12-22 19:54:25.073 [info] Extensions: No changes found during synchronizing extensions.
2024-12-22 19:54:25.074 [info] Profiles: No changes found during synchronizing profiles.
2024-12-22 19:54:25.076 [info] Syncing profile. Jupyter
2024-12-22 19:54:25.095 [info] Settings (Jupyter): No changes found during synchronizing settings.
2024-12-22 19:54:25.102 [info] Keybindings (Jupyter): No changes found during synchronizing keybindings.
2024-12-22 19:54:25.106 [info] Snippets (Jupyter): No changes found during synchronizing snippets.
2024-12-22 19:54:25.107 [info] Tasks (Jupyter): No changes found during synchronizing tasks.
2024-12-22 19:54:25.109 [info] GlobalState (Jupyter): No changes found during synchronizing ui state.
2024-12-22 19:54:25.144 [info] Extensions (Jupyter): No changes found during synchronizing extensions.
2024-12-22 19:54:25.145 [info] Syncing profile. Python
2024-12-22 19:54:25.153 [info] Settings (Python): No changes found during synchronizing settings.
2024-12-22 19:54:25.155 [info] Keybindings (Python): No changes found during synchronizing keybindings.
2024-12-22 19:54:25.159 [info] Snippets (Python): No changes found during synchronizing snippets.
2024-12-22 19:54:25.160 [info] Tasks (Python): No changes found during synchronizing tasks.
2024-12-22 19:54:25.163 [info] GlobalState (Python): No changes found during synchronizing ui state.
2024-12-22 19:54:25.213 [info] Extensions (Python): No changes found during synchronizing extensions.
2024-12-22 19:54:25.214 [info] Sync done. Took 696ms
2024-12-22 19:56:11.443 [info] Auto Sync: Triggered by Activity
2024-12-22 19:56:11.444 [info] Sync started.
2024-12-22 19:56:11.584 [info] Settings: No changes found during synchronizing settings.
2024-12-22 19:56:11.586 [info] Keybindings: No changes found during synchronizing keybindings.
2024-12-22 19:56:11.587 [info] Snippets: No changes found during synchronizing snippets.
2024-12-22 19:56:11.589 [info] Tasks: No changes found during synchronizing tasks.
2024-12-22 19:56:11.592 [info] GlobalState: No changes found during synchronizing ui state.
2024-12-22 19:56:11.611 [info] Extensions: No changes found during synchronizing extensions.
2024-12-22 19:56:11.612 [info] Profiles: No changes found during synchronizing profiles.
2024-12-22 19:56:11.613 [info] Syncing profile. Jupyter
2024-12-22 19:56:11.617 [info] Settings (Jupyter): No changes found during synchronizing settings.
2024-12-22 19:56:11.619 [info] Keybindings (Jupyter): No changes found during synchronizing keybindings.
2024-12-22 19:56:11.621 [info] Snippets (Jupyter): No changes found during synchronizing snippets.
2024-12-22 19:56:11.623 [info] Tasks (Jupyter): No changes found during synchronizing tasks.
2024-12-22 19:56:11.625 [info] GlobalState (Jupyter): No changes found during synchronizing ui state.
2024-12-22 19:56:11.664 [info] Extensions (Jupyter): No changes found during synchronizing extensions.
2024-12-22 19:56:11.665 [info] Syncing profile. Python
2024-12-22 19:56:11.880 [info] Settings (Python): Updated remote settings
2024-12-22 19:56:11.894 [info] Settings (Python): Updated last synchronized settings
2024-12-22 19:56:11.896 [info] Keybindings (Python): No changes found during synchronizing keybindings.
2024-12-22 19:56:11.899 [info] Snippets (Python): No changes found during synchronizing snippets.
2024-12-22 19:56:11.901 [info] Tasks (Python): No changes found during synchronizing tasks.
2024-12-22 19:56:12.243 [info] GlobalState (Python): Updated remote ui state. Updated: colorThemeData.
2024-12-22 19:56:12.256 [info] GlobalState (Python): Updated last synchronized ui state
2024-12-22 19:56:12.296 [info] Extensions (Python): No changes found during synchronizing extensions.
2024-12-22 19:56:12.296 [info] Sync done. Took 854ms
2024-12-22 19:57:04.275 [info] Auto Sync: Triggered by Activity
2024-12-22 19:57:04.275 [info] Sync started.
2024-12-22 19:57:04.438 [info] Settings: No changes found during synchronizing settings.
2024-12-22 19:57:04.440 [info] Keybindings: No changes found during synchronizing keybindings.
2024-12-22 19:57:04.442 [info] Snippets: No changes found during synchronizing snippets.
2024-12-22 19:57:04.443 [info] Tasks: No changes found during synchronizing tasks.
2024-12-22 19:57:04.447 [info] GlobalState: No changes found during synchronizing ui state.
2024-12-22 19:57:04.463 [info] Extensions: No changes found during synchronizing extensions.
2024-12-22 19:57:04.464 [info] Profiles: No changes found during synchronizing profiles.
2024-12-22 19:57:04.466 [info] Syncing profile. Jupyter
2024-12-22 19:57:04.479 [info] Settings (Jupyter): No changes found during synchronizing settings.
2024-12-22 19:57:04.486 [info] Keybindings (Jupyter): No changes found during synchronizing keybindings.
2024-12-22 19:57:04.490 [info] Snippets (Jupyter): No changes found during synchronizing snippets.
2024-12-22 19:57:04.493 [info] Tasks (Jupyter): No changes found during synchronizing tasks.
2024-12-22 19:57:04.495 [info] GlobalState (Jupyter): No changes found during synchronizing ui state.
2024-12-22 19:57:04.524 [info] Extensions (Jupyter): No changes found during synchronizing extensions.
2024-12-22 19:57:04.525 [info] Syncing profile. Python
2024-12-22 19:57:04.531 [info] Settings (Python): No changes found during synchronizing settings.
2024-12-22 19:57:04.534 [info] Keybindings (Python): No changes found during synchronizing keybindings.
2024-12-22 19:57:04.536 [info] Snippets (Python): No changes found during synchronizing snippets.
2024-12-22 19:57:04.538 [info] Tasks (Python): No changes found during synchronizing tasks.
2024-12-22 19:57:04.540 [info] GlobalState (Python): No changes found during synchronizing ui state.
2024-12-22 19:57:04.581 [info] Extensions (Python): No changes found during synchronizing extensions.
2024-12-22 19:57:04.581 [info] Sync done. Took 307ms
2024-12-22 19:57:42.081 [info] Auto Sync: Triggered by Activity
2024-12-22 19:57:42.082 [info] Sync started.
2024-12-22 19:57:42.209 [info] Settings: No changes found during synchronizing settings.
2024-12-22 19:57:42.211 [info] Keybindings: No changes found during synchronizing keybindings.
2024-12-22 19:57:42.213 [info] Snippets: No changes found during synchronizing snippets.
2024-12-22 19:57:42.214 [info] Tasks: No changes found during synchronizing tasks.
2024-12-22 19:57:42.216 [info] GlobalState: No changes found during synchronizing ui state.
2024-12-22 19:57:42.236 [info] Extensions: No changes found during synchronizing extensions.
2024-12-22 19:57:42.236 [info] Profiles: No changes found during synchronizing profiles.
2024-12-22 19:57:42.237 [info] Syncing profile. Jupyter
2024-12-22 19:57:42.241 [info] Settings (Jupyter): No changes found during synchronizing settings.
2024-12-22 19:57:42.242 [info] Keybindings (Jupyter): No changes found during synchronizing keybindings.
2024-12-22 19:57:42.245 [info] Snippets (Jupyter): No changes found during synchronizing snippets.
2024-12-22 19:57:42.247 [info] Tasks (Jupyter): No changes found during synchronizing tasks.
2024-12-22 19:57:42.249 [info] GlobalState (Jupyter): No changes found during synchronizing ui state.
2024-12-22 19:57:42.280 [info] Extensions (Jupyter): No changes found during synchronizing extensions.
2024-12-22 19:57:42.281 [info] Syncing profile. Python
2024-12-22 19:57:42.492 [info] Settings (Python): Updated remote settings
2024-12-22 19:57:42.506 [info] Settings (Python): Updated last synchronized settings
2024-12-22 19:57:42.508 [info] Keybindings (Python): No changes found during synchronizing keybindings.
2024-12-22 19:57:42.510 [info] Snippets (Python): No changes found during synchronizing snippets.
2024-12-22 19:57:42.512 [info] Tasks (Python): No changes found during synchronizing tasks.
2024-12-22 19:57:42.934 [info] GlobalState (Python): Updated remote ui state. Updated: colorThemeData.
2024-12-22 19:57:42.946 [info] GlobalState (Python): Updated last synchronized ui state
2024-12-22 19:57:42.986 [info] Extensions (Python): No changes found during synchronizing extensions.
2024-12-22 19:57:42.990 [info] Sync done. Took 910ms
2024-12-22 19:59:13.790 [info] Auto Sync: Triggered by Activity
2024-12-22 19:59:13.791 [info] Sync started.
2024-12-22 19:59:13.939 [info] Settings: No changes found during synchronizing settings.
2024-12-22 19:59:13.941 [info] Keybindings: No changes found during synchronizing keybindings.
2024-12-22 19:59:13.943 [info] Snippets: No changes found during synchronizing snippets.
2024-12-22 19:59:13.944 [info] Tasks: No changes found during synchronizing tasks.
2024-12-22 19:59:13.947 [info] GlobalState: No changes found during synchronizing ui state.
2024-12-22 19:59:13.967 [info] Extensions: No changes found during synchronizing extensions.
2024-12-22 19:59:13.969 [info] Profiles: No changes found during synchronizing profiles.
2024-12-22 19:59:13.970 [info] Syncing profile. Jupyter
2024-12-22 19:59:13.974 [info] Settings (Jupyter): No changes found during synchronizing settings.
2024-12-22 19:59:13.976 [info] Keybindings (Jupyter): No changes found during synchronizing keybindings.
2024-12-22 19:59:13.978 [info] Snippets (Jupyter): No changes found during synchronizing snippets.
2024-12-22 19:59:13.980 [info] Tasks (Jupyter): No changes found during synchronizing tasks.
2024-12-22 19:59:13.982 [info] GlobalState (Jupyter): No changes found during synchronizing ui state.
2024-12-22 19:59:14.015 [info] Extensions (Jupyter): No changes found during synchronizing extensions.
2024-12-22 19:59:14.017 [info] Syncing profile. Python
2024-12-22 19:59:14.031 [info] Settings (Python): No changes found during synchronizing settings.
2024-12-22 19:59:14.033 [info] Keybindings (Python): No changes found during synchronizing keybindings.
2024-12-22 19:59:14.036 [info] Snippets (Python): No changes found during synchronizing snippets.
2024-12-22 19:59:14.038 [info] Tasks (Python): No changes found during synchronizing tasks.
2024-12-22 19:59:14.041 [info] GlobalState (Python): No changes found during synchronizing ui state.
2024-12-22 19:59:14.081 [info] Extensions (Python): No changes found during synchronizing extensions.
2024-12-22 19:59:14.081 [info] Sync done. Took 292ms
2024-12-22 19:59:51.240 [info] Auto Sync: Triggered by Activity
2024-12-22 19:59:51.241 [info] Sync started.
2024-12-22 19:59:51.376 [info] Settings: No changes found during synchronizing settings.
2024-12-22 19:59:51.378 [info] Keybindings: No changes found during synchronizing keybindings.
2024-12-22 19:59:51.381 [info] Snippets: No changes found during synchronizing snippets.
2024-12-22 19:59:51.382 [info] Tasks: No changes found during synchronizing tasks.
2024-12-22 19:59:51.386 [info] GlobalState: No changes found during synchronizing ui state.
2024-12-22 19:59:51.405 [info] Extensions: No changes found during synchronizing extensions.
2024-12-22 19:59:51.406 [info] Profiles: No changes found during synchronizing profiles.
2024-12-22 19:59:51.407 [info] Syncing profile. Jupyter
2024-12-22 19:59:51.430 [info] Settings (Jupyter): No changes found during synchronizing settings.
2024-12-22 19:59:51.444 [info] Keybindings (Jupyter): No changes found during synchronizing keybindings.
2024-12-22 19:59:51.465 [info] Snippets (Jupyter): No changes found during synchronizing snippets.
2024-12-22 19:59:51.494 [info] Tasks (Jupyter): No changes found during synchronizing tasks.
2024-12-22 19:59:51.497 [info] GlobalState (Jupyter): No changes found during synchronizing ui state.
2024-12-22 19:59:51.554 [info] Extensions (Jupyter): No changes found during synchronizing extensions.
2024-12-22 19:59:51.555 [info] Syncing profile. Python
2024-12-22 19:59:51.635 [info] Settings (Python): No changes found during synchronizing settings.
2024-12-22 19:59:51.639 [info] Keybindings (Python): No changes found during synchronizing keybindings.
2024-12-22 19:59:51.644 [info] Snippets (Python): No changes found during synchronizing snippets.
2024-12-22 19:59:51.647 [info] Tasks (Python): No changes found during synchronizing tasks.
2024-12-22 19:59:52.096 [info] GlobalState (Python): Updated remote ui state. Updated: colorThemeData.
2024-12-22 19:59:52.109 [info] GlobalState (Python): Updated last synchronized ui state
2024-12-22 19:59:52.345 [info] Extensions (Python): Updated remote extensions. Added: ["bonchol.nordic-vscode"].
2024-12-22 19:59:52.347 [info] Extensions (Python): Updated last synchronized extensions.
2024-12-22 19:59:52.348 [info] Sync done. Took 1108ms
2024-12-22 20:00:14.656 [info] Auto Sync: Triggered by Activity
2024-12-22 20:00:14.657 [info] Sync started.
2024-12-22 20:00:14.804 [info] Settings: No changes found during synchronizing settings.
2024-12-22 20:00:14.806 [info] Keybindings: No changes found during synchronizing keybindings.
2024-12-22 20:00:14.808 [info] Snippets: No changes found during synchronizing snippets.
2024-12-22 20:00:14.809 [info] Tasks: No changes found during synchronizing tasks.
2024-12-22 20:00:14.812 [info] GlobalState: No changes found during synchronizing ui state.
2024-12-22 20:00:14.830 [info] Extensions: No changes found during synchronizing extensions.
2024-12-22 20:00:14.831 [info] Profiles: No changes found during synchronizing profiles.
2024-12-22 20:00:14.832 [info] Syncing profile. Jupyter
2024-12-22 20:00:14.849 [info] Settings (Jupyter): No changes found during synchronizing settings.
2024-12-22 20:00:14.851 [info] Keybindings (Jupyter): No changes found during synchronizing keybindings.
2024-12-22 20:00:14.854 [info] Snippets (Jupyter): No changes found during synchronizing snippets.
2024-12-22 20:00:14.856 [info] Tasks (Jupyter): No changes found during synchronizing tasks.
2024-12-22 20:00:14.858 [info] GlobalState (Jupyter): No changes found during synchronizing ui state.
2024-12-22 20:00:14.887 [info] Extensions (Jupyter): No changes found during synchronizing extensions.
2024-12-22 20:00:14.887 [info] Syncing profile. Python
2024-12-22 20:00:14.918 [info] Settings (Python): No changes found during synchronizing settings.
2024-12-22 20:00:14.921 [info] Keybindings (Python): No changes found during synchronizing keybindings.
2024-12-22 20:00:14.923 [info] Snippets (Python): No changes found during synchronizing snippets.
2024-12-22 20:00:14.925 [info] Tasks (Python): No changes found during synchronizing tasks.
2024-12-22 20:00:15.366 [info] GlobalState (Python): Updated remote ui state. Updated: colorThemeData.
2024-12-22 20:00:15.378 [info] GlobalState (Python): Updated last synchronized ui state
2024-12-22 20:00:15.616 [info] Extensions (Python): Updated remote extensions. Added: ["arcticicestudio.nord-visual-studio-code"].
2024-12-22 20:00:15.618 [info] Extensions (Python): Updated last synchronized extensions.
2024-12-22 20:00:15.619 [info] Sync done. Took 962ms
2024-12-22 20:01:10.901 [info] Auto Sync: Triggered by Activity
2024-12-22 20:01:10.901 [info] Sync started.
2024-12-22 20:01:11.037 [info] Settings: No changes found during synchronizing settings.
2024-12-22 20:01:11.039 [info] Keybindings: No changes found during synchronizing keybindings.
2024-12-22 20:01:11.040 [info] Snippets: No changes found during synchronizing snippets.
2024-12-22 20:01:11.041 [info] Tasks: No changes found during synchronizing tasks.
2024-12-22 20:01:11.044 [info] GlobalState: No changes found during synchronizing ui state.
2024-12-22 20:01:11.062 [info] Extensions: No changes found during synchronizing extensions.
2024-12-22 20:01:11.062 [info] Profiles: No changes found during synchronizing profiles.
2024-12-22 20:01:11.063 [info] Syncing profile. Jupyter
2024-12-22 20:01:11.067 [info] Settings (Jupyter): No changes found during synchronizing settings.
2024-12-22 20:01:11.069 [info] Keybindings (Jupyter): No changes found during synchronizing keybindings.
2024-12-22 20:01:11.071 [info] Snippets (Jupyter): No changes found during synchronizing snippets.
2024-12-22 20:01:11.073 [info] Tasks (Jupyter): No changes found during synchronizing tasks.
2024-12-22 20:01:11.075 [info] GlobalState (Jupyter): No changes found during synchronizing ui state.
2024-12-22 20:01:11.107 [info] Extensions (Jupyter): No changes found during synchronizing extensions.
2024-12-22 20:01:11.107 [info] Syncing profile. Python
2024-12-22 20:01:11.333 [info] Settings (Python): Updated remote settings
2024-12-22 20:01:11.346 [info] Settings (Python): Updated last synchronized settings
2024-12-22 20:01:11.347 [info] Keybindings (Python): No changes found during synchronizing keybindings.
2024-12-22 20:01:11.350 [info] Snippets (Python): No changes found during synchronizing snippets.
2024-12-22 20:01:11.352 [info] Tasks (Python): No changes found during synchronizing tasks.
2024-12-22 20:01:11.354 [info] GlobalState (Python): No changes found during synchronizing ui state.
2024-12-22 20:01:11.392 [info] Extensions (Python): No changes found during synchronizing extensions.
2024-12-22 20:01:11.392 [info] Sync done. Took 492ms
2024-12-22 20:01:37.256 [info] Auto Sync: Triggered by Activity
2024-12-22 20:01:37.256 [info] Sync started.
2024-12-22 20:01:37.425 [info] Settings: No changes found during synchronizing settings.
2024-12-22 20:01:37.427 [info] Keybindings: No changes found during synchronizing keybindings.
2024-12-22 20:01:37.429 [info] Snippets: No changes found during synchronizing snippets.
2024-12-22 20:01:37.431 [info] Tasks: No changes found during synchronizing tasks.
2024-12-22 20:01:37.434 [info] GlobalState: No changes found during synchronizing ui state.
2024-12-22 20:01:37.452 [info] Extensions: No changes found during synchronizing extensions.
2024-12-22 20:01:37.453 [info] Profiles: No changes found during synchronizing profiles.
2024-12-22 20:01:37.454 [info] Syncing profile. Jupyter
2024-12-22 20:01:37.457 [info] Settings (Jupyter): No changes found during synchronizing settings.
2024-12-22 20:01:37.459 [info] Keybindings (Jupyter): No changes found during synchronizing keybindings.
2024-12-22 20:01:37.463 [info] Snippets (Jupyter): No changes found during synchronizing snippets.
2024-12-22 20:01:37.465 [info] Tasks (Jupyter): No changes found during synchronizing tasks.
2024-12-22 20:01:37.467 [info] GlobalState (Jupyter): No changes found during synchronizing ui state.
2024-12-22 20:01:37.498 [info] Extensions (Jupyter): No changes found during synchronizing extensions.
2024-12-22 20:01:37.499 [info] Syncing profile. Python
2024-12-22 20:01:37.705 [info] Settings (Python): Updated remote settings
2024-12-22 20:01:37.718 [info] Settings (Python): Updated last synchronized settings
2024-12-22 20:01:37.720 [info] Keybindings (Python): No changes found during synchronizing keybindings.
2024-12-22 20:01:37.723 [info] Snippets (Python): No changes found during synchronizing snippets.
2024-12-22 20:01:37.725 [info] Tasks (Python): No changes found during synchronizing tasks.
2024-12-22 20:01:38.153 [info] GlobalState (Python): Updated remote ui state. Updated: colorThemeData.
2024-12-22 20:01:38.166 [info] GlobalState (Python): Updated last synchronized ui state
2024-12-22 20:01:38.206 [info] Extensions (Python): No changes found during synchronizing extensions.
2024-12-22 20:01:38.207 [info] Sync done. Took 951ms
2024-12-22 20:02:39.235 [info] Auto Sync: Triggered by Activity
2024-12-22 20:02:39.235 [info] Sync started.
2024-12-22 20:02:39.364 [info] Settings: No changes found during synchronizing settings.
2024-12-22 20:02:39.366 [info] Keybindings: No changes found during synchronizing keybindings.
2024-12-22 20:02:39.367 [info] Snippets: No changes found during synchronizing snippets.
2024-12-22 20:02:39.368 [info] Tasks: No changes found during synchronizing tasks.
2024-12-22 20:02:39.371 [info] GlobalState: No changes found during synchronizing ui state.
2024-12-22 20:02:39.389 [info] Extensions: No changes found during synchronizing extensions.
2024-12-22 20:02:39.390 [info] Profiles: No changes found during synchronizing profiles.
2024-12-22 20:02:39.390 [info] Syncing profile. Jupyter
2024-12-22 20:02:39.394 [info] Settings (Jupyter): No changes found during synchronizing settings.
2024-12-22 20:02:39.396 [info] Keybindings (Jupyter): No changes found during synchronizing keybindings.
2024-12-22 20:02:39.399 [info] Snippets (Jupyter): No changes found during synchronizing snippets.
2024-12-22 20:02:39.401 [info] Tasks (Jupyter): No changes found during synchronizing tasks.
2024-12-22 20:02:39.403 [info] GlobalState (Jupyter): No changes found during synchronizing ui state.
2024-12-22 20:02:39.434 [info] Extensions (Jupyter): No changes found during synchronizing extensions.
2024-12-22 20:02:39.434 [info] Syncing profile. Python
2024-12-22 20:02:39.638 [info] Settings (Python): Updated remote settings
2024-12-22 20:02:39.651 [info] Settings (Python): Updated last synchronized settings
2024-12-22 20:02:39.653 [info] Keybindings (Python): No changes found during synchronizing keybindings.
2024-12-22 20:02:39.655 [info] Snippets (Python): No changes found during synchronizing snippets.
2024-12-22 20:02:39.657 [info] Tasks (Python): No changes found during synchronizing tasks.
2024-12-22 20:02:40.085 [info] GlobalState (Python): Updated remote ui state. Updated: colorThemeData.
2024-12-22 20:02:40.098 [info] GlobalState (Python): Updated last synchronized ui state
2024-12-22 20:02:40.155 [info] Extensions (Python): No changes found during synchronizing extensions.
2024-12-22 20:02:40.156 [info] Sync done. Took 922ms
2024-12-22 20:02:55.984 [info] Auto Sync: Triggered by Activity
2024-12-22 20:02:55.984 [info] Sync started.
2024-12-22 20:02:56.123 [info] Settings: No changes found during synchronizing settings.
2024-12-22 20:02:56.125 [info] Keybindings: No changes found during synchronizing keybindings.
2024-12-22 20:02:56.126 [info] Snippets: No changes found during synchronizing snippets.
2024-12-22 20:02:56.128 [info] Tasks: No changes found during synchronizing tasks.
2024-12-22 20:02:56.131 [info] GlobalState: No changes found during synchronizing ui state.
2024-12-22 20:02:56.154 [info] Extensions: No changes found during synchronizing extensions.
2024-12-22 20:02:56.155 [info] Profiles: No changes found during synchronizing profiles.
2024-12-22 20:02:56.155 [info] Syncing profile. Jupyter
2024-12-22 20:02:56.160 [info] Settings (Jupyter): No changes found during synchronizing settings.
2024-12-22 20:02:56.162 [info] Keybindings (Jupyter): No changes found during synchronizing keybindings.
2024-12-22 20:02:56.166 [info] Snippets (Jupyter): No changes found during synchronizing snippets.
2024-12-22 20:02:56.167 [info] Tasks (Jupyter): No changes found during synchronizing tasks.
2024-12-22 20:02:56.170 [info] GlobalState (Jupyter): No changes found during synchronizing ui state.
2024-12-22 20:02:56.196 [info] Extensions (Jupyter): No changes found during synchronizing extensions.
2024-12-22 20:02:56.197 [info] Syncing profile. Python
2024-12-22 20:02:56.392 [info] Settings (Python): Updated remote settings
2024-12-22 20:02:56.406 [info] Settings (Python): Updated last synchronized settings
2024-12-22 20:02:56.408 [info] Keybindings (Python): No changes found during synchronizing keybindings.
2024-12-22 20:02:56.411 [info] Snippets (Python): No changes found during synchronizing snippets.
2024-12-22 20:02:56.412 [info] Tasks (Python): No changes found during synchronizing tasks.
2024-12-22 20:02:56.821 [info] GlobalState (Python): Updated remote ui state. Updated: colorThemeData.
2024-12-22 20:02:56.834 [info] GlobalState (Python): Updated last synchronized ui state
2024-12-22 20:02:56.872 [info] Extensions (Python): No changes found during synchronizing extensions.
2024-12-22 20:02:56.873 [info] Sync done. Took 889ms
2024-12-22 20:03:08.918 [info] Auto Sync: Triggered by Activity
2024-12-22 20:03:08.918 [info] Sync started.
2024-12-22 20:03:09.096 [info] Settings: No changes found during synchronizing settings.
2024-12-22 20:03:09.098 [info] Keybindings: No changes found during synchronizing keybindings.
2024-12-22 20:03:09.100 [info] Snippets: No changes found during synchronizing snippets.
2024-12-22 20:03:09.101 [info] Tasks: No changes found during synchronizing tasks.
2024-12-22 20:03:09.104 [info] GlobalState: No changes found during synchronizing ui state.
2024-12-22 20:03:09.120 [info] Extensions: No changes found during synchronizing extensions.
2024-12-22 20:03:09.123 [info] Profiles: No changes found during synchronizing profiles.
2024-12-22 20:03:09.123 [info] Syncing profile. Jupyter
2024-12-22 20:03:09.128 [info] Settings (Jupyter): No changes found during synchronizing settings.
2024-12-22 20:03:09.130 [info] Keybindings (Jupyter): No changes found during synchronizing keybindings.
2024-12-22 20:03:09.134 [info] Snippets (Jupyter): No changes found during synchronizing snippets.
2024-12-22 20:03:09.136 [info] Tasks (Jupyter): No changes found during synchronizing tasks.
2024-12-22 20:03:09.138 [info] GlobalState (Jupyter): No changes found during synchronizing ui state.
2024-12-22 20:03:09.166 [info] Extensions (Jupyter): No changes found during synchronizing extensions.
2024-12-22 20:03:09.166 [info] Syncing profile. Python
2024-12-22 20:03:09.173 [info] Settings (Python): No changes found during synchronizing settings.
2024-12-22 20:03:09.177 [info] Keybindings (Python): No changes found during synchronizing keybindings.
2024-12-22 20:03:09.180 [info] Snippets (Python): No changes found during synchronizing snippets.
2024-12-22 20:03:09.182 [info] Tasks (Python): No changes found during synchronizing tasks.
2024-12-22 20:03:09.184 [info] GlobalState (Python): No changes found during synchronizing ui state.
2024-12-22 20:03:09.223 [info] Extensions (Python): No changes found during synchronizing extensions.
2024-12-22 20:03:09.224 [info] Sync done. Took 307ms
2024-12-22 20:04:30.576 [info] Auto Sync: Triggered by Activity
2024-12-22 20:04:30.576 [info] Sync started.
2024-12-22 20:04:30.728 [info] Settings: No changes found during synchronizing settings.
2024-12-22 20:04:30.730 [info] Keybindings: No changes found during synchronizing keybindings.
2024-12-22 20:04:30.732 [info] Snippets: No changes found during synchronizing snippets.
2024-12-22 20:04:30.734 [info] Tasks: No changes found during synchronizing tasks.
2024-12-22 20:04:30.737 [info] GlobalState: No changes found during synchronizing ui state.
2024-12-22 20:04:30.757 [info] Extensions: No changes found during synchronizing extensions.
2024-12-22 20:04:30.757 [info] Profiles: No changes found during synchronizing profiles.
2024-12-22 20:04:30.758 [info] Syncing profile. Jupyter
2024-12-22 20:04:30.762 [info] Settings (Jupyter): No changes found during synchronizing settings.
2024-12-22 20:04:30.764 [info] Keybindings (Jupyter): No changes found during synchronizing keybindings.
2024-12-22 20:04:30.767 [info] Snippets (Jupyter): No changes found during synchronizing snippets.
2024-12-22 20:04:30.769 [info] Tasks (Jupyter): No changes found during synchronizing tasks.
2024-12-22 20:04:30.771 [info] GlobalState (Jupyter): No changes found during synchronizing ui state.
2024-12-22 20:04:30.810 [info] Extensions (Jupyter): No changes found during synchronizing extensions.
2024-12-22 20:04:30.810 [info] Syncing profile. Python
2024-12-22 20:04:30.824 [info] Settings (Python): No changes found during synchronizing settings.
2024-12-22 20:04:30.827 [info] Keybindings (Python): No changes found during synchronizing keybindings.
2024-12-22 20:04:30.830 [info] Snippets (Python): No changes found during synchronizing snippets.
2024-12-22 20:04:30.831 [info] Tasks (Python): No changes found during synchronizing tasks.
2024-12-22 20:04:30.834 [info] GlobalState (Python): No changes found during synchronizing ui state.
2024-12-22 20:04:30.877 [info] Extensions (Python): No changes found during synchronizing extensions.
2024-12-22 20:04:30.878 [info] Sync done. Took 303ms
2024-12-22 20:06:54.122 [info] Auto Sync: Triggered by Activity
2024-12-22 20:06:54.122 [info] Sync started.
2024-12-22 20:06:54.656 [info] Settings: No changes found during synchronizing settings.
2024-12-22 20:06:54.659 [info] Keybindings: No changes found during synchronizing keybindings.
2024-12-22 20:06:54.660 [info] Snippets: No changes found during synchronizing snippets.
2024-12-22 20:06:54.662 [info] Tasks: No changes found during synchronizing tasks.
2024-12-22 20:06:54.666 [info] GlobalState: No changes found during synchronizing ui state.
2024-12-22 20:06:54.685 [info] Extensions: No changes found during synchronizing extensions.
2024-12-22 20:06:54.686 [info] Profiles: No changes found during synchronizing profiles.
2024-12-22 20:06:54.686 [info] Syncing profile. Jupyter
2024-12-22 20:06:54.690 [info] Settings (Jupyter): No changes found during synchronizing settings.
2024-12-22 20:06:54.692 [info] Keybindings (Jupyter): No changes found during synchronizing keybindings.
2024-12-22 20:06:54.695 [info] Snippets (Jupyter): No changes found during synchronizing snippets.
2024-12-22 20:06:54.696 [info] Tasks (Jupyter): No changes found during synchronizing tasks.
2024-12-22 20:06:54.699 [info] GlobalState (Jupyter): No changes found during synchronizing ui state.
2024-12-22 20:06:54.739 [info] Extensions (Jupyter): No changes found during synchronizing extensions.
2024-12-22 20:06:54.743 [info] Syncing profile. Python
2024-12-22 20:06:54.751 [info] Settings (Python): No changes found during synchronizing settings.
2024-12-22 20:06:54.753 [info] Keybindings (Python): No changes found during synchronizing keybindings.
2024-12-22 20:06:54.756 [info] Snippets (Python): No changes found during synchronizing snippets.
2024-12-22 20:06:54.758 [info] Tasks (Python): No changes found during synchronizing tasks.
2024-12-22 20:06:54.761 [info] GlobalState (Python): No changes found during synchronizing ui state.
2024-12-22 20:06:54.798 [info] Extensions (Python): No changes found during synchronizing extensions.
2024-12-22 20:06:54.799 [info] Sync done. Took 678ms
2024-12-22 20:07:47.300 [info] Auto Sync: Triggered by Activity
2024-12-22 20:07:47.300 [info] Sync started.
2024-12-22 20:07:47.459 [info] Settings: No changes found during synchronizing settings.
2024-12-22 20:07:47.461 [info] Keybindings: No changes found during synchronizing keybindings.
2024-12-22 20:07:47.463 [info] Snippets: No changes found during synchronizing snippets.
2024-12-22 20:07:47.465 [info] Tasks: No changes found during synchronizing tasks.
2024-12-22 20:07:47.468 [info] GlobalState: No changes found during synchronizing ui state.
2024-12-22 20:07:47.484 [info] Extensions: No changes found during synchronizing extensions.
2024-12-22 20:07:47.486 [info] Profiles: No changes found during synchronizing profiles.
2024-12-22 20:07:47.486 [info] Syncing profile. Jupyter
2024-12-22 20:07:47.490 [info] Settings (Jupyter): No changes found during synchronizing settings.
2024-12-22 20:07:47.492 [info] Keybindings (Jupyter): No changes found during synchronizing keybindings.
2024-12-22 20:07:47.495 [info] Snippets (Jupyter): No changes found during synchronizing snippets.
2024-12-22 20:07:47.497 [info] Tasks (Jupyter): No changes found during synchronizing tasks.
2024-12-22 20:07:47.500 [info] GlobalState (Jupyter): No changes found during synchronizing ui state.
2024-12-22 20:07:47.529 [info] Extensions (Jupyter): No changes found during synchronizing extensions.
2024-12-22 20:07:47.529 [info] Syncing profile. Python
2024-12-22 20:07:47.536 [info] Settings (Python): No changes found during synchronizing settings.
2024-12-22 20:07:47.537 [info] Keybindings (Python): No changes found during synchronizing keybindings.
2024-12-22 20:07:47.540 [info] Snippets (Python): No changes found during synchronizing snippets.
2024-12-22 20:07:47.541 [info] Tasks (Python): No changes found during synchronizing tasks.
2024-12-22 20:07:47.544 [info] GlobalState (Python): No changes found during synchronizing ui state.
2024-12-22 20:07:47.589 [info] Extensions (Python): No changes found during synchronizing extensions.
2024-12-22 20:07:47.589 [info] Sync done. Took 290ms
2024-12-22 20:08:52.921 [info] Auto Sync: Triggered by Activity
2024-12-22 20:08:52.922 [info] Sync started.
2024-12-22 20:08:53.075 [info] Settings: No changes found during synchronizing settings.
2024-12-22 20:08:53.079 [info] Keybindings: No changes found during synchronizing keybindings.
2024-12-22 20:08:53.081 [info] Snippets: No changes found during synchronizing snippets.
2024-12-22 20:08:53.083 [info] Tasks: No changes found during synchronizing tasks.
2024-12-22 20:08:53.087 [info] GlobalState: No changes found during synchronizing ui state.
2024-12-22 20:08:53.113 [info] Extensions: No changes found during synchronizing extensions.
2024-12-22 20:08:53.114 [info] Profiles: No changes found during synchronizing profiles.
2024-12-22 20:08:53.115 [info] Syncing profile. Jupyter
2024-12-22 20:08:53.118 [info] Settings (Jupyter): No changes found during synchronizing settings.
2024-12-22 20:08:53.120 [info] Keybindings (Jupyter): No changes found during synchronizing keybindings.
2024-12-22 20:08:53.124 [info] Snippets (Jupyter): No changes found during synchronizing snippets.
2024-12-22 20:08:53.126 [info] Tasks (Jupyter): No changes found during synchronizing tasks.
2024-12-22 20:08:53.128 [info] GlobalState (Jupyter): No changes found during synchronizing ui state.
2024-12-22 20:08:53.162 [info] Extensions (Jupyter): No changes found during synchronizing extensions.
2024-12-22 20:08:53.162 [info] Syncing profile. Python
2024-12-22 20:08:53.171 [info] Settings (Python): No changes found during synchronizing settings.
2024-12-22 20:08:53.173 [info] Keybindings (Python): No changes found during synchronizing keybindings.
2024-12-22 20:08:53.175 [info] Snippets (Python): No changes found during synchronizing snippets.
2024-12-22 20:08:53.177 [info] Tasks (Python): No changes found during synchronizing tasks.
2024-12-22 20:08:53.179 [info] GlobalState (Python): No changes found during synchronizing ui state.
2024-12-22 20:08:53.219 [info] Extensions (Python): No changes found during synchronizing extensions.
2024-12-22 20:08:53.220 [info] Sync done. Took 300ms
2024-12-22 20:09:09.664 [info] Auto Sync: Triggered by Activity
2024-12-22 20:09:09.664 [info] Sync started.
2024-12-22 20:09:09.821 [info] Settings: No changes found during synchronizing settings.
2024-12-22 20:09:09.823 [info] Keybindings: No changes found during synchronizing keybindings.
2024-12-22 20:09:09.825 [info] Snippets: No changes found during synchronizing snippets.
2024-12-22 20:09:09.827 [info] Tasks: No changes found during synchronizing tasks.
2024-12-22 20:09:09.831 [info] GlobalState: No changes found during synchronizing ui state.
2024-12-22 20:09:09.853 [info] Extensions: No changes found during synchronizing extensions.
2024-12-22 20:09:09.854 [info] Profiles: No changes found during synchronizing profiles.
2024-12-22 20:09:09.855 [info] Syncing profile. Jupyter
2024-12-22 20:09:09.860 [info] Settings (Jupyter): No changes found during synchronizing settings.
2024-12-22 20:09:09.862 [info] Keybindings (Jupyter): No changes found during synchronizing keybindings.
2024-12-22 20:09:09.866 [info] Snippets (Jupyter): No changes found during synchronizing snippets.
2024-12-22 20:09:09.867 [info] Tasks (Jupyter): No changes found during synchronizing tasks.
2024-12-22 20:09:09.870 [info] GlobalState (Jupyter): No changes found during synchronizing ui state.
2024-12-22 20:09:09.917 [info] Extensions (Jupyter): No changes found during synchronizing extensions.
2024-12-22 20:09:09.917 [info] Syncing profile. Python
2024-12-22 20:09:09.927 [info] Settings (Python): No changes found during synchronizing settings.
2024-12-22 20:09:09.928 [info] Keybindings (Python): No changes found during synchronizing keybindings.
2024-12-22 20:09:09.931 [info] Snippets (Python): No changes found during synchronizing snippets.
2024-12-22 20:09:09.932 [info] Tasks (Python): No changes found during synchronizing tasks.
2024-12-22 20:09:09.935 [info] GlobalState (Python): No changes found during synchronizing ui state.
2024-12-22 20:09:09.978 [info] Extensions (Python): No changes found during synchronizing extensions.
2024-12-22 20:09:09.978 [info] Sync done. Took 315ms
2024-12-22 20:09:40.063 [info] Auto Sync: Triggered by Activity
2024-12-22 20:09:40.063 [info] Sync started.
2024-12-22 20:09:40.216 [info] Settings: No changes found during synchronizing settings.
2024-12-22 20:09:40.218 [info] Keybindings: No changes found during synchronizing keybindings.
2024-12-22 20:09:40.222 [info] Snippets: No changes found during synchronizing snippets.
2024-12-22 20:09:40.224 [info] Tasks: No changes found during synchronizing tasks.
2024-12-22 20:09:40.228 [info] GlobalState: No changes found during synchronizing ui state.
2024-12-22 20:09:40.250 [info] Extensions: No changes found during synchronizing extensions.
2024-12-22 20:09:40.254 [info] Profiles: No changes found during synchronizing profiles.
2024-12-22 20:09:40.260 [info] Syncing profile. Jupyter
2024-12-22 20:09:40.274 [info] Settings (Jupyter): No changes found during synchronizing settings.
2024-12-22 20:09:40.277 [info] Keybindings (Jupyter): No changes found during synchronizing keybindings.
2024-12-22 20:09:40.281 [info] Snippets (Jupyter): No changes found during synchronizing snippets.
2024-12-22 20:09:40.286 [info] Tasks (Jupyter): No changes found during synchronizing tasks.
2024-12-22 20:09:40.289 [info] GlobalState (Jupyter): No changes found during synchronizing ui state.
2024-12-22 20:09:40.322 [info] Extensions (Jupyter): No changes found during synchronizing extensions.
2024-12-22 20:09:40.323 [info] Syncing profile. Python
2024-12-22 20:09:40.331 [info] Settings (Python): No changes found during synchronizing settings.
2024-12-22 20:09:40.333 [info] Keybindings (Python): No changes found during synchronizing keybindings.
2024-12-22 20:09:40.336 [info] Snippets (Python): No changes found during synchronizing snippets.
2024-12-22 20:09:40.337 [info] Tasks (Python): No changes found during synchronizing tasks.
2024-12-22 20:09:40.340 [info] GlobalState (Python): No changes found during synchronizing ui state.
2024-12-22 20:09:40.392 [info] Extensions (Python): No changes found during synchronizing extensions.
2024-12-22 20:09:40.393 [info] Sync done. Took 331ms
2024-12-22 20:10:02.147 [info] Auto Sync: Triggered by Activity
2024-12-22 20:10:02.148 [info] Sync started.
2024-12-22 20:10:02.301 [info] Settings: No changes found during synchronizing settings.
2024-12-22 20:10:02.303 [info] Keybindings: No changes found during synchronizing keybindings.
2024-12-22 20:10:02.305 [info] Snippets: No changes found during synchronizing snippets.
2024-12-22 20:10:02.307 [info] Tasks: No changes found during synchronizing tasks.
2024-12-22 20:10:02.310 [info] GlobalState: No changes found during synchronizing ui state.
2024-12-22 20:10:02.327 [info] Extensions: No changes found during synchronizing extensions.
2024-12-22 20:10:02.328 [info] Profiles: No changes found during synchronizing profiles.
2024-12-22 20:10:02.328 [info] Syncing profile. Jupyter
2024-12-22 20:10:02.334 [info] Settings (Jupyter): No changes found during synchronizing settings.
2024-12-22 20:10:02.338 [info] Keybindings (Jupyter): No changes found during synchronizing keybindings.
2024-12-22 20:10:02.341 [info] Snippets (Jupyter): No changes found during synchronizing snippets.
2024-12-22 20:10:02.343 [info] Tasks (Jupyter): No changes found during synchronizing tasks.
2024-12-22 20:10:02.345 [info] GlobalState (Jupyter): No changes found during synchronizing ui state.
2024-12-22 20:10:02.374 [info] Extensions (Jupyter): No changes found during synchronizing extensions.
2024-12-22 20:10:02.375 [info] Syncing profile. Python
2024-12-22 20:10:02.382 [info] Settings (Python): No changes found during synchronizing settings.
2024-12-22 20:10:02.384 [info] Keybindings (Python): No changes found during synchronizing keybindings.
2024-12-22 20:10:02.387 [info] Snippets (Python): No changes found during synchronizing snippets.
2024-12-22 20:10:02.389 [info] Tasks (Python): No changes found during synchronizing tasks.
2024-12-22 20:10:02.392 [info] GlobalState (Python): No changes found during synchronizing ui state.
2024-12-22 20:10:02.438 [info] Extensions (Python): No changes found during synchronizing extensions.
2024-12-22 20:10:02.439 [info] Sync done. Took 292ms
2024-12-22 20:15:02.440 [info] Auto Sync: Triggered by Interval
2024-12-22 20:15:02.441 [info] Sync started.
2024-12-22 20:15:02.966 [info] Settings: No changes found during synchronizing settings.
2024-12-22 20:15:02.969 [info] Keybindings: No changes found during synchronizing keybindings.
2024-12-22 20:15:02.970 [info] Snippets: No changes found during synchronizing snippets.
2024-12-22 20:15:02.972 [info] Tasks: No changes found during synchronizing tasks.
2024-12-22 20:15:02.975 [info] GlobalState: No changes found during synchronizing ui state.
2024-12-22 20:15:03.001 [info] Extensions: No changes found during synchronizing extensions.
2024-12-22 20:15:03.002 [info] Profiles: No changes found during synchronizing profiles.
2024-12-22 20:15:03.003 [info] Syncing profile. Jupyter
2024-12-22 20:15:03.022 [info] Settings (Jupyter): No changes found during synchronizing settings.
2024-12-22 20:15:03.027 [info] Keybindings (Jupyter): No changes found during synchronizing keybindings.
2024-12-22 20:15:03.031 [info] Snippets (Jupyter): No changes found during synchronizing snippets.
2024-12-22 20:15:03.033 [info] Tasks (Jupyter): No changes found during synchronizing tasks.
2024-12-22 20:15:03.035 [info] GlobalState (Jupyter): No changes found during synchronizing ui state.
2024-12-22 20:15:03.070 [info] Extensions (Jupyter): No changes found during synchronizing extensions.
2024-12-22 20:15:03.071 [info] Syncing profile. Python
2024-12-22 20:15:03.079 [info] Settings (Python): No changes found during synchronizing settings.
2024-12-22 20:15:03.082 [info] Keybindings (Python): No changes found during synchronizing keybindings.
2024-12-22 20:15:03.086 [info] Snippets (Python): No changes found during synchronizing snippets.
2024-12-22 20:15:03.088 [info] Tasks (Python): No changes found during synchronizing tasks.
2024-12-22 20:15:03.090 [info] GlobalState (Python): No changes found during synchronizing ui state.
2024-12-22 20:15:03.131 [info] Extensions (Python): No changes found during synchronizing extensions.
2024-12-22 20:15:03.131 [info] Sync done. Took 692ms
2024-12-22 20:20:03.133 [info] Auto Sync: Triggered by Interval
2024-12-22 20:20:03.133 [info] Sync started.
2024-12-22 20:20:03.676 [info] Settings: No changes found during synchronizing settings.
2024-12-22 20:20:03.684 [info] Keybindings: No changes found during synchronizing keybindings.
2024-12-22 20:20:03.690 [info] Snippets: No changes found during synchronizing snippets.
2024-12-22 20:20:03.692 [info] Tasks: No changes found during synchronizing tasks.
2024-12-22 20:20:03.696 [info] GlobalState: No changes found during synchronizing ui state.
2024-12-22 20:20:03.723 [info] Extensions: No changes found during synchronizing extensions.
2024-12-22 20:20:03.725 [info] Profiles: No changes found during synchronizing profiles.
2024-12-22 20:20:03.728 [info] Syncing profile. Jupyter
2024-12-22 20:20:03.739 [info] Settings (Jupyter): No changes found during synchronizing settings.
2024-12-22 20:20:03.742 [info] Keybindings (Jupyter): No changes found during synchronizing keybindings.
2024-12-22 20:20:03.746 [info] Snippets (Jupyter): No changes found during synchronizing snippets.
2024-12-22 20:20:03.751 [info] Tasks (Jupyter): No changes found during synchronizing tasks.
2024-12-22 20:20:03.755 [info] GlobalState (Jupyter): No changes found during synchronizing ui state.
2024-12-22 20:20:03.796 [info] Extensions (Jupyter): No changes found during synchronizing extensions.
2024-12-22 20:20:03.797 [info] Syncing profile. Python
2024-12-22 20:20:03.805 [info] Settings (Python): No changes found during synchronizing settings.
2024-12-22 20:20:03.808 [info] Keybindings (Python): No changes found during synchronizing keybindings.
2024-12-22 20:20:03.813 [info] Snippets (Python): No changes found during synchronizing snippets.
2024-12-22 20:20:03.815 [info] Tasks (Python): No changes found during synchronizing tasks.
2024-12-22 20:20:03.818 [info] GlobalState (Python): No changes found during synchronizing ui state.
2024-12-22 20:20:03.873 [info] Extensions (Python): No changes found during synchronizing extensions.
2024-12-22 20:20:03.874 [info] Sync done. Took 742ms
2024-12-22 20:25:03.875 [info] Auto Sync: Triggered by Interval
2024-12-22 20:25:03.875 [info] Sync started.
2024-12-22 20:25:04.407 [info] Settings: No changes found during synchronizing settings.
2024-12-22 20:25:04.409 [info] Keybindings: No changes found during synchronizing keybindings.
2024-12-22 20:25:04.411 [info] Snippets: No changes found during synchronizing snippets.
2024-12-22 20:25:04.413 [info] Tasks: No changes found during synchronizing tasks.
2024-12-22 20:25:04.416 [info] GlobalState: No changes found during synchronizing ui state.
2024-12-22 20:25:04.434 [info] Extensions: No changes found during synchronizing extensions.
2024-12-22 20:25:04.436 [info] Profiles: No changes found during synchronizing profiles.
2024-12-22 20:25:04.437 [info] Syncing profile. Jupyter
2024-12-22 20:25:04.443 [info] Settings (Jupyter): No changes found during synchronizing settings.
2024-12-22 20:25:04.448 [info] Keybindings (Jupyter): No changes found during synchronizing keybindings.
2024-12-22 20:25:04.451 [info] Snippets (Jupyter): No changes found during synchronizing snippets.
2024-12-22 20:25:04.453 [info] Tasks (Jupyter): No changes found during synchronizing tasks.
2024-12-22 20:25:04.455 [info] GlobalState (Jupyter): No changes found during synchronizing ui state.
2024-12-22 20:25:04.488 [info] Extensions (Jupyter): No changes found during synchronizing extensions.
2024-12-22 20:25:04.489 [info] Syncing profile. Python
2024-12-22 20:25:04.501 [info] Settings (Python): No changes found during synchronizing settings.
2024-12-22 20:25:04.505 [info] Keybindings (Python): No changes found during synchronizing keybindings.
2024-12-22 20:25:04.509 [info] Snippets (Python): No changes found during synchronizing snippets.
2024-12-22 20:25:04.511 [info] Tasks (Python): No changes found during synchronizing tasks.
2024-12-22 20:25:04.514 [info] GlobalState (Python): No changes found during synchronizing ui state.
2024-12-22 20:25:04.561 [info] Extensions (Python): No changes found during synchronizing extensions.
2024-12-22 20:25:04.562 [info] Sync done. Took 687ms
2024-12-22 20:30:04.563 [info] Auto Sync: Triggered by Interval
2024-12-22 20:30:04.563 [info] Sync started.
2024-12-22 20:30:05.125 [info] Settings: No changes found during synchronizing settings.
2024-12-22 20:30:05.127 [info] Keybindings: No changes found during synchronizing keybindings.
2024-12-22 20:30:05.130 [info] Snippets: No changes found during synchronizing snippets.
2024-12-22 20:30:05.140 [info] Tasks: No changes found during synchronizing tasks.
2024-12-22 20:30:05.147 [info] GlobalState: No changes found during synchronizing ui state.
2024-12-22 20:30:05.194 [info] Extensions: No changes found during synchronizing extensions.
2024-12-22 20:30:05.209 [info] Profiles: No changes found during synchronizing profiles.
2024-12-22 20:30:05.210 [info] Syncing profile. Jupyter
2024-12-22 20:30:05.218 [info] Settings (Jupyter): No changes found during synchronizing settings.
2024-12-22 20:30:05.221 [info] Keybindings (Jupyter): No changes found during synchronizing keybindings.
2024-12-22 20:30:05.224 [info] Snippets (Jupyter): No changes found during synchronizing snippets.
2024-12-22 20:30:05.226 [info] Tasks (Jupyter): No changes found during synchronizing tasks.
2024-12-22 20:30:05.228 [info] GlobalState (Jupyter): No changes found during synchronizing ui state.
2024-12-22 20:30:05.258 [info] Extensions (Jupyter): No changes found during synchronizing extensions.
2024-12-22 20:30:05.262 [info] Syncing profile. Python
2024-12-22 20:30:05.270 [info] Settings (Python): No changes found during synchronizing settings.
2024-12-22 20:30:05.272 [info] Keybindings (Python): No changes found during synchronizing keybindings.
2024-12-22 20:30:05.275 [info] Snippets (Python): No changes found during synchronizing snippets.
2024-12-22 20:30:05.277 [info] Tasks (Python): No changes found during synchronizing tasks.
2024-12-22 20:30:05.279 [info] GlobalState (Python): No changes found during synchronizing ui state.
2024-12-22 20:30:05.321 [info] Extensions (Python): No changes found during synchronizing extensions.
2024-12-22 20:30:05.321 [info] Sync done. Took 759ms
2024-12-22 20:35:05.323 [info] Auto Sync: Triggered by Interval
2024-12-22 20:35:05.323 [info] Sync started.
2024-12-22 20:35:05.843 [info] Settings: No changes found during synchronizing settings.
2024-12-22 20:35:05.845 [info] Keybindings: No changes found during synchronizing keybindings.
2024-12-22 20:35:05.847 [info] Snippets: No changes found during synchronizing snippets.
2024-12-22 20:35:05.849 [info] Tasks: No changes found during synchronizing tasks.
2024-12-22 20:35:05.853 [info] GlobalState: No changes found during synchronizing ui state.
2024-12-22 20:35:05.874 [info] Extensions: No changes found during synchronizing extensions.
2024-12-22 20:35:05.875 [info] Profiles: No changes found during synchronizing profiles.
2024-12-22 20:35:05.876 [info] Syncing profile. Jupyter
2024-12-22 20:35:05.882 [info] Settings (Jupyter): No changes found during synchronizing settings.
2024-12-22 20:35:05.885 [info] Keybindings (Jupyter): No changes found during synchronizing keybindings.
2024-12-22 20:35:05.889 [info] Snippets (Jupyter): No changes found during synchronizing snippets.
2024-12-22 20:35:05.891 [info] Tasks (Jupyter): No changes found during synchronizing tasks.
2024-12-22 20:35:05.893 [info] GlobalState (Jupyter): No changes found during synchronizing ui state.
2024-12-22 20:35:05.932 [info] Extensions (Jupyter): No changes found during synchronizing extensions.
2024-12-22 20:35:05.933 [info] Syncing profile. Python
2024-12-22 20:35:05.944 [info] Settings (Python): No changes found during synchronizing settings.
2024-12-22 20:35:05.948 [info] Keybindings (Python): No changes found during synchronizing keybindings.
2024-12-22 20:35:05.952 [info] Snippets (Python): No changes found during synchronizing snippets.
2024-12-22 20:35:05.954 [info] Tasks (Python): No changes found during synchronizing tasks.
2024-12-22 20:35:05.957 [info] GlobalState (Python): No changes found during synchronizing ui state.
2024-12-22 20:35:06.008 [info] Extensions (Python): No changes found during synchronizing extensions.
2024-12-22 20:35:06.009 [info] Sync done. Took 687ms
2024-12-22 20:40:06.010 [info] Auto Sync: Triggered by Interval
2024-12-22 20:40:06.010 [info] Sync started.
2024-12-22 20:40:06.559 [info] Settings: No changes found during synchronizing settings.
2024-12-22 20:40:06.561 [info] Keybindings: No changes found during synchronizing keybindings.
2024-12-22 20:40:06.563 [info] Snippets: No changes found during synchronizing snippets.
2024-12-22 20:40:06.565 [info] Tasks: No changes found during synchronizing tasks.
2024-12-22 20:40:06.569 [info] GlobalState: No changes found during synchronizing ui state.
2024-12-22 20:40:06.590 [info] Extensions: No changes found during synchronizing extensions.
2024-12-22 20:40:06.593 [info] Profiles: No changes found during synchronizing profiles.
2024-12-22 20:40:06.594 [info] Syncing profile. Jupyter
2024-12-22 20:40:06.602 [info] Settings (Jupyter): No changes found during synchronizing settings.
2024-12-22 20:40:06.604 [info] Keybindings (Jupyter): No changes found during synchronizing keybindings.
2024-12-22 20:40:06.608 [info] Snippets (Jupyter): No changes found during synchronizing snippets.
2024-12-22 20:40:06.611 [info] Tasks (Jupyter): No changes found during synchronizing tasks.
2024-12-22 20:40:06.613 [info] GlobalState (Jupyter): No changes found during synchronizing ui state.
2024-12-22 20:40:06.657 [info] Extensions (Jupyter): No changes found during synchronizing extensions.
2024-12-22 20:40:06.657 [info] Syncing profile. Python
2024-12-22 20:40:06.664 [info] Settings (Python): No changes found during synchronizing settings.
2024-12-22 20:40:06.666 [info] Keybindings (Python): No changes found during synchronizing keybindings.
2024-12-22 20:40:06.670 [info] Snippets (Python): No changes found during synchronizing snippets.
2024-12-22 20:40:06.672 [info] Tasks (Python): No changes found during synchronizing tasks.
2024-12-22 20:40:06.675 [info] GlobalState (Python): No changes found during synchronizing ui state.
2024-12-22 20:40:06.737 [info] Extensions (Python): No changes found during synchronizing extensions.
2024-12-22 20:40:06.738 [info] Sync done. Took 728ms
2024-12-22 20:45:06.739 [info] Auto Sync: Triggered by Interval
2024-12-22 20:45:06.739 [info] Sync started.
2024-12-22 20:45:07.298 [info] Settings: No changes found during synchronizing settings.
2024-12-22 20:45:07.304 [info] Keybindings: No changes found during synchronizing keybindings.
2024-12-22 20:45:07.312 [info] Snippets: No changes found during synchronizing snippets.
2024-12-22 20:45:07.315 [info] Tasks: No changes found during synchronizing tasks.
2024-12-22 20:45:07.319 [info] GlobalState: No changes found during synchronizing ui state.
2024-12-22 20:45:07.379 [info] Extensions: No changes found during synchronizing extensions.
2024-12-22 20:45:07.385 [info] Profiles: No changes found during synchronizing profiles.
2024-12-22 20:45:07.397 [info] Syncing profile. Jupyter
2024-12-22 20:45:07.417 [info] Settings (Jupyter): No changes found during synchronizing settings.
2024-12-22 20:45:07.422 [info] Keybindings (Jupyter): No changes found during synchronizing keybindings.
2024-12-22 20:45:07.426 [info] Snippets (Jupyter): No changes found during synchronizing snippets.
2024-12-22 20:45:07.429 [info] Tasks (Jupyter): No changes found during synchronizing tasks.
2024-12-22 20:45:07.432 [info] GlobalState (Jupyter): No changes found during synchronizing ui state.
2024-12-22 20:45:07.476 [info] Extensions (Jupyter): No changes found during synchronizing extensions.
2024-12-22 20:45:07.477 [info] Syncing profile. Python
2024-12-22 20:45:07.489 [info] Settings (Python): No changes found during synchronizing settings.
2024-12-22 20:45:07.494 [info] Keybindings (Python): No changes found during synchronizing keybindings.
2024-12-22 20:45:07.498 [info] Snippets (Python): No changes found during synchronizing snippets.
2024-12-22 20:45:07.500 [info] Tasks (Python): No changes found during synchronizing tasks.
2024-12-22 20:45:07.503 [info] GlobalState (Python): No changes found during synchronizing ui state.
2024-12-22 20:45:07.553 [info] Extensions (Python): No changes found during synchronizing extensions.
2024-12-22 20:45:07.554 [info] Sync done. Took 815ms
2024-12-22 20:50:07.555 [info] Auto Sync: Triggered by Interval
2024-12-22 20:50:07.555 [info] Sync started.
2024-12-22 20:50:08.082 [info] Settings: No changes found during synchronizing settings.
2024-12-22 20:50:08.084 [info] Keybindings: No changes found during synchronizing keybindings.
2024-12-22 20:50:08.086 [info] Snippets: No changes found during synchronizing snippets.
2024-12-22 20:50:08.088 [info] Tasks: No changes found during synchronizing tasks.
2024-12-22 20:50:08.091 [info] GlobalState: No changes found during synchronizing ui state.
2024-12-22 20:50:08.109 [info] Extensions: No changes found during synchronizing extensions.
2024-12-22 20:50:08.111 [info] Profiles: No changes found during synchronizing profiles.
2024-12-22 20:50:08.112 [info] Syncing profile. Jupyter
2024-12-22 20:50:08.118 [info] Settings (Jupyter): No changes found during synchronizing settings.
2024-12-22 20:50:08.123 [info] Keybindings (Jupyter): No changes found during synchronizing keybindings.
2024-12-22 20:50:08.126 [info] Snippets (Jupyter): No changes found during synchronizing snippets.
2024-12-22 20:50:08.127 [info] Tasks (Jupyter): No changes found during synchronizing tasks.
2024-12-22 20:50:08.129 [info] GlobalState (Jupyter): No changes found during synchronizing ui state.
2024-12-22 20:50:08.161 [info] Extensions (Jupyter): No changes found during synchronizing extensions.
2024-12-22 20:50:08.161 [info] Syncing profile. Python
2024-12-22 20:50:08.168 [info] Settings (Python): No changes found during synchronizing settings.
2024-12-22 20:50:08.170 [info] Keybindings (Python): No changes found during synchronizing keybindings.
2024-12-22 20:50:08.173 [info] Snippets (Python): No changes found during synchronizing snippets.
2024-12-22 20:50:08.175 [info] Tasks (Python): No changes found during synchronizing tasks.
2024-12-22 20:50:08.178 [info] GlobalState (Python): No changes found during synchronizing ui state.
2024-12-22 20:50:08.220 [info] Extensions (Python): No changes found during synchronizing extensions.
2024-12-22 20:50:08.220 [info] Sync done. Took 666ms
2024-12-22 20:55:08.221 [info] Auto Sync: Triggered by Interval
2024-12-22 20:55:08.222 [info] Sync started.
2024-12-22 20:55:08.763 [info] Settings: No changes found during synchronizing settings.
2024-12-22 20:55:08.765 [info] Keybindings: No changes found during synchronizing keybindings.
2024-12-22 20:55:08.767 [info] Snippets: No changes found during synchronizing snippets.
2024-12-22 20:55:08.768 [info] Tasks: No changes found during synchronizing tasks.
2024-12-22 20:55:08.771 [info] GlobalState: No changes found during synchronizing ui state.
2024-12-22 20:55:08.789 [info] Extensions: No changes found during synchronizing extensions.
2024-12-22 20:55:08.790 [info] Profiles: No changes found during synchronizing profiles.
2024-12-22 20:55:08.790 [info] Syncing profile. Jupyter
2024-12-22 20:55:08.794 [info] Settings (Jupyter): No changes found during synchronizing settings.
2024-12-22 20:55:08.796 [info] Keybindings (Jupyter): No changes found during synchronizing keybindings.
2024-12-22 20:55:08.799 [info] Snippets (Jupyter): No changes found during synchronizing snippets.
2024-12-22 20:55:08.800 [info] Tasks (Jupyter): No changes found during synchronizing tasks.
2024-12-22 20:55:08.802 [info] GlobalState (Jupyter): No changes found during synchronizing ui state.
2024-12-22 20:55:08.837 [info] Extensions (Jupyter): No changes found during synchronizing extensions.
2024-12-22 20:55:08.837 [info] Syncing profile. Python
2024-12-22 20:55:08.847 [info] Settings (Python): No changes found during synchronizing settings.
2024-12-22 20:55:08.850 [info] Keybindings (Python): No changes found during synchronizing keybindings.
2024-12-22 20:55:08.853 [info] Snippets (Python): No changes found during synchronizing snippets.
2024-12-22 20:55:08.854 [info] Tasks (Python): No changes found during synchronizing tasks.
2024-12-22 20:55:08.857 [info] GlobalState (Python): No changes found during synchronizing ui state.
2024-12-22 20:55:08.896 [info] Extensions (Python): No changes found during synchronizing extensions.
2024-12-22 20:55:08.897 [info] Sync done. Took 677ms
2024-12-22 21:00:08.898 [info] Auto Sync: Triggered by Interval
2024-12-22 21:00:08.898 [info] Sync started.
2024-12-22 21:00:09.444 [info] Settings: No changes found during synchronizing settings.
2024-12-22 21:00:09.446 [info] Keybindings: No changes found during synchronizing keybindings.
2024-12-22 21:00:09.448 [info] Snippets: No changes found during synchronizing snippets.
2024-12-22 21:00:09.450 [info] Tasks: No changes found during synchronizing tasks.
2024-12-22 21:00:09.453 [info] GlobalState: No changes found during synchronizing ui state.
2024-12-22 21:00:09.478 [info] Extensions: No changes found during synchronizing extensions.
2024-12-22 21:00:09.479 [info] Profiles: No changes found during synchronizing profiles.
2024-12-22 21:00:09.480 [info] Syncing profile. Jupyter
2024-12-22 21:00:09.490 [info] Settings (Jupyter): No changes found during synchronizing settings.
2024-12-22 21:00:09.493 [info] Keybindings (Jupyter): No changes found during synchronizing keybindings.
2024-12-22 21:00:09.496 [info] Snippets (Jupyter): No changes found during synchronizing snippets.
2024-12-22 21:00:09.497 [info] Tasks (Jupyter): No changes found during synchronizing tasks.
2024-12-22 21:00:09.499 [info] GlobalState (Jupyter): No changes found during synchronizing ui state.
2024-12-22 21:00:09.534 [info] Extensions (Jupyter): No changes found during synchronizing extensions.
2024-12-22 21:00:09.534 [info] Syncing profile. Python
2024-12-22 21:00:09.553 [info] Settings (Python): No changes found during synchronizing settings.
2024-12-22 21:00:09.557 [info] Keybindings (Python): No changes found during synchronizing keybindings.
2024-12-22 21:00:09.559 [info] Snippets (Python): No changes found during synchronizing snippets.
2024-12-22 21:00:09.561 [info] Tasks (Python): No changes found during synchronizing tasks.
2024-12-22 21:00:09.563 [info] GlobalState (Python): No changes found during synchronizing ui state.
2024-12-22 21:00:09.613 [info] Extensions (Python): No changes found during synchronizing extensions.
2024-12-22 21:00:09.614 [info] Sync done. Took 716ms
2024-12-22 21:05:09.616 [info] Auto Sync: Triggered by Interval
2024-12-22 21:05:09.616 [info] Sync started.
2024-12-22 21:05:10.164 [info] Settings: No changes found during synchronizing settings.
2024-12-22 21:05:10.166 [info] Keybindings: No changes found during synchronizing keybindings.
2024-12-22 21:05:10.176 [info] Snippets: No changes found during synchronizing snippets.
2024-12-22 21:05:10.178 [info] Tasks: No changes found during synchronizing tasks.
2024-12-22 21:05:10.181 [info] GlobalState: No changes found during synchronizing ui state.
2024-12-22 21:05:10.202 [info] Extensions: No changes found during synchronizing extensions.
2024-12-22 21:05:10.205 [info] Profiles: No changes found during synchronizing profiles.
2024-12-22 21:05:10.206 [info] Syncing profile. Jupyter
2024-12-22 21:05:10.217 [info] Settings (Jupyter): No changes found during synchronizing settings.
2024-12-22 21:05:10.219 [info] Keybindings (Jupyter): No changes found during synchronizing keybindings.
2024-12-22 21:05:10.222 [info] Snippets (Jupyter): No changes found during synchronizing snippets.
2024-12-22 21:05:10.224 [info] Tasks (Jupyter): No changes found during synchronizing tasks.
2024-12-22 21:05:10.226 [info] GlobalState (Jupyter): No changes found during synchronizing ui state.
2024-12-22 21:05:10.258 [info] Extensions (Jupyter): No changes found during synchronizing extensions.
2024-12-22 21:05:10.258 [info] Syncing profile. Python
2024-12-22 21:05:10.265 [info] Settings (Python): No changes found during synchronizing settings.
2024-12-22 21:05:10.268 [info] Keybindings (Python): No changes found during synchronizing keybindings.
2024-12-22 21:05:10.272 [info] Snippets (Python): No changes found during synchronizing snippets.
2024-12-22 21:05:10.274 [info] Tasks (Python): No changes found during synchronizing tasks.
2024-12-22 21:05:10.277 [info] GlobalState (Python): No changes found during synchronizing ui state.
2024-12-22 21:05:10.322 [info] Extensions (Python): No changes found during synchronizing extensions.
2024-12-22 21:05:10.323 [info] Sync done. Took 707ms
2024-12-22 21:10:10.323 [info] Auto Sync: Triggered by Interval
2024-12-22 21:10:10.324 [info] Sync started.
2024-12-22 21:10:10.843 [info] Settings: No changes found during synchronizing settings.
2024-12-22 21:10:10.845 [info] Keybindings: No changes found during synchronizing keybindings.
2024-12-22 21:10:10.847 [info] Snippets: No changes found during synchronizing snippets.
2024-12-22 21:10:10.849 [info] Tasks: No changes found during synchronizing tasks.
2024-12-22 21:10:10.853 [info] GlobalState: No changes found during synchronizing ui state.
2024-12-22 21:10:10.872 [info] Extensions: No changes found during synchronizing extensions.
2024-12-22 21:10:10.874 [info] Profiles: No changes found during synchronizing profiles.
2024-12-22 21:10:10.875 [info] Syncing profile. Jupyter
2024-12-22 21:10:10.881 [info] Settings (Jupyter): No changes found during synchronizing settings.
2024-12-22 21:10:10.886 [info] Keybindings (Jupyter): No changes found during synchronizing keybindings.
2024-12-22 21:10:10.888 [info] Snippets (Jupyter): No changes found during synchronizing snippets.
2024-12-22 21:10:10.890 [info] Tasks (Jupyter): No changes found during synchronizing tasks.
2024-12-22 21:10:10.892 [info] GlobalState (Jupyter): No changes found during synchronizing ui state.
2024-12-22 21:10:10.924 [info] Extensions (Jupyter): No changes found during synchronizing extensions.
2024-12-22 21:10:10.924 [info] Syncing profile. Python
2024-12-22 21:10:10.931 [info] Settings (Python): No changes found during synchronizing settings.
2024-12-22 21:10:10.933 [info] Keybindings (Python): No changes found during synchronizing keybindings.
2024-12-22 21:10:10.936 [info] Snippets (Python): No changes found during synchronizing snippets.
2024-12-22 21:10:10.938 [info] Tasks (Python): No changes found during synchronizing tasks.
2024-12-22 21:10:10.940 [info] GlobalState (Python): No changes found during synchronizing ui state.
2024-12-22 21:10:10.985 [info] Extensions (Python): No changes found during synchronizing extensions.
2024-12-22 21:10:10.985 [info] Sync done. Took 663ms
2024-12-22 21:15:10.987 [info] Auto Sync: Triggered by Interval
2024-12-22 21:15:10.987 [info] Sync started.
2024-12-22 21:15:11.546 [info] Settings: No changes found during synchronizing settings.
2024-12-22 21:15:11.548 [info] Keybindings: No changes found during synchronizing keybindings.
2024-12-22 21:15:11.549 [info] Snippets: No changes found during synchronizing snippets.
2024-12-22 21:15:11.551 [info] Tasks: No changes found during synchronizing tasks.
2024-12-22 21:15:11.554 [info] GlobalState: No changes found during synchronizing ui state.
2024-12-22 21:15:11.571 [info] Extensions: No changes found during synchronizing extensions.
2024-12-22 21:15:11.572 [info] Profiles: No changes found during synchronizing profiles.
2024-12-22 21:15:11.573 [info] Syncing profile. Jupyter
2024-12-22 21:15:11.577 [info] Settings (Jupyter): No changes found during synchronizing settings.
2024-12-22 21:15:11.579 [info] Keybindings (Jupyter): No changes found during synchronizing keybindings.
2024-12-22 21:15:11.585 [info] Snippets (Jupyter): No changes found during synchronizing snippets.
2024-12-22 21:15:11.588 [info] Tasks (Jupyter): No changes found during synchronizing tasks.
2024-12-22 21:15:11.591 [info] GlobalState (Jupyter): No changes found during synchronizing ui state.
2024-12-22 21:15:11.625 [info] Extensions (Jupyter): No changes found during synchronizing extensions.
2024-12-22 21:15:11.626 [info] Syncing profile. Python
2024-12-22 21:15:11.636 [info] Settings (Python): No changes found during synchronizing settings.
2024-12-22 21:15:11.641 [info] Keybindings (Python): No changes found during synchronizing keybindings.
2024-12-22 21:15:11.645 [info] Snippets (Python): No changes found during synchronizing snippets.
2024-12-22 21:15:11.649 [info] Tasks (Python): No changes found during synchronizing tasks.
2024-12-22 21:15:11.651 [info] GlobalState (Python): No changes found during synchronizing ui state.
2024-12-22 21:15:11.694 [info] Extensions (Python): No changes found during synchronizing extensions.
2024-12-22 21:15:11.695 [info] Sync done. Took 709ms
2024-12-22 21:20:11.696 [info] Auto Sync: Triggered by Interval
2024-12-22 21:20:11.696 [info] Sync started.
2024-12-22 21:20:12.246 [info] Settings: No changes found during synchronizing settings.
2024-12-22 21:20:12.249 [info] Keybindings: No changes found during synchronizing keybindings.
2024-12-22 21:20:12.251 [info] Snippets: No changes found during synchronizing snippets.
2024-12-22 21:20:12.253 [info] Tasks: No changes found during synchronizing tasks.
2024-12-22 21:20:12.257 [info] GlobalState: No changes found during synchronizing ui state.
2024-12-22 21:20:12.276 [info] Extensions: No changes found during synchronizing extensions.
2024-12-22 21:20:12.277 [info] Profiles: No changes found during synchronizing profiles.
2024-12-22 21:20:12.278 [info] Syncing profile. Jupyter
2024-12-22 21:20:12.291 [info] Settings (Jupyter): No changes found during synchronizing settings.
2024-12-22 21:20:12.292 [info] Keybindings (Jupyter): No changes found during synchronizing keybindings.
2024-12-22 21:20:12.295 [info] Snippets (Jupyter): No changes found during synchronizing snippets.
2024-12-22 21:20:12.296 [info] Tasks (Jupyter): No changes found during synchronizing tasks.
2024-12-22 21:20:12.298 [info] GlobalState (Jupyter): No changes found during synchronizing ui state.
2024-12-22 21:20:12.330 [info] Extensions (Jupyter): No changes found during synchronizing extensions.
2024-12-22 21:20:12.331 [info] Syncing profile. Python
2024-12-22 21:20:12.340 [info] Settings (Python): No changes found during synchronizing settings.
2024-12-22 21:20:12.351 [info] Keybindings (Python): No changes found during synchronizing keybindings.
2024-12-22 21:20:12.356 [info] Snippets (Python): No changes found during synchronizing snippets.
2024-12-22 21:20:12.359 [info] Tasks (Python): No changes found during synchronizing tasks.
2024-12-22 21:20:12.364 [info] GlobalState (Python): No changes found during synchronizing ui state.
2024-12-22 21:20:12.423 [info] Extensions (Python): No changes found during synchronizing extensions.
2024-12-22 21:20:12.424 [info] Sync done. Took 728ms
2024-12-22 21:25:12.426 [info] Auto Sync: Triggered by Interval
2024-12-22 21:25:12.426 [info] Sync started.
2024-12-22 21:25:12.965 [info] Settings: No changes found during synchronizing settings.
2024-12-22 21:25:12.967 [info] Keybindings: No changes found during synchronizing keybindings.
2024-12-22 21:25:12.970 [info] Snippets: No changes found during synchronizing snippets.
2024-12-22 21:25:12.972 [info] Tasks: No changes found during synchronizing tasks.
2024-12-22 21:25:12.974 [info] GlobalState: No changes found during synchronizing ui state.
2024-12-22 21:25:12.994 [info] Extensions: No changes found during synchronizing extensions.
2024-12-22 21:25:12.995 [info] Profiles: No changes found during synchronizing profiles.
2024-12-22 21:25:12.995 [info] Syncing profile. Jupyter
2024-12-22 21:25:13.000 [info] Settings (Jupyter): No changes found during synchronizing settings.
2024-12-22 21:25:13.002 [info] Keybindings (Jupyter): No changes found during synchronizing keybindings.
2024-12-22 21:25:13.004 [info] Snippets (Jupyter): No changes found during synchronizing snippets.
2024-12-22 21:25:13.006 [info] Tasks (Jupyter): No changes found during synchronizing tasks.
2024-12-22 21:25:13.008 [info] GlobalState (Jupyter): No changes found during synchronizing ui state.
2024-12-22 21:25:13.043 [info] Extensions (Jupyter): No changes found during synchronizing extensions.
2024-12-22 21:25:13.043 [info] Syncing profile. Python
2024-12-22 21:25:13.062 [info] Settings (Python): No changes found during synchronizing settings.
2024-12-22 21:25:13.064 [info] Keybindings (Python): No changes found during synchronizing keybindings.
2024-12-22 21:25:13.066 [info] Snippets (Python): No changes found during synchronizing snippets.
2024-12-22 21:25:13.068 [info] Tasks (Python): No changes found during synchronizing tasks.
2024-12-22 21:25:13.070 [info] GlobalState (Python): No changes found during synchronizing ui state.
2024-12-22 21:25:13.111 [info] Extensions (Python): No changes found during synchronizing extensions.
2024-12-22 21:25:13.112 [info] Sync done. Took 687ms
2024-12-22 21:27:18.305 [info] Auto Sync: Triggered by Activity
2024-12-22 21:27:18.305 [info] Sync started.
2024-12-22 21:27:18.443 [info] Settings: No changes found during synchronizing settings.
2024-12-22 21:27:18.446 [info] Keybindings: No changes found during synchronizing keybindings.
2024-12-22 21:27:18.448 [info] Snippets: No changes found during synchronizing snippets.
2024-12-22 21:27:18.450 [info] Tasks: No changes found during synchronizing tasks.
2024-12-22 21:27:18.452 [info] GlobalState: No changes found during synchronizing ui state.
2024-12-22 21:27:18.479 [info] Extensions: No changes found during synchronizing extensions.
2024-12-22 21:27:18.480 [info] Profiles: No changes found during synchronizing profiles.
2024-12-22 21:27:18.481 [info] Syncing profile. Jupyter
2024-12-22 21:27:18.486 [info] Settings (Jupyter): No changes found during synchronizing settings.
2024-12-22 21:27:18.489 [info] Keybindings (Jupyter): No changes found during synchronizing keybindings.
2024-12-22 21:27:18.493 [info] Snippets (Jupyter): No changes found during synchronizing snippets.
2024-12-22 21:27:18.496 [info] Tasks (Jupyter): No changes found during synchronizing tasks.
2024-12-22 21:27:18.498 [info] GlobalState (Jupyter): No changes found during synchronizing ui state.
2024-12-22 21:27:18.536 [info] Extensions (Jupyter): No changes found during synchronizing extensions.
2024-12-22 21:27:18.539 [info] Syncing profile. Python
2024-12-22 21:27:18.551 [info] Settings (Python): No changes found during synchronizing settings.
2024-12-22 21:27:18.553 [info] Keybindings (Python): No changes found during synchronizing keybindings.
2024-12-22 21:27:18.557 [info] Snippets (Python): No changes found during synchronizing snippets.
2024-12-22 21:27:18.559 [info] Tasks (Python): No changes found during synchronizing tasks.
2024-12-22 21:27:18.562 [info] GlobalState (Python): No changes found during synchronizing ui state.
2024-12-22 21:27:18.609 [info] Extensions (Python): No changes found during synchronizing extensions.
2024-12-22 21:27:18.609 [info] Sync done. Took 305ms
