2024-12-22 19:07:17.122 [info] Reading sessions from keychain...
2024-12-22 19:07:17.122 [info] Getting sessions for all scopes...
2024-12-22 19:07:17.122 [info] Getting sessions for all scopes...
2024-12-22 19:07:17.177 [info] Getting sessions for all scopes...
2024-12-22 19:07:17.177 [info] Getting sessions for all scopes...
2024-12-22 19:07:17.177 [info] Getting sessions for all scopes...
2024-12-22 19:07:17.177 [info] Getting sessions for all scopes...
2024-12-22 19:07:17.177 [info] Getting sessions for all scopes...
2024-12-22 19:07:17.192 [info] Got stored sessions!
2024-12-22 19:07:17.192 [info] Got 2 verified sessions.
2024-12-22 19:07:17.192 [info] Got 2 sessions for ...
2024-12-22 19:07:17.192 [info] Got 2 sessions for ...
2024-12-22 19:07:17.192 [info] Got 2 sessions for ...
2024-12-22 19:07:17.192 [info] Got 2 sessions for ...
2024-12-22 19:07:17.192 [info] Got 2 sessions for ...
2024-12-22 19:07:17.192 [info] Got 2 sessions for ...
2024-12-22 19:07:17.192 [info] Got 2 sessions for ...
2024-12-22 19:07:17.244 [info] Getting sessions for all scopes...
2024-12-22 19:07:17.244 [info] Got 2 sessions for ...
2024-12-22 19:07:17.376 [info] Getting sessions for user:email...
2024-12-22 19:07:17.376 [info] Got 1 sessions for user:email...
2024-12-22 19:07:20.076 [info] Getting sessions for read:user,repo,user:email,workflow...
2024-12-22 19:07:20.076 [info] Got 1 sessions for read:user,repo,user:email,workflow...
2024-12-22 19:07:20.123 [info] Getting sessions for all scopes...
2024-12-22 19:07:20.123 [info] Got 2 sessions for ...
2024-12-22 19:07:20.906 [info] Getting sessions for read:user,repo,user:email,workflow...
2024-12-22 19:07:20.906 [info] Got 1 sessions for read:user,repo,user:email,workflow...
