2024-12-22 19:33:01.835 [info] [main] Log level: Info
2024-12-22 19:33:01.835 [info] [main] Validating found git in: "git"
2024-12-22 19:33:01.835 [info] [main] Using git "2.43.0" from "git"
2024-12-22 19:33:01.835 [info] [Model][doInitialScan] Initial repository scan started
2024-12-22 19:33:01.835 [info] > git rev-parse --show-toplevel [10ms]
2024-12-22 19:33:01.835 [info] > git rev-parse --git-dir --git-common-dir [55ms]
2024-12-22 19:33:01.835 [info] [Model][openRepository] Opened repository: /home/alan/learning_python
2024-12-22 19:33:01.872 [info] > git rev-parse --show-toplevel [8ms]
2024-12-22 19:33:01.872 [info] > git config --get commit.template [29ms]
2024-12-22 19:33:02.048 [info] > git rev-parse --git-dir --git-common-dir [68ms]
2024-12-22 19:33:02.062 [info] [Model][openRepository] Opened repository: /home/alan/utfpr
2024-12-22 19:33:02.106 [info] > git for-each-ref --format=%(refname)%00%(upstream:short)%00%(objectname)%00%(upstream:track)%00%(upstream:remotename)%00%(upstream:remoteref) refs/heads/master refs/remotes/master [72ms]
2024-12-22 19:33:02.123 [info] > git rev-parse --show-toplevel [18ms]
2024-12-22 19:33:02.123 [info] > git config --get commit.template [26ms]
2024-12-22 19:33:02.411 [info] > git rev-parse --show-toplevel [126ms]
2024-12-22 19:33:02.445 [info] > git status -z -uall [20ms]
2024-12-22 19:33:02.446 [info] > git for-each-ref --format=%(refname)%00%(upstream:short)%00%(objectname)%00%(upstream:track)%00%(upstream:remotename)%00%(upstream:remoteref) refs/heads/master refs/remotes/master [36ms]
2024-12-22 19:33:02.450 [info] > git rev-parse --show-toplevel [5ms]
2024-12-22 19:33:02.450 [info] > git for-each-ref --sort -committerdate --format %(refname) %(objectname) %(*objectname) [15ms]
2024-12-22 19:33:02.545 [info] > git for-each-ref --format=%(refname)%00%(upstream:short)%00%(objectname)%00%(upstream:track)%00%(upstream:remotename)%00%(upstream:remoteref) refs/heads/master refs/remotes/master [84ms]
2024-12-22 19:33:02.585 [info] > git config --local branch.master.vscode-merge-base [24ms]
2024-12-22 19:33:02.598 [info] > git config --get commit.template [58ms]
2024-12-22 19:33:02.598 [info] > git rev-parse --show-toplevel [67ms]
2024-12-22 19:33:02.638 [info] > git for-each-ref --format=%(refname)%00%(upstream:short)%00%(objectname)%00%(upstream:track)%00%(upstream:remotename)%00%(upstream:remoteref) refs/heads/origin/master refs/remotes/origin/master [41ms]
2024-12-22 19:33:02.691 [info] > git status -z -uall [73ms]
2024-12-22 19:33:02.691 [info] > git check-ignore -v -z --stdin [20ms]
2024-12-22 19:33:02.692 [info] > git merge-base refs/heads/master refs/remotes/origin/master [41ms]
2024-12-22 19:33:02.701 [info] > git rev-parse --show-toplevel [64ms]
2024-12-22 19:33:02.702 [info] > git for-each-ref --sort -committerdate --format %(refname) %(objectname) %(*objectname) [73ms]
2024-12-22 19:33:02.739 [info] > git check-ignore -v -z --stdin [59ms]
2024-12-22 19:33:02.740 [info] > git for-each-ref --format=%(refname)%00%(upstream:short)%00%(objectname)%00%(upstream:track)%00%(upstream:remotename)%00%(upstream:remoteref) refs/heads/master refs/remotes/master [27ms]
2024-12-22 19:33:02.750 [info] > git diff --name-status -z --diff-filter=ADMR fa95585f9e5a1df4ec3f01b544a1634e139ea3bc...refs/remotes/origin/master [49ms]
2024-12-22 19:33:02.751 [info] > git for-each-ref --format=%(refname)%00%(upstream:short)%00%(objectname)%00%(upstream:track)%00%(upstream:remotename)%00%(upstream:remoteref) refs/heads/master refs/remotes/master [61ms]
2024-12-22 19:33:02.767 [info] > git config --local branch.master.vscode-merge-base [16ms]
2024-12-22 19:33:02.777 [info] > git config --get commit.template [41ms]
2024-12-22 19:33:02.778 [info] > git rev-parse --show-toplevel [53ms]
2024-12-22 19:33:02.806 [info] > git for-each-ref --format=%(refname)%00%(upstream:short)%00%(objectname)%00%(upstream:track)%00%(upstream:remotename)%00%(upstream:remoteref) refs/heads/origin/master refs/remotes/origin/master [29ms]
2024-12-22 19:33:02.836 [info] > git merge-base refs/heads/master refs/remotes/origin/master [18ms]
2024-12-22 19:33:02.848 [info] > git rev-parse --show-toplevel [45ms]
2024-12-22 19:33:02.910 [info] > git status -z -uall [25ms]
2024-12-22 19:33:02.911 [info] > git diff --name-status -z --diff-filter=ADMR 5a42459d9b58f33b376cc9ff738d92cab359b6d4...refs/remotes/origin/master [63ms]
2024-12-22 19:33:02.911 [info] > git for-each-ref --format=%(refname)%00%(upstream:short)%00%(objectname)%00%(upstream:track)%00%(upstream:remotename)%00%(upstream:remoteref) refs/heads/master refs/remotes/master [77ms]
2024-12-22 19:33:02.928 [info] > git rev-parse --show-toplevel [20ms]
2024-12-22 19:33:02.928 [info] > git for-each-ref --sort -committerdate --format %(refname) %(objectname) %(*objectname) [31ms]
2024-12-22 19:33:02.950 [info] > git rev-parse --show-toplevel [4ms]
2024-12-22 19:33:03.021 [info] > git for-each-ref --sort -committerdate --format %(refname) %(objectname) %(*objectname) [34ms]
2024-12-22 19:33:03.022 [info] > git rev-parse --show-toplevel [10ms]
2024-12-22 19:33:03.058 [info] > git rev-parse --show-toplevel [11ms]
2024-12-22 19:33:03.105 [info] > git status -z -uall [142ms]
2024-12-22 19:33:03.106 [info] > git rev-parse --show-toplevel [34ms]
2024-12-22 19:33:03.107 [info] [Model][doInitialScan] Initial repository scan completed - repositories (2), closed repositories (0), parent repositories (0), unsafe repositories (0)
2024-12-22 19:33:03.470 [info] > git fetch [1684ms]
2024-12-22 19:33:03.505 [info] > git config --get commit.template [20ms]
2024-12-22 19:33:03.545 [info] > git for-each-ref --format=%(refname)%00%(upstream:short)%00%(objectname)%00%(upstream:track)%00%(upstream:remotename)%00%(upstream:remoteref) refs/heads/master refs/remotes/master [29ms]
2024-12-22 19:33:03.603 [info] > git status -z -uall [12ms]
2024-12-22 19:33:03.609 [info] > git for-each-ref --sort -committerdate --format %(refname) %(objectname) %(*objectname) [5ms]
2024-12-22 19:33:03.674 [info] > git fetch [1612ms]
2024-12-22 19:33:03.688 [info] > git config --get commit.template [4ms]
2024-12-22 19:33:03.698 [info] > git for-each-ref --format=%(refname)%00%(upstream:short)%00%(objectname)%00%(upstream:track)%00%(upstream:remotename)%00%(upstream:remoteref) refs/heads/master refs/remotes/master [1ms]
2024-12-22 19:33:03.730 [info] > git for-each-ref --sort -committerdate --format %(refname) %(objectname) %(*objectname) [3ms]
2024-12-22 19:33:03.801 [info] > git status -z -uall [93ms]
2024-12-22 19:33:05.871 [info] > git config --get commit.template [3ms]
2024-12-22 19:33:05.892 [info] > git for-each-ref --format=%(refname)%00%(upstream:short)%00%(objectname)%00%(upstream:track)%00%(upstream:remotename)%00%(upstream:remoteref) refs/heads/master refs/remotes/master [11ms]
2024-12-22 19:33:05.912 [info] > git status -z -uall [11ms]
2024-12-22 19:33:05.912 [info] > git for-each-ref --sort -committerdate --format %(refname) %(objectname) %(*objectname) [1ms]
2024-12-22 19:54:23.212 [info] > git fetch [1630ms]
2024-12-22 19:54:23.222 [info] > git fetch [1628ms]
2024-12-22 19:54:23.233 [info] > git config --get commit.template [11ms]
2024-12-22 19:54:23.233 [info] > git config --get commit.template [2ms]
2024-12-22 19:54:23.253 [info] > git for-each-ref --format=%(refname)%00%(upstream:short)%00%(objectname)%00%(upstream:track)%00%(upstream:remotename)%00%(upstream:remoteref) refs/heads/master refs/remotes/master [11ms]
2024-12-22 19:54:23.272 [info] > git status -z -uall [10ms]
2024-12-22 19:54:23.273 [info] > git for-each-ref --format=%(refname)%00%(upstream:short)%00%(objectname)%00%(upstream:track)%00%(upstream:remotename)%00%(upstream:remoteref) refs/heads/master refs/remotes/master [21ms]
2024-12-22 19:54:23.273 [info] > git for-each-ref --sort -committerdate --format %(refname) %(objectname) %(*objectname) [2ms]
2024-12-22 19:54:23.308 [info] > git for-each-ref --sort -committerdate --format %(refname) %(objectname) %(*objectname) [2ms]
2024-12-22 19:54:23.343 [info] > git status -z -uall [60ms]
2024-12-22 19:54:26.632 [info] > git check-ignore -v -z --stdin [7ms]
2024-12-22 19:54:28.006 [info] > git show --textconv :04_estatistica/01_conceitos_basicos.minder [9ms]
2024-12-22 19:54:28.009 [info] > git ls-files --stage -- /home/alan/utfpr/04_estatistica/01_conceitos_basicos.minder [4ms]
2024-12-22 19:54:28.020 [info] > git cat-file -s 4e9d2c35ab89099d3d3eff58c7e7c45b2fe4f968 [2ms]
2024-12-22 19:54:32.871 [info] > git show --textconv :04_estatistica/Atividade1_Alan_Santos_Estatistica.R [11ms]
2024-12-22 19:54:32.874 [info] > git ls-files --stage -- /home/alan/utfpr/04_estatistica/Atividade1_Alan_Santos_Estatistica.R [4ms]
2024-12-22 19:54:32.884 [info] > git cat-file -s 68e913ff02c3dc9147b5305451a327249544d467 [1ms]
2024-12-22 19:54:34.042 [info] > git ls-files --stage -- /home/alan/utfpr/04_estatistica/ex_possibilidades_2.R [4ms]
2024-12-22 19:54:34.051 [info] > git show --textconv :04_estatistica/ex_possibilidades_2.R [23ms]
2024-12-22 19:54:34.052 [info] > git cat-file -s 38980f5a44a1f31313154d89fa5e060018a02b24 [2ms]
2024-12-22 19:54:35.165 [info] > git check-ignore -v -z --stdin [5ms]
2024-12-22 19:54:36.463 [info] > git ls-files --stage -- /home/alan/utfpr/04_estatistica/ex_probabilidade_condicional_3.R [4ms]
2024-12-22 19:54:36.473 [info] > git show --textconv :04_estatistica/ex_probabilidade_condicional_3.R [25ms]
2024-12-22 19:54:36.473 [info] > git cat-file -s ee5c68e156610a3b44a585427157271ad32a3871 [1ms]
2024-12-22 19:56:25.990 [info] > git ls-files --stage -- /home/alan/utfpr/04_estatistica/ex_probabilidade_condicional_4.R [4ms]
2024-12-22 19:56:26.000 [info] > git show --textconv :04_estatistica/ex_probabilidade_condicional_4.R [23ms]
2024-12-22 19:56:26.001 [info] > git cat-file -s c0ce7f6555aef60a076a59ca68c11ea4b4a5e0e2 [3ms]
2024-12-22 19:56:27.195 [info] > git show --textconv :04_estatistica/ex_probabilidade_condicional_3.R [10ms]
2024-12-22 19:56:27.198 [info] > git ls-files --stage -- /home/alan/utfpr/04_estatistica/ex_probabilidade_condicional_3.R [4ms]
2024-12-22 19:56:27.216 [info] > git cat-file -s ee5c68e156610a3b44a585427157271ad32a3871 [2ms]
2024-12-22 19:56:38.021 [info] > git check-ignore -v -z --stdin [5ms]
2024-12-22 19:56:43.170 [info] > git check-ignore -v -z --stdin [5ms]
2024-12-22 19:56:43.803 [info] > git check-ignore -v -z --stdin [6ms]
2024-12-22 19:56:49.405 [info] > git check-ignore -v -z --stdin [7ms]
2024-12-22 19:56:52.205 [info] > git show --textconv :venv01_utfpr/bin/debugpy [109ms]
2024-12-22 19:56:52.206 [info] > git ls-files --stage -- /home/alan/utfpr/venv01_utfpr/bin/debugpy [83ms]
2024-12-22 19:56:52.283 [info] > git cat-file -s 8c2041a94b0cf3cb44327a5fe543649c87ee7612 [51ms]
2024-12-22 19:56:52.630 [info] > git show --textconv :venv01_utfpr/bin/f2py [20ms]
2024-12-22 19:56:52.636 [info] > git ls-files --stage -- /home/alan/utfpr/venv01_utfpr/bin/f2py [9ms]
2024-12-22 19:56:52.652 [info] > git cat-file -s bae23ba3b7d1bd27b68b0937e08f9ad71a8842ca [3ms]
2024-12-22 19:57:07.877 [info] > git check-ignore -v -z --stdin [7ms]
2024-12-22 19:57:16.416 [info] > git check-ignore -v -z --stdin [1ms]
2024-12-22 19:57:17.483 [info] > git check-ignore -v -z --stdin [1ms]
2024-12-22 19:57:18.201 [info] > git show --textconv :exercises/coin_flip.py [25ms]
2024-12-22 19:57:18.202 [info] > git ls-files --stage -- /home/alan/learning_python/exercises/coin_flip.py [2ms]
2024-12-22 19:57:18.221 [info] > git cat-file -s f651105c5406814d855bce070e6011b0d4f71c3b [2ms]
2024-12-22 19:57:24.605 [info] > git ls-files --stage -- /home/alan/learning_python/exercises/coin_flip.py [1ms]
2024-12-22 19:57:24.618 [info] > git cat-file -s f651105c5406814d855bce070e6011b0d4f71c3b [2ms]
2024-12-22 19:57:24.631 [info] > git show --textconv :exercises/coin_flip.py [1ms]
2024-12-22 19:57:24.929 [info] > git fetch [1642ms]
2024-12-22 19:57:24.950 [info] > git config --get commit.template [10ms]
2024-12-22 19:57:24.959 [info] > git for-each-ref --format=%(refname)%00%(upstream:short)%00%(objectname)%00%(upstream:track)%00%(upstream:remotename)%00%(upstream:remoteref) refs/heads/master refs/remotes/master [10ms]
2024-12-22 19:57:24.978 [info] > git status -z -uall [10ms]
2024-12-22 19:57:24.979 [info] > git fetch [1623ms]
2024-12-22 19:57:24.989 [info] > git for-each-ref --sort -committerdate --format %(refname) %(objectname) %(*objectname) [11ms]
2024-12-22 19:57:24.992 [info] > git config --get commit.template [3ms]
2024-12-22 19:57:25.003 [info] > git for-each-ref --format=%(refname)%00%(upstream:short)%00%(objectname)%00%(upstream:track)%00%(upstream:remotename)%00%(upstream:remoteref) refs/heads/master refs/remotes/master [1ms]
2024-12-22 19:57:25.038 [info] > git for-each-ref --sort -committerdate --format %(refname) %(objectname) %(*objectname) [4ms]
2024-12-22 19:57:25.071 [info] > git status -z -uall [58ms]
2024-12-22 19:57:26.072 [info] > git ls-files --stage -- /home/alan/learning_python/exercises/coin_flip.py [1ms]
2024-12-22 19:57:26.081 [info] > git cat-file -s f651105c5406814d855bce070e6011b0d4f71c3b [1ms]
2024-12-22 19:57:26.093 [info] > git show --textconv :exercises/coin_flip.py [2ms]
2024-12-22 20:00:26.611 [info] > git fetch [1607ms]
2024-12-22 20:00:26.622 [info] > git config --get commit.template [1ms]
2024-12-22 20:00:26.632 [info] > git for-each-ref --format=%(refname)%00%(upstream:short)%00%(objectname)%00%(upstream:track)%00%(upstream:remotename)%00%(upstream:remoteref) refs/heads/master refs/remotes/master [1ms]
2024-12-22 20:00:26.652 [info] > git status -z -uall [11ms]
2024-12-22 20:00:26.652 [info] > git for-each-ref --sort -committerdate --format %(refname) %(objectname) %(*objectname) [1ms]
2024-12-22 20:00:26.691 [info] > git fetch [1607ms]
2024-12-22 20:00:26.715 [info] > git config --get commit.template [11ms]
2024-12-22 20:00:26.715 [info] > git for-each-ref --format=%(refname)%00%(upstream:short)%00%(objectname)%00%(upstream:track)%00%(upstream:remotename)%00%(upstream:remoteref) refs/heads/master refs/remotes/master [1ms]
2024-12-22 20:00:26.750 [info] > git for-each-ref --sort -committerdate --format %(refname) %(objectname) %(*objectname) [2ms]
2024-12-22 20:00:26.780 [info] > git status -z -uall [55ms]
2024-12-22 20:01:16.898 [info] > git show --textconv :exercises/ex-for.py [18ms]
2024-12-22 20:01:16.900 [info] > git ls-files --stage -- /home/alan/learning_python/exercises/ex-for.py [2ms]
2024-12-22 20:01:16.926 [info] > git cat-file -s c19b028349a498ec1b63ea07392aa7ffd09f198b [8ms]
2024-12-22 20:01:19.619 [info] > git show --textconv :exercises/ex-for.py [15ms]
2024-12-22 20:01:19.620 [info] > git ls-files --stage -- /home/alan/learning_python/exercises/ex-for.py [2ms]
2024-12-22 20:01:19.634 [info] > git cat-file -s c19b028349a498ec1b63ea07392aa7ffd09f198b [2ms]
2024-12-22 20:01:20.728 [info] > git blame --root --incremental fa95585f9e5a1df4ec3f01b544a1634e139ea3bc -- /home/alan/learning_python/exercises/ex-for.py [50ms]
2024-12-22 20:01:49.814 [info] > git show --textconv :exercises/ex-input.py [14ms]
2024-12-22 20:01:49.815 [info] > git ls-files --stage -- /home/alan/learning_python/exercises/ex-input.py [3ms]
2024-12-22 20:01:49.828 [info] > git cat-file -s 4bcecc8add1c0d02eabc53a8ddcc94c11fb2204d [2ms]
2024-12-22 20:01:54.018 [info] > git show --textconv :exercises/ex-interpolation.py [14ms]
2024-12-22 20:01:54.018 [info] > git ls-files --stage -- /home/alan/learning_python/exercises/ex-interpolation.py [2ms]
2024-12-22 20:01:54.031 [info] > git cat-file -s a58cdb5d81ee28cc4a0e68432815f3b3a482ffae [3ms]
2024-12-22 20:02:06.785 [info] > git show --textconv :exercises/ex1-if.py [14ms]
2024-12-22 20:02:06.786 [info] > git ls-files --stage -- /home/alan/learning_python/exercises/ex1-if.py [2ms]
2024-12-22 20:02:06.800 [info] > git cat-file -s 6041a1c3e373f0b7c40d001507cbb7daca319cf7 [2ms]
2024-12-22 20:02:07.944 [info] > git show --textconv :exercises/ex1-lists.py [28ms]
2024-12-22 20:02:07.946 [info] > git ls-files --stage -- /home/alan/learning_python/exercises/ex1-lists.py [4ms]
2024-12-22 20:02:07.962 [info] > git cat-file -s c5bc7c22943b720b7dd729f5883a31889b9ab691 [3ms]
2024-12-22 20:02:10.006 [info] > git show --textconv :exercises/ex2-lists.py [14ms]
2024-12-22 20:02:10.006 [info] > git ls-files --stage -- /home/alan/learning_python/exercises/ex2-lists.py [1ms]
2024-12-22 20:02:10.018 [info] > git cat-file -s eb2cfe61b8899e8592b3de56c2cbe33614c3ced6 [2ms]
2024-12-22 20:02:12.327 [info] > git show --textconv :exercises/ex3-lists.py [28ms]
2024-12-22 20:02:12.331 [info] > git ls-files --stage -- /home/alan/learning_python/exercises/ex3-lists.py [6ms]
2024-12-22 20:02:12.347 [info] > git cat-file -s cb0a4c0606510579a07e2b263df89ce849025143 [3ms]
2024-12-22 20:02:17.206 [info] > git show --textconv :exercises/greeting.py [15ms]
2024-12-22 20:02:17.206 [info] > git ls-files --stage -- /home/alan/learning_python/exercises/greeting.py [2ms]
2024-12-22 20:02:17.229 [info] > git cat-file -s c11646df3b60cddf5f6f806214eda1e318c1afd6 [2ms]
2024-12-22 20:02:19.381 [info] > git show --textconv :exercises/hello_world.py [11ms]
2024-12-22 20:02:19.383 [info] > git ls-files --stage -- /home/alan/learning_python/exercises/hello_world.py [3ms]
2024-12-22 20:02:19.396 [info] > git cat-file -s be0b49d7380c56e04807e0de9ade88c20229531d [2ms]
2024-12-22 20:02:21.743 [info] > git show --textconv :exercises/ex1-lists.py [13ms]
2024-12-22 20:02:21.744 [info] > git ls-files --stage -- /home/alan/learning_python/exercises/ex1-lists.py [2ms]
2024-12-22 20:02:21.756 [info] > git cat-file -s c5bc7c22943b720b7dd729f5883a31889b9ab691 [1ms]
2024-12-22 20:02:22.528 [info] > git show --textconv :exercises/ex1-if.py [16ms]
2024-12-22 20:02:22.530 [info] > git ls-files --stage -- /home/alan/learning_python/exercises/ex1-if.py [4ms]
2024-12-22 20:02:22.548 [info] > git cat-file -s 6041a1c3e373f0b7c40d001507cbb7daca319cf7 [4ms]
2024-12-22 20:02:44.371 [info] > git blame --root --incremental fa95585f9e5a1df4ec3f01b544a1634e139ea3bc -- /home/alan/learning_python/exercises/ex1-if.py [4ms]
2024-12-22 20:03:28.288 [info] > git fetch [1618ms]
2024-12-22 20:03:28.308 [info] > git config --get commit.template [11ms]
2024-12-22 20:03:28.309 [info] > git for-each-ref --format=%(refname)%00%(upstream:short)%00%(objectname)%00%(upstream:track)%00%(upstream:remotename)%00%(upstream:remoteref) refs/heads/master refs/remotes/master [1ms]
2024-12-22 20:03:28.329 [info] > git status -z -uall [11ms]
2024-12-22 20:03:28.330 [info] > git for-each-ref --sort -committerdate --format %(refname) %(objectname) %(*objectname) [1ms]
2024-12-22 20:03:28.448 [info] > git fetch [1654ms]
2024-12-22 20:03:28.470 [info] > git config --get commit.template [11ms]
2024-12-22 20:03:28.470 [info] > git for-each-ref --format=%(refname)%00%(upstream:short)%00%(objectname)%00%(upstream:track)%00%(upstream:remotename)%00%(upstream:remoteref) refs/heads/master refs/remotes/master [1ms]
2024-12-22 20:03:28.503 [info] > git for-each-ref --sort -committerdate --format %(refname) %(objectname) %(*objectname) [2ms]
2024-12-22 20:03:28.535 [info] > git status -z -uall [56ms]
2024-12-22 20:04:00.466 [info] > git show --textconv :exercises/ex-for.py [13ms]
2024-12-22 20:04:00.467 [info] > git ls-files --stage -- /home/alan/learning_python/exercises/ex-for.py [1ms]
2024-12-22 20:04:00.481 [info] > git cat-file -s c19b028349a498ec1b63ea07392aa7ffd09f198b [2ms]
2024-12-22 20:04:01.715 [info] > git show --textconv :exercises/ex-input.py [14ms]
2024-12-22 20:04:01.717 [info] > git ls-files --stage -- /home/alan/learning_python/exercises/ex-input.py [3ms]
2024-12-22 20:04:01.728 [info] > git cat-file -s 4bcecc8add1c0d02eabc53a8ddcc94c11fb2204d [2ms]
2024-12-22 20:04:02.589 [info] > git show --textconv :exercises/ex1-lists.py [13ms]
2024-12-22 20:04:02.591 [info] > git ls-files --stage -- /home/alan/learning_python/exercises/ex1-lists.py [3ms]
2024-12-22 20:04:02.603 [info] > git cat-file -s c5bc7c22943b720b7dd729f5883a31889b9ab691 [1ms]
2024-12-22 20:04:06.384 [info] > git show --textconv :exercises/ex2-lists.py [13ms]
2024-12-22 20:04:06.385 [info] > git ls-files --stage -- /home/alan/learning_python/exercises/ex2-lists.py [2ms]
2024-12-22 20:04:06.398 [info] > git cat-file -s eb2cfe61b8899e8592b3de56c2cbe33614c3ced6 [1ms]
2024-12-22 20:04:08.300 [info] > git show --textconv :exercises/ex-input.py [14ms]
2024-12-22 20:04:08.301 [info] > git ls-files --stage -- /home/alan/learning_python/exercises/ex-input.py [2ms]
2024-12-22 20:04:08.314 [info] > git cat-file -s 4bcecc8add1c0d02eabc53a8ddcc94c11fb2204d [2ms]
2024-12-22 20:04:11.043 [info] > git blame --root --incremental fa95585f9e5a1df4ec3f01b544a1634e139ea3bc -- /home/alan/learning_python/exercises/ex-input.py [3ms]
2024-12-22 20:06:52.406 [info] > git ls-files --stage -- /home/alan/learning_python/exercises/ex-input.py [2ms]
2024-12-22 20:06:52.416 [info] > git cat-file -s 4bcecc8add1c0d02eabc53a8ddcc94c11fb2204d [1ms]
2024-12-22 20:06:52.428 [info] > git show --textconv :exercises/ex-input.py [2ms]
2024-12-22 20:06:52.788 [info] > git fetch [1641ms]
2024-12-22 20:06:52.802 [info] > git fetch [1642ms]
2024-12-22 20:06:52.813 [info] > git config --get commit.template [12ms]
2024-12-22 20:06:52.840 [info] > git config --get commit.template [27ms]
2024-12-22 20:06:52.840 [info] > git for-each-ref --format=%(refname)%00%(upstream:short)%00%(objectname)%00%(upstream:track)%00%(upstream:remotename)%00%(upstream:remoteref) refs/heads/master refs/remotes/master [14ms]
2024-12-22 20:06:52.841 [info] > git for-each-ref --format=%(refname)%00%(upstream:short)%00%(objectname)%00%(upstream:track)%00%(upstream:remotename)%00%(upstream:remoteref) refs/heads/master refs/remotes/master [2ms]
2024-12-22 20:06:52.902 [info] > git status -z -uall [51ms]
2024-12-22 20:06:52.903 [info] > git for-each-ref --sort -committerdate --format %(refname) %(objectname) %(*objectname) [41ms]
2024-12-22 20:06:52.907 [info] > git for-each-ref --sort -committerdate --format %(refname) %(objectname) %(*objectname) [5ms]
2024-12-22 20:06:52.941 [info] > git status -z -uall [67ms]
2024-12-22 20:06:53.860 [info] > git ls-files --stage -- /home/alan/learning_python/exercises/ex-input.py [10ms]
2024-12-22 20:06:53.894 [info] > git cat-file -s 4bcecc8add1c0d02eabc53a8ddcc94c11fb2204d [6ms]
2024-12-22 20:06:53.948 [info] > git show --textconv :exercises/ex-input.py [3ms]
2024-12-22 20:10:00.432 [info] > git ls-files --stage -- /home/alan/learning_python/exercises/ex-input.py [1ms]
2024-12-22 20:10:00.443 [info] > git cat-file -s 4bcecc8add1c0d02eabc53a8ddcc94c11fb2204d [1ms]
2024-12-22 20:10:00.455 [info] > git show --textconv :exercises/ex-input.py [1ms]
2024-12-22 20:10:00.794 [info] > git fetch [1625ms]
2024-12-22 20:10:00.805 [info] > git fetch [1621ms]
2024-12-22 20:10:00.815 [info] > git config --get commit.template [11ms]
2024-12-22 20:10:00.825 [info] > git config --get commit.template [10ms]
2024-12-22 20:10:00.835 [info] > git for-each-ref --format=%(refname)%00%(upstream:short)%00%(objectname)%00%(upstream:track)%00%(upstream:remotename)%00%(upstream:remoteref) refs/heads/master refs/remotes/master [11ms]
2024-12-22 20:10:00.854 [info] > git status -z -uall [10ms]
2024-12-22 20:10:00.855 [info] > git for-each-ref --format=%(refname)%00%(upstream:short)%00%(objectname)%00%(upstream:track)%00%(upstream:remotename)%00%(upstream:remoteref) refs/heads/master refs/remotes/master [20ms]
2024-12-22 20:10:00.855 [info] > git for-each-ref --sort -committerdate --format %(refname) %(objectname) %(*objectname) [2ms]
2024-12-22 20:10:00.889 [info] > git for-each-ref --sort -committerdate --format %(refname) %(objectname) %(*objectname) [2ms]
2024-12-22 20:10:00.921 [info] > git status -z -uall [56ms]
2024-12-22 20:10:01.901 [info] > git ls-files --stage -- /home/alan/learning_python/exercises/ex-input.py [1ms]
2024-12-22 20:10:01.910 [info] > git cat-file -s 4bcecc8add1c0d02eabc53a8ddcc94c11fb2204d [1ms]
2024-12-22 20:10:01.923 [info] > git show --textconv :exercises/ex-input.py [1ms]
2024-12-22 20:10:12.184 [info] > git show --textconv :exercises/ex-interpolation.py [13ms]
2024-12-22 20:10:12.185 [info] > git ls-files --stage -- /home/alan/learning_python/exercises/ex-interpolation.py [2ms]
2024-12-22 20:10:12.196 [info] > git cat-file -s a58cdb5d81ee28cc4a0e68432815f3b3a482ffae [1ms]
2024-12-22 20:10:12.969 [info] > git show --textconv :exercises/ex1-lists.py [14ms]
2024-12-22 20:10:12.970 [info] > git ls-files --stage -- /home/alan/learning_python/exercises/ex1-lists.py [3ms]
2024-12-22 20:10:12.982 [info] > git cat-file -s c5bc7c22943b720b7dd729f5883a31889b9ab691 [1ms]
2024-12-22 20:10:14.322 [info] > git show --textconv :exercises/ex2-if.py [13ms]
2024-12-22 20:10:14.322 [info] > git ls-files --stage -- /home/alan/learning_python/exercises/ex2-if.py [2ms]
2024-12-22 20:10:14.335 [info] > git cat-file -s 919ceb5b3f672544873b813c6b5bd60b75456811 [2ms]
2024-12-22 20:10:15.469 [info] > git show --textconv :exercises/ex2-lists.py [16ms]
2024-12-22 20:10:15.470 [info] > git ls-files --stage -- /home/alan/learning_python/exercises/ex2-lists.py [3ms]
2024-12-22 20:10:15.482 [info] > git cat-file -s eb2cfe61b8899e8592b3de56c2cbe33614c3ced6 [1ms]
2024-12-22 20:10:17.107 [info] > git show --textconv :exercises/ex3-lists.py [13ms]
2024-12-22 20:10:17.108 [info] > git ls-files --stage -- /home/alan/learning_python/exercises/ex3-lists.py [3ms]
2024-12-22 20:10:17.157 [info] > git cat-file -s cb0a4c0606510579a07e2b263df89ce849025143 [2ms]
2024-12-22 20:10:18.819 [info] > git show --textconv :exercises/ex6.py [13ms]
2024-12-22 20:10:18.819 [info] > git ls-files --stage -- /home/alan/learning_python/exercises/ex6.py [1ms]
2024-12-22 20:10:18.832 [info] > git cat-file -s 4a158672d3e3398934f4d979f851416ac9a28898 [2ms]
2024-12-22 20:10:22.349 [info] > git show --textconv :exercises/greeting.py [14ms]
2024-12-22 20:10:22.350 [info] > git ls-files --stage -- /home/alan/learning_python/exercises/greeting.py [2ms]
2024-12-22 20:10:22.363 [info] > git cat-file -s c11646df3b60cddf5f6f806214eda1e318c1afd6 [1ms]
2024-12-22 20:10:23.185 [info] > git show --textconv :exercises/hello_world.py [15ms]
2024-12-22 20:10:23.185 [info] > git ls-files --stage -- /home/alan/learning_python/exercises/hello_world.py [1ms]
2024-12-22 20:10:23.199 [info] > git cat-file -s be0b49d7380c56e04807e0de9ade88c20229531d [2ms]
2024-12-22 20:10:24.023 [info] > git ls-files --stage -- /home/alan/learning_python/exercises/lambda-imc.py [1ms]
2024-12-22 20:10:24.035 [info] > git show --textconv :exercises/lambda-imc.py [24ms]
2024-12-22 20:10:24.036 [info] > git cat-file -s 27fe6a0261572391c1e7542c594bb27ede34bac2 [2ms]
2024-12-22 20:10:25.686 [info] > git show --textconv :exercises/cypher1.py [13ms]
2024-12-22 20:10:25.687 [info] > git ls-files --stage -- /home/alan/learning_python/exercises/cypher1.py [1ms]
2024-12-22 20:10:25.699 [info] > git cat-file -s 10caa1ba73a19f2c0eb08b51944bcdebe1b0aa2d [2ms]
2024-12-22 21:27:16.656 [info] > git ls-files --stage -- /home/alan/learning_python/exercises/cypher1.py [2ms]
2024-12-22 21:27:16.669 [info] > git cat-file -s 10caa1ba73a19f2c0eb08b51944bcdebe1b0aa2d [1ms]
2024-12-22 21:27:16.682 [info] > git show --textconv :exercises/cypher1.py [2ms]
2024-12-22 21:27:16.999 [info] > git fetch [1611ms]
2024-12-22 21:27:17.025 [info] > git config --get commit.template [13ms]
2024-12-22 21:27:17.027 [info] > git for-each-ref --format=%(refname)%00%(upstream:short)%00%(objectname)%00%(upstream:track)%00%(upstream:remotename)%00%(upstream:remoteref) refs/heads/master refs/remotes/master [1ms]
2024-12-22 21:27:17.049 [info] > git status -z -uall [12ms]
2024-12-22 21:27:17.050 [info] > git fetch [1646ms]
2024-12-22 21:27:17.061 [info] > git for-each-ref --sort -committerdate --format %(refname) %(objectname) %(*objectname) [12ms]
2024-12-22 21:27:17.064 [info] > git config --get commit.template [3ms]
2024-12-22 21:27:17.078 [info] > git for-each-ref --format=%(refname)%00%(upstream:short)%00%(objectname)%00%(upstream:track)%00%(upstream:remotename)%00%(upstream:remoteref) refs/heads/master refs/remotes/master [2ms]
2024-12-22 21:27:17.120 [info] > git for-each-ref --sort -committerdate --format %(refname) %(objectname) %(*objectname) [2ms]
2024-12-22 21:27:17.148 [info] > git status -z -uall [57ms]
2024-12-22 21:27:17.639 [info] > git show --textconv :exercises/ex-for.py [15ms]
2024-12-22 21:27:17.640 [info] > git ls-files --stage -- /home/alan/learning_python/exercises/ex-for.py [2ms]
2024-12-22 21:27:17.655 [info] > git cat-file -s c19b028349a498ec1b63ea07392aa7ffd09f198b [2ms]
2024-12-22 21:27:18.144 [info] > git ls-files --stage -- /home/alan/learning_python/exercises/ex-for.py [2ms]
2024-12-22 21:27:18.157 [info] > git cat-file -s c19b028349a498ec1b63ea07392aa7ffd09f198b [2ms]
2024-12-22 21:27:18.174 [info] > git show --textconv :exercises/ex-for.py [2ms]
