2024-12-22 19:07:18.889 [info] [main] Log level: Info
2024-12-22 19:07:18.889 [info] [main] Validating found git in: "git"
2024-12-22 19:07:18.889 [info] [main] Using git "2.43.0" from "git"
2024-12-22 19:07:18.889 [info] [Model][doInitialScan] Initial repository scan started
2024-12-22 19:07:18.889 [info] > git rev-parse --show-toplevel [206ms]
2024-12-22 19:07:18.889 [info] > git rev-parse --git-dir --git-common-dir [13ms]
2024-12-22 19:07:18.889 [info] [Model][openRepository] Opened repository: /home/alan/learning_python
2024-12-22 19:07:18.895 [info] > git rev-parse --show-toplevel [42ms]
2024-12-22 19:07:18.897 [info] > git config --get commit.template [52ms]
2024-12-22 19:07:18.952 [info] > git rev-parse --git-dir --git-common-dir [39ms]
2024-12-22 19:07:18.979 [info] [Model][openRepository] Opened repository: /home/alan/utfpr
2024-12-22 19:07:19.042 [info] > git for-each-ref --format=%(refname)%00%(upstream:short)%00%(objectname)%00%(upstream:track)%00%(upstream:remotename)%00%(upstream:remoteref) refs/heads/master refs/remotes/master [94ms]
2024-12-22 19:07:19.323 [info] > git rev-parse --show-toplevel [284ms]
2024-12-22 19:07:19.324 [info] fatal: not a git repository (or any of the parent directories): .git
2024-12-22 19:07:19.325 [info] > git config --get commit.template [307ms]
2024-12-22 19:07:19.584 [info] > git rev-parse --show-toplevel [94ms]
2024-12-22 19:07:19.811 [info] > git status -z -uall [27ms]
2024-12-22 19:07:19.812 [info] > git for-each-ref --format=%(refname)%00%(upstream:short)%00%(objectname)%00%(upstream:track)%00%(upstream:remotename)%00%(upstream:remoteref) refs/heads/master refs/remotes/master [233ms]
2024-12-22 19:07:19.819 [info] > git rev-parse --show-toplevel [10ms]
2024-12-22 19:07:19.819 [info] > git for-each-ref --sort -committerdate --format %(refname) %(objectname) %(*objectname) [21ms]
2024-12-22 19:07:19.924 [info] > git check-ignore -v -z --stdin [68ms]
2024-12-22 19:07:19.925 [info] > git check-ignore -v -z --stdin [48ms]
2024-12-22 19:07:19.925 [info] > git for-each-ref --format=%(refname)%00%(upstream:short)%00%(objectname)%00%(upstream:track)%00%(upstream:remotename)%00%(upstream:remoteref) refs/heads/master refs/remotes/master [92ms]
2024-12-22 19:07:19.955 [info] > git config --local branch.master.vscode-merge-base [20ms]
2024-12-22 19:07:19.964 [info] > git config --get commit.template [44ms]
2024-12-22 19:07:19.964 [info] > git rev-parse --show-toplevel [53ms]
2024-12-22 19:07:20.018 [info] > git for-each-ref --format=%(refname)%00%(upstream:short)%00%(objectname)%00%(upstream:track)%00%(upstream:remotename)%00%(upstream:remoteref) refs/heads/origin/master refs/remotes/origin/master [54ms]
2024-12-22 19:07:20.046 [info] > git status -z -uall [71ms]
2024-12-22 19:07:20.047 [info] > git merge-base refs/heads/master refs/remotes/origin/master [20ms]
2024-12-22 19:07:20.058 [info] > git rev-parse --show-toplevel [59ms]
2024-12-22 19:07:20.058 [info] > git for-each-ref --sort -committerdate --format %(refname) %(objectname) %(*objectname) [70ms]
2024-12-22 19:07:20.100 [info] > git for-each-ref --format=%(refname)%00%(upstream:short)%00%(objectname)%00%(upstream:track)%00%(upstream:remotename)%00%(upstream:remoteref) refs/heads/master refs/remotes/master [29ms]
2024-12-22 19:07:20.121 [info] > git diff --name-status -z --diff-filter=ADMR fa95585f9e5a1df4ec3f01b544a1634e139ea3bc...refs/remotes/origin/master [63ms]
2024-12-22 19:07:20.122 [info] > git for-each-ref --format=%(refname)%00%(upstream:short)%00%(objectname)%00%(upstream:track)%00%(upstream:remotename)%00%(upstream:remoteref) refs/heads/master refs/remotes/master [76ms]
2024-12-22 19:07:20.174 [info] > git config --local branch.master.vscode-merge-base [54ms]
2024-12-22 19:07:20.184 [info] > git config --get commit.template [87ms]
2024-12-22 19:07:20.184 [info] > git rev-parse --show-toplevel [96ms]
2024-12-22 19:07:20.209 [info] > git for-each-ref --format=%(refname)%00%(upstream:short)%00%(objectname)%00%(upstream:track)%00%(upstream:remotename)%00%(upstream:remoteref) refs/heads/origin/master refs/remotes/origin/master [25ms]
2024-12-22 19:07:20.269 [info] > git merge-base refs/heads/master refs/remotes/origin/master [50ms]
2024-12-22 19:07:20.279 [info] > git rev-parse --show-toplevel [75ms]
2024-12-22 19:07:20.332 [info] > git status -z -uall [23ms]
2024-12-22 19:07:20.333 [info] > git diff --name-status -z --diff-filter=ADMR 5a42459d9b58f33b376cc9ff738d92cab359b6d4...refs/remotes/origin/master [54ms]
2024-12-22 19:07:20.334 [info] > git for-each-ref --format=%(refname)%00%(upstream:short)%00%(objectname)%00%(upstream:track)%00%(upstream:remotename)%00%(upstream:remoteref) refs/heads/master refs/remotes/master [66ms]
2024-12-22 19:07:20.340 [info] > git rev-parse --show-toplevel [9ms]
2024-12-22 19:07:20.340 [info] > git for-each-ref --sort -committerdate --format %(refname) %(objectname) %(*objectname) [21ms]
2024-12-22 19:07:20.371 [info] > git rev-parse --show-toplevel [17ms]
2024-12-22 19:07:20.418 [info] > git for-each-ref --sort -committerdate --format %(refname) %(objectname) %(*objectname) [13ms]
2024-12-22 19:07:20.418 [info] > git fetch [1658ms]
2024-12-22 19:07:20.429 [info] > git rev-parse --show-toplevel [13ms]
2024-12-22 19:07:20.439 [info] > git config --get commit.template [11ms]
2024-12-22 19:07:20.440 [info] > git status -z -uall [59ms]
2024-12-22 19:07:20.440 [info] > git rev-parse --show-toplevel [1ms]
2024-12-22 19:07:20.464 [info] > git rev-parse --show-toplevel [4ms]
2024-12-22 19:07:20.464 [info] > git for-each-ref --format=%(refname)%00%(upstream:short)%00%(objectname)%00%(upstream:track)%00%(upstream:remotename)%00%(upstream:remoteref) refs/heads/master refs/remotes/master [14ms]
2024-12-22 19:07:20.495 [info] > git status -z -uall [11ms]
2024-12-22 19:07:20.497 [info] > git rev-parse --show-toplevel [24ms]
2024-12-22 19:07:20.499 [info] [Model][doInitialScan] Initial repository scan completed - repositories (2), closed repositories (0), parent repositories (0), unsafe repositories (0)
2024-12-22 19:07:20.500 [info] > git for-each-ref --sort -committerdate --format %(refname) %(objectname) %(*objectname) [5ms]
2024-12-22 19:07:20.812 [info] > git fetch [1834ms]
2024-12-22 19:07:20.827 [info] > git config --get commit.template [2ms]
2024-12-22 19:07:20.838 [info] > git for-each-ref --format=%(refname)%00%(upstream:short)%00%(objectname)%00%(upstream:track)%00%(upstream:remotename)%00%(upstream:remoteref) refs/heads/master refs/remotes/master [2ms]
2024-12-22 19:07:20.909 [info] > git for-each-ref --sort -committerdate --format %(refname) %(objectname) %(*objectname) [4ms]
2024-12-22 19:07:20.942 [info] > git status -z -uall [61ms]
2024-12-22 19:07:22.530 [info] > git config --get commit.template [2ms]
2024-12-22 19:07:22.540 [info] > git for-each-ref --format=%(refname)%00%(upstream:short)%00%(objectname)%00%(upstream:track)%00%(upstream:remotename)%00%(upstream:remoteref) refs/heads/master refs/remotes/master [1ms]
2024-12-22 19:07:22.562 [info] > git status -z -uall [12ms]
2024-12-22 19:07:22.563 [info] > git for-each-ref --sort -committerdate --format %(refname) %(objectname) %(*objectname) [2ms]
