2024-12-22 19:56:52.449 [info] Name: Black Formatter
2024-12-22 19:56:52.449 [info] Module: black
2024-12-22 19:56:52.449 [info] Default formatter is set to ms-python.black-formatter for workspace /home/alan/learning_python
2024-12-22 19:56:52.450 [info] Default formatter is set to ms-python.black-formatter for workspace /home/alan/utfpr
2024-12-22 19:56:52.450 [info] Python extension loading
2024-12-22 19:56:52.450 [info] Waiting for interpreter from python extension.
2024-12-22 19:56:52.450 [info] Python extension loaded
2024-12-22 19:56:52.450 [info] No interpreter found from setting black-formatter.interpreter
2024-12-22 19:56:52.450 [info] Getting interpreter from ms-python.python extension for workspace /home/alan/utfpr
2024-12-22 19:56:52.450 [info] Interpreter from ms-python.python extension for /home/alan/utfpr: /bin/python
2024-12-22 19:56:52.450 [info] Workspace settings for /home/alan/utfpr (client side): {
    "cwd": "/home/alan/utfpr",
    "workspace": "file:///home/alan/utfpr",
    "args": [],
    "path": [],
    "interpreter": [
        "/bin/python"
    ],
    "importStrategy": "useBundled",
    "showNotifications": "off"
}
2024-12-22 19:56:52.450 [info] No interpreter found from setting black-formatter.interpreter
2024-12-22 19:56:52.450 [info] Getting interpreter from ms-python.python extension for workspace /home/alan/learning_python
2024-12-22 19:56:52.450 [info] No interpreter found from setting black-formatter.interpreter
2024-12-22 19:56:52.450 [info] Getting interpreter from ms-python.python extension for workspace /home/alan/utfpr
2024-12-22 19:56:52.450 [info] Interpreter from ms-python.python extension for /home/alan/learning_python: /home/alan/learning_python/.venv/bin/python
2024-12-22 19:56:52.450 [info] Workspace settings for /home/alan/learning_python (client side): {
    "cwd": "/home/alan/learning_python",
    "workspace": "file:///home/alan/learning_python",
    "args": [],
    "path": [],
    "interpreter": [
        "/home/alan/learning_python/.venv/bin/python"
    ],
    "importStrategy": "useBundled",
    "showNotifications": "off"
}
2024-12-22 19:56:52.450 [info] Interpreter from ms-python.python extension for /home/alan/utfpr: /bin/python
2024-12-22 19:56:52.450 [info] Workspace settings for /home/alan/utfpr (client side): {
    "cwd": "/home/alan/utfpr",
    "workspace": "file:///home/alan/utfpr",
    "args": [],
    "path": [],
    "interpreter": [
        "/bin/python"
    ],
    "importStrategy": "useBundled",
    "showNotifications": "off"
}
2024-12-22 19:56:52.450 [info] Global settings (client side): {
    "cwd": "/home/alan",
    "workspace": "/home/alan",
    "args": [],
    "path": [],
    "interpreter": [],
    "importStrategy": "useBundled",
    "showNotifications": "off"
}
2024-12-22 19:56:52.450 [info] Server run command: /bin/python /home/alan/.vscode/extensions/ms-python.black-formatter-2024.5.13171011/bundled/tool/lsp_server.py
2024-12-22 19:56:52.450 [info] Server: Start requested.
2024-12-22 19:56:53.143 [info] CWD Server: /home/alan/utfpr
2024-12-22 19:56:53.143 [info] Settings received on server:
[
    {
        "cwd": "/home/alan/learning_python",
        "workspace": "file:///home/alan/learning_python",
        "args": [],
        "path": [],
        "interpreter": [
            "/home/alan/learning_python/.venv/bin/python"
        ],
        "importStrategy": "useBundled",
        "showNotifications": "off"
    },
    {
        "cwd": "/home/alan/utfpr",
        "workspace": "file:///home/alan/utfpr",
        "args": [],
        "path": [],
        "interpreter": [
            "/bin/python"
        ],
        "importStrategy": "useBundled",
        "showNotifications": "off"
    }
]

2024-12-22 19:56:53.143 [info] Global settings received on server:
{
    "cwd": "/home/alan",
    "workspace": "/home/alan",
    "args": [],
    "path": [],
    "interpreter": [],
    "importStrategy": "useBundled",
    "showNotifications": "off"
}

2024-12-22 19:56:53.143 [info] sys.path used to run Server:
   /home/alan/.vscode/extensions/ms-python.black-formatter-2024.5.13171011/bundled/libs
   /home/alan/.vscode/extensions/ms-python.black-formatter-2024.5.13171011/bundled/tool
   /usr/lib/python312.zip
   /usr/lib/python3.12
   /usr/lib/python3.12/lib-dynload
   /usr/local/lib/python3.12/dist-packages
   /usr/lib/python3/dist-packages
2024-12-22 19:56:53.148 [info] /home/alan/learning_python/.venv/bin/python -m black --version
2024-12-22 19:56:53.148 [info] CWD formatter: /home/alan/learning_python
2024-12-22 19:56:53.455 [info] Version info for formatter running for /home/alan/learning_python:
black, 24.8.0 (compiled: no)
Python (CPython) 3.12.3

2024-12-22 19:56:53.455 [info] SUPPORTED black>=22.3.0
FOUND black==24.8.0

2024-12-22 19:56:53.455 [info] /bin/python -m black --version
2024-12-22 19:56:53.455 [info] CWD formatter: /home/alan/utfpr
2024-12-22 19:56:53.559 [info] Version info for formatter running for /home/alan/utfpr:
black, 24.8.0 (compiled: no)
Python (CPython) 3.12.3

2024-12-22 19:56:53.559 [info] SUPPORTED black>=22.3.0
FOUND black==24.8.0

2024-12-22 19:57:02.153 [info] [Trace - 7:57:02 PM] Sending notification 'textDocument/didClose'.
2024-12-22 19:57:17.951 [info] [Trace - 7:57:17 PM] Sending notification 'textDocument/didOpen'.
