2024-12-22 13:55:02.330 [info] [main] Log level: Info
2024-12-22 13:55:02.330 [info] [main] Validating found git in: "git"
2024-12-22 13:55:02.330 [info] [main] Using git "2.43.0" from "git"
2024-12-22 13:55:02.330 [info] [Model][doInitialScan] Initial repository scan started
2024-12-22 13:55:02.330 [info] > git rev-parse --show-toplevel [91ms]
2024-12-22 13:55:02.332 [info] > git rev-parse --git-dir --git-common-dir [44ms]
2024-12-22 13:55:02.363 [info] [Model][openRepository] Opened repository: /home/alan/learning_python
2024-12-22 13:55:02.393 [info] > git rev-parse --show-toplevel [6ms]
2024-12-22 13:55:02.394 [info] > git config --get commit.template [14ms]
2024-12-22 13:55:02.431 [info] > git rev-parse --git-dir --git-common-dir [19ms]
2024-12-22 13:55:02.455 [info] [Model][openRepository] Opened repository: /home/alan/utfpr
2024-12-22 13:55:02.531 [info] > git for-each-ref --format=%(refname)%00%(upstream:short)%00%(objectname)%00%(upstream:track)%00%(upstream:remotename)%00%(upstream:remoteref) refs/heads/master refs/remotes/master [103ms]
2024-12-22 13:55:02.540 [info] > git rev-parse --show-toplevel [23ms]
2024-12-22 13:55:02.540 [info] fatal: not a git repository (or any of the parent directories): .git
2024-12-22 13:55:02.541 [info] > git config --get commit.template [38ms]
2024-12-22 13:55:02.619 [info] > git status -z -uall [11ms]
2024-12-22 13:55:02.620 [info] > git for-each-ref --format=%(refname)%00%(upstream:short)%00%(objectname)%00%(upstream:track)%00%(upstream:remotename)%00%(upstream:remoteref) refs/heads/master refs/remotes/master [42ms]
2024-12-22 13:55:02.620 [info] > git rev-parse --show-toplevel [58ms]
2024-12-22 13:55:02.712 [info] > git for-each-ref --sort -committerdate --format %(refname) %(objectname) %(*objectname) [94ms]
2024-12-22 13:55:02.744 [info] > git for-each-ref --format=%(refname)%00%(upstream:short)%00%(objectname)%00%(upstream:track)%00%(upstream:remotename)%00%(upstream:remoteref) refs/heads/master refs/remotes/master [16ms]
2024-12-22 13:55:02.754 [info] > git rev-parse --show-toplevel [64ms]
2024-12-22 13:55:02.766 [info] > git config --local branch.master.vscode-merge-base [12ms]
2024-12-22 13:55:02.777 [info] > git config --get commit.template [34ms]
2024-12-22 13:55:02.841 [info] > git for-each-ref --format=%(refname)%00%(upstream:short)%00%(objectname)%00%(upstream:track)%00%(upstream:remotename)%00%(upstream:remoteref) refs/heads/origin/master refs/remotes/origin/master [63ms]
2024-12-22 13:55:02.880 [info] > git rev-parse --show-toplevel [115ms]
2024-12-22 13:55:02.924 [info] > git status -z -uall [109ms]
2024-12-22 13:55:02.925 [info] > git merge-base refs/heads/master refs/remotes/origin/master [64ms]
2024-12-22 13:55:02.934 [info] > git for-each-ref --sort -committerdate --format %(refname) %(objectname) %(*objectname) [96ms]
2024-12-22 13:55:02.937 [info] > git diff --name-status -z --diff-filter=ADMR fa95585f9e5a1df4ec3f01b544a1634e139ea3bc...refs/remotes/origin/master [3ms]
2024-12-22 13:55:02.938 [info] > git rev-parse --show-toplevel [17ms]
2024-12-22 13:55:02.938 [info] > git for-each-ref --format=%(refname)%00%(upstream:short)%00%(objectname)%00%(upstream:track)%00%(upstream:remotename)%00%(upstream:remoteref) refs/heads/master refs/remotes/master [38ms]
2024-12-22 13:55:02.994 [info] > git for-each-ref --format=%(refname)%00%(upstream:short)%00%(objectname)%00%(upstream:track)%00%(upstream:remotename)%00%(upstream:remoteref) refs/heads/master refs/remotes/master [39ms]
2024-12-22 13:55:03.018 [info] > git config --get commit.template [24ms]
2024-12-22 13:55:03.018 [info] > git rev-parse --show-toplevel [45ms]
2024-12-22 13:55:03.054 [info] > git config --local branch.master.vscode-merge-base [40ms]
2024-12-22 13:55:03.186 [info] > git check-ignore -v -z --stdin [101ms]
2024-12-22 13:55:03.187 [info] > git check-ignore -v -z --stdin [81ms]
2024-12-22 13:55:03.187 [info] > git status -z -uall [56ms]
2024-12-22 13:55:03.188 [info] > git for-each-ref --format=%(refname)%00%(upstream:short)%00%(objectname)%00%(upstream:track)%00%(upstream:remotename)%00%(upstream:remoteref) refs/heads/origin/master refs/remotes/origin/master [115ms]
2024-12-22 13:55:03.211 [info] > git rev-parse --show-toplevel [157ms]
2024-12-22 13:55:03.284 [info] > git merge-base refs/heads/master refs/remotes/origin/master [74ms]
2024-12-22 13:55:03.304 [info] > git for-each-ref --format=%(refname)%00%(upstream:short)%00%(objectname)%00%(upstream:track)%00%(upstream:remotename)%00%(upstream:remoteref) refs/heads/master refs/remotes/master [138ms]
2024-12-22 13:55:03.305 [info] > git for-each-ref --sort -committerdate --format %(refname) %(objectname) %(*objectname) [162ms]
2024-12-22 13:55:03.314 [info] > git diff --name-status -z --diff-filter=ADMR 5a42459d9b58f33b376cc9ff738d92cab359b6d4...refs/remotes/origin/master [10ms]
2024-12-22 13:55:03.314 [info] > git rev-parse --show-toplevel [31ms]
2024-12-22 13:55:03.379 [info] > git rev-parse --show-toplevel [55ms]
2024-12-22 13:55:03.400 [info] > git rev-parse --show-toplevel [11ms]
2024-12-22 13:55:03.401 [info] > git for-each-ref --sort -committerdate --format %(refname) %(objectname) %(*objectname) [23ms]
2024-12-22 13:55:03.417 [info] > git rev-parse --show-toplevel [1ms]
2024-12-22 13:55:03.445 [info] > git status -z -uall [91ms]
2024-12-22 13:55:03.447 [info] > git rev-parse --show-toplevel [4ms]
2024-12-22 13:55:03.470 [info] > git rev-parse --show-toplevel [2ms]
2024-12-22 13:55:03.471 [info] [Model][doInitialScan] Initial repository scan completed - repositories (2), closed repositories (0), parent repositories (0), unsafe repositories (0)
2024-12-22 13:55:03.992 [info] > git fetch [1629ms]
2024-12-22 13:55:04.015 [info] > git config --get commit.template [12ms]
2024-12-22 13:55:04.020 [info] > git for-each-ref --format=%(refname)%00%(upstream:short)%00%(objectname)%00%(upstream:track)%00%(upstream:remotename)%00%(upstream:remoteref) refs/heads/master refs/remotes/master [5ms]
2024-12-22 13:55:04.038 [info] > git status -z -uall [9ms]
2024-12-22 13:55:04.040 [info] > git for-each-ref --sort -committerdate --format %(refname) %(objectname) %(*objectname) [2ms]
2024-12-22 13:55:04.077 [info] > git fetch [1623ms]
2024-12-22 13:55:04.089 [info] > git config --get commit.template [2ms]
2024-12-22 13:55:04.101 [info] > git for-each-ref --format=%(refname)%00%(upstream:short)%00%(objectname)%00%(upstream:track)%00%(upstream:remotename)%00%(upstream:remoteref) refs/heads/master refs/remotes/master [1ms]
2024-12-22 13:55:04.138 [info] > git for-each-ref --sort -committerdate --format %(refname) %(objectname) %(*objectname) [3ms]
2024-12-22 13:55:04.170 [info] > git status -z -uall [59ms]
2024-12-22 13:55:05.657 [info] > git config --get commit.template [13ms]
2024-12-22 13:55:05.657 [info] > git for-each-ref --format=%(refname)%00%(upstream:short)%00%(objectname)%00%(upstream:track)%00%(upstream:remotename)%00%(upstream:remoteref) refs/heads/master refs/remotes/master [3ms]
2024-12-22 13:55:05.680 [info] > git status -z -uall [11ms]
2024-12-22 13:55:05.681 [info] > git for-each-ref --sort -committerdate --format %(refname) %(objectname) %(*objectname) [1ms]
