2024-12-23 00:54:00.717 [info] (Client) Pylance async client (2024.12.100) started with python extension (2024.23.2024121901)
2024-12-23 00:54:01.144 [info] [Info  - 12:54:01 AM] (10084) Server root directory: file:///home/alan/.vscode/extensions/ms-python.vscode-pylance-2024.12.100/dist
2024-12-23 00:54:01.145 [info] [Info  - 12:54:01 AM] (10084) Pylance language server 2024.12.100 (pyright version 1.1.390, commit 2f28cd39) starting
2024-12-23 00:54:01.145 [info] [Info  - 12:54:01 AM] (10084) Starting service instance "learning_python"
2024-12-23 00:54:01.147 [info] [Info  - 12:54:01 AM] (10084) Starting service instance "utfpr"
2024-12-23 00:54:01.190 [info] [Info  - 12:54:01 AM] (10084) Setting environmentName for service "learning_python": "3.12.3 (.venv venv)"
2024-12-23 00:54:01.191 [info] [Info  - 12:54:01 AM] (10084) Setting pythonPath for service "learning_python": "/home/alan/learning_python/.venv/bin/python"
2024-12-23 00:54:01.191 [info] [Info  - 12:54:01 AM] (10084) No include entries specified; assuming /home/alan/learning_python
2024-12-23 00:54:01.192 [info] [Info  - 12:54:01 AM] (10084) Auto-excluding **/node_modules
2024-12-23 00:54:01.192 [info] [Info  - 12:54:01 AM] (10084) Auto-excluding **/__pycache__
2024-12-23 00:54:01.192 [info] [Info  - 12:54:01 AM] (10084) Auto-excluding **/.*
2024-12-23 00:54:01.215 [info] [Info  - 12:54:01 AM] (10084) Assuming Python version 3.12.3.final.0
2024-12-23 00:54:01.309 [info] [Info  - 12:54:01 AM] (10084) Found 88 source files
2024-12-23 00:54:01.337 [info] [Info  - 12:54:01 AM] (10084) Setting environmentName for service "utfpr": "3.12.3 (venv01_utfpr venv)"
2024-12-23 00:54:01.337 [info] [Info  - 12:54:01 AM] (10084) Setting pythonPath for service "utfpr": "/home/alan/utfpr/venv01_utfpr/bin/python"
2024-12-23 00:54:01.337 [info] [Info  - 12:54:01 AM] (10084) No include entries specified; assuming /home/alan/utfpr
2024-12-23 00:54:01.337 [info] [Info  - 12:54:01 AM] (10084) Auto-excluding **/node_modules
2024-12-23 00:54:01.337 [info] [Info  - 12:54:01 AM] (10084) Auto-excluding **/__pycache__
2024-12-23 00:54:01.337 [info] [Info  - 12:54:01 AM] (10084) Auto-excluding **/.*
2024-12-23 00:54:01.359 [info] [Info  - 12:54:01 AM] (10084) Assuming Python version 3.12.3.final.0
2024-12-23 00:54:01.400 [info] [Info  - 12:54:01 AM] (10084) Auto-excluding /home/alan/utfpr/venv01_utfpr
2024-12-23 00:54:01.402 [info] [Info  - 12:54:01 AM] (10084) Found 3 source files
2024-12-23 00:54:01.649 [info] [Info  - 12:54:01 AM] (10084) Background analysis(1) root directory: file:///home/alan/.vscode/extensions/ms-python.vscode-pylance-2024.12.100/dist
2024-12-23 00:54:01.651 [info] [Info  - 12:54:01 AM] (10084) Background analysis(1) started
2024-12-23 00:54:01.803 [info] [Info  - 12:54:01 AM] (10084) Background analysis(2) root directory: file:///home/alan/.vscode/extensions/ms-python.vscode-pylance-2024.12.100/dist
2024-12-23 00:54:01.805 [info] [Info  - 12:54:01 AM] (10084) Background analysis(2) started
