2024-12-23 00:53:57.086 [info] Reading sessions from keychain...
2024-12-23 00:53:57.086 [info] Getting sessions for all scopes...
2024-12-23 00:53:57.086 [info] Getting sessions for all scopes...
2024-12-23 00:53:57.086 [info] Getting sessions for all scopes...
2024-12-23 00:53:57.086 [info] Getting sessions for all scopes...
2024-12-23 00:53:57.086 [info] Getting sessions for all scopes...
2024-12-23 00:53:57.086 [info] Getting sessions for all scopes...
2024-12-23 00:53:57.086 [info] Getting sessions for all scopes...
2024-12-23 00:53:57.104 [info] Got stored sessions!
2024-12-23 00:53:57.104 [info] Got 2 verified sessions.
2024-12-23 00:53:57.104 [info] Got 2 sessions for ...
2024-12-23 00:53:57.104 [info] Got 2 sessions for ...
2024-12-23 00:53:57.104 [info] Got 2 sessions for ...
2024-12-23 00:53:57.104 [info] Got 2 sessions for ...
2024-12-23 00:53:57.104 [info] Got 2 sessions for ...
2024-12-23 00:53:57.104 [info] Got 2 sessions for ...
2024-12-23 00:53:57.104 [info] Got 2 sessions for ...
2024-12-23 00:53:57.185 [info] Getting sessions for all scopes...
2024-12-23 00:53:57.185 [info] Got 2 sessions for ...
2024-12-23 00:53:57.372 [info] Getting sessions for user:email...
2024-12-23 00:53:57.372 [info] Got 1 sessions for user:email...
2024-12-23 00:53:58.967 [info] Getting sessions for all scopes...
2024-12-23 00:53:58.967 [info] Got 2 sessions for ...
2024-12-23 00:53:59.384 [info] Getting sessions for read:user,repo,user:email,workflow...
2024-12-23 00:53:59.384 [info] Got 1 sessions for read:user,repo,user:email,workflow...
2024-12-23 00:54:00.131 [info] Getting sessions for read:user,repo,user:email,workflow...
2024-12-23 00:54:00.131 [info] Got 1 sessions for read:user,repo,user:email,workflow...
