2024-12-22 19:33:01.668 [info] Reading sessions from keychain...
2024-12-22 19:33:01.669 [info] Getting sessions for all scopes...
2024-12-22 19:33:01.669 [info] Getting sessions for all scopes...
2024-12-22 19:33:01.669 [info] Getting sessions for all scopes...
2024-12-22 19:33:01.669 [info] Getting sessions for all scopes...
2024-12-22 19:33:01.669 [info] Getting sessions for all scopes...
2024-12-22 19:33:01.669 [info] Getting sessions for all scopes...
2024-12-22 19:33:01.669 [info] Getting sessions for all scopes...
2024-12-22 19:33:01.669 [info] Got stored sessions!
2024-12-22 19:33:01.669 [info] Got 2 verified sessions.
2024-12-22 19:33:01.669 [info] Got 2 sessions for ...
2024-12-22 19:33:01.669 [info] Got 2 sessions for ...
2024-12-22 19:33:01.669 [info] Got 2 sessions for ...
2024-12-22 19:33:01.669 [info] Got 2 sessions for ...
2024-12-22 19:33:01.669 [info] Got 2 sessions for ...
2024-12-22 19:33:01.669 [info] Got 2 sessions for ...
2024-12-22 19:33:01.669 [info] Got 2 sessions for ...
2024-12-22 19:33:01.669 [info] Getting sessions for all scopes...
2024-12-22 19:33:01.669 [info] Got 2 sessions for ...
2024-12-22 19:33:01.669 [info] Getting sessions for user:email...
2024-12-22 19:33:01.669 [info] Got 1 sessions for user:email...
2024-12-22 19:33:02.681 [info] Getting sessions for all scopes...
2024-12-22 19:33:02.681 [info] Got 2 sessions for ...
2024-12-22 19:33:02.715 [info] Getting sessions for read:user,repo,user:email,workflow...
2024-12-22 19:33:02.715 [info] Got 1 sessions for read:user,repo,user:email,workflow...
2024-12-22 19:33:03.505 [info] Getting sessions for read:user,repo,user:email,workflow...
2024-12-22 19:33:03.506 [info] Got 1 sessions for read:user,repo,user:email,workflow...
2024-12-22 19:33:03.756 [info] Getting sessions for read:user,repo,user:email,workflow...
2024-12-22 19:33:03.756 [info] Got 1 sessions for read:user,repo,user:email,workflow...
