2024-12-22 13:56:36.382 [info] [main] Log level: Info
2024-12-22 13:56:36.382 [info] [main] Validating found git in: "git"
2024-12-22 13:56:36.382 [info] [main] Using git "2.43.0" from "git"
2024-12-22 13:56:36.382 [info] [Model][doInitialScan] Initial repository scan started
2024-12-22 13:56:36.382 [info] > git rev-parse --show-toplevel [82ms]
2024-12-22 13:56:36.382 [info] > git rev-parse --git-dir --git-common-dir [50ms]
2024-12-22 13:56:36.382 [info] [Model][openRepository] Opened repository: /home/alan/learning_python
2024-12-22 13:56:36.412 [info] > git rev-parse --show-toplevel [7ms]
2024-12-22 13:56:36.413 [info] > git config --get commit.template [18ms]
2024-12-22 13:56:36.448 [info] > git for-each-ref --format=%(refname)%00%(upstream:short)%00%(objectname)%00%(upstream:track)%00%(upstream:remotename)%00%(upstream:remoteref) refs/heads/master refs/remotes/master [8ms]
2024-12-22 13:56:36.449 [info] > git rev-parse --git-dir --git-common-dir [24ms]
2024-12-22 13:56:36.472 [info] [Model][openRepository] Opened repository: /home/alan/utfpr
2024-12-22 13:56:36.518 [info] > git rev-parse --show-toplevel [11ms]
2024-12-22 13:56:36.518 [info] fatal: not a git repository (or any of the parent directories): .git
2024-12-22 13:56:36.518 [info] > git config --get commit.template [24ms]
2024-12-22 13:56:36.576 [info] > git status -z -uall [30ms]
2024-12-22 13:56:36.591 [info] > git for-each-ref --sort -committerdate --format %(refname) %(objectname) %(*objectname) [32ms]
2024-12-22 13:56:36.611 [info] > git rev-parse --show-toplevel [79ms]
2024-12-22 13:56:36.677 [info] > git for-each-ref --format=%(refname)%00%(upstream:short)%00%(objectname)%00%(upstream:track)%00%(upstream:remotename)%00%(upstream:remoteref) refs/heads/master refs/remotes/master [68ms]
2024-12-22 13:56:36.690 [info] > git for-each-ref --format=%(refname)%00%(upstream:short)%00%(objectname)%00%(upstream:track)%00%(upstream:remotename)%00%(upstream:remoteref) refs/heads/master refs/remotes/master [123ms]
2024-12-22 13:56:36.699 [info] > git config --local branch.master.vscode-merge-base [9ms]
2024-12-22 13:56:36.711 [info] > git rev-parse --show-toplevel [37ms]
2024-12-22 13:56:36.712 [info] > git config --get commit.template [51ms]
2024-12-22 13:56:36.824 [info] > git for-each-ref --format=%(refname)%00%(upstream:short)%00%(objectname)%00%(upstream:track)%00%(upstream:remotename)%00%(upstream:remoteref) refs/heads/origin/master refs/remotes/origin/master [113ms]
2024-12-22 13:56:36.882 [info] > git merge-base refs/heads/master refs/remotes/origin/master [48ms]
2024-12-22 13:56:36.891 [info] > git rev-parse --show-toplevel [90ms]
2024-12-22 13:56:36.960 [info] > git diff --name-status -z --diff-filter=ADMR fa95585f9e5a1df4ec3f01b544a1634e139ea3bc...refs/remotes/origin/master [69ms]
2024-12-22 13:56:36.961 [info] > git for-each-ref --format=%(refname)%00%(upstream:short)%00%(objectname)%00%(upstream:track)%00%(upstream:remotename)%00%(upstream:remoteref) refs/heads/master refs/remotes/master [84ms]
2024-12-22 13:56:36.964 [info] > git rev-parse --show-toplevel [6ms]
2024-12-22 13:56:36.964 [info] > git for-each-ref --sort -committerdate --format %(refname) %(objectname) %(*objectname) [26ms]
2024-12-22 13:56:36.994 [info] > git status -z -uall [80ms]
2024-12-22 13:56:36.994 [info] > git rev-parse --show-toplevel [3ms]
2024-12-22 13:56:37.046 [info] > git status -z -uall [29ms]
2024-12-22 13:56:37.047 [info] > git for-each-ref --format=%(refname)%00%(upstream:short)%00%(objectname)%00%(upstream:track)%00%(upstream:remotename)%00%(upstream:remoteref) refs/heads/master refs/remotes/master [42ms]
2024-12-22 13:56:37.058 [info] > git config --get commit.template [12ms]
2024-12-22 13:56:37.059 [info] > git rev-parse --show-toplevel [22ms]
2024-12-22 13:56:37.059 [info] > git for-each-ref --sort -committerdate --format %(refname) %(objectname) %(*objectname) [32ms]
2024-12-22 13:56:37.076 [info] > git config --local branch.master.vscode-merge-base [20ms]
2024-12-22 13:56:37.129 [info] > git check-ignore -v -z --stdin [31ms]
2024-12-22 13:56:37.129 [info] > git check-ignore -v -z --stdin [21ms]
2024-12-22 13:56:37.130 [info] > git for-each-ref --format=%(refname)%00%(upstream:short)%00%(objectname)%00%(upstream:track)%00%(upstream:remotename)%00%(upstream:remoteref) refs/heads/origin/master refs/remotes/origin/master [43ms]
2024-12-22 13:56:37.141 [info] > git rev-parse --show-toplevel [69ms]
2024-12-22 13:56:37.153 [info] > git merge-base refs/heads/master refs/remotes/origin/master [13ms]
2024-12-22 13:56:37.162 [info] > git for-each-ref --format=%(refname)%00%(upstream:short)%00%(objectname)%00%(upstream:track)%00%(upstream:remotename)%00%(upstream:remoteref) refs/heads/master refs/remotes/master [41ms]
2024-12-22 13:56:37.180 [info] > git diff --name-status -z --diff-filter=ADMR 5a42459d9b58f33b376cc9ff738d92cab359b6d4...refs/remotes/origin/master [17ms]
2024-12-22 13:56:37.180 [info] > git rev-parse --show-toplevel [28ms]
2024-12-22 13:56:37.222 [info] > git rev-parse --show-toplevel [32ms]
2024-12-22 13:56:37.235 [info] > git for-each-ref --sort -committerdate --format %(refname) %(objectname) %(*objectname) [14ms]
2024-12-22 13:56:37.240 [info] > git rev-parse --show-toplevel [8ms]
2024-12-22 13:56:37.278 [info] > git rev-parse --show-toplevel [20ms]
2024-12-22 13:56:37.292 [info] > git status -z -uall [92ms]
2024-12-22 13:56:37.295 [info] > git rev-parse --show-toplevel [4ms]
2024-12-22 13:56:37.296 [info] [Model][doInitialScan] Initial repository scan completed - repositories (2), closed repositories (0), parent repositories (0), unsafe repositories (0)
2024-12-22 13:56:37.994 [info] > git fetch [1620ms]
2024-12-22 13:56:38.008 [info] > git config --get commit.template [5ms]
2024-12-22 13:56:38.018 [info] > git for-each-ref --format=%(refname)%00%(upstream:short)%00%(objectname)%00%(upstream:track)%00%(upstream:remotename)%00%(upstream:remoteref) refs/heads/master refs/remotes/master [1ms]
2024-12-22 13:56:38.039 [info] > git status -z -uall [12ms]
2024-12-22 13:56:38.040 [info] > git for-each-ref --sort -committerdate --format %(refname) %(objectname) %(*objectname) [3ms]
2024-12-22 13:56:38.082 [info] > git fetch [1611ms]
2024-12-22 13:56:38.101 [info] > git config --get commit.template [9ms]
2024-12-22 13:56:38.102 [info] > git for-each-ref --format=%(refname)%00%(upstream:short)%00%(objectname)%00%(upstream:track)%00%(upstream:remotename)%00%(upstream:remoteref) refs/heads/master refs/remotes/master [1ms]
2024-12-22 13:56:38.134 [info] > git for-each-ref --sort -committerdate --format %(refname) %(objectname) %(*objectname) [2ms]
2024-12-22 13:56:38.166 [info] > git status -z -uall [55ms]
2024-12-22 13:56:39.475 [info] > git config --get commit.template [12ms]
2024-12-22 13:56:39.476 [info] > git for-each-ref --format=%(refname)%00%(upstream:short)%00%(objectname)%00%(upstream:track)%00%(upstream:remotename)%00%(upstream:remoteref) refs/heads/master refs/remotes/master [2ms]
2024-12-22 13:56:39.499 [info] > git status -z -uall [12ms]
2024-12-22 13:56:39.499 [info] > git for-each-ref --sort -committerdate --format %(refname) %(objectname) %(*objectname) [2ms]
2024-12-22 13:57:03.209 [info] > git rev-parse --show-toplevel [3ms]
2024-12-22 13:57:03.209 [info] fatal: not a git repository (or any of the parent directories): .git
