2024-12-23 00:53:56.238 [info] Using settings sync service https://vscode-sync.trafficmanager.net/
2024-12-23 00:53:56.238 [info] Auto Sync is enabled.
2024-12-23 00:53:56.238 [info] Auto Sync: Suspended until auth token is available.
2024-12-23 00:53:57.395 [info] Auto Sync: Triggered by Interval
2024-12-23 00:53:57.396 [info] Sync started.
2024-12-23 00:53:58.434 [info] Settings: No changes found during synchronizing settings.
2024-12-23 00:53:58.515 [info] Keybindings: No changes found during synchronizing keybindings.
2024-12-23 00:53:58.520 [info] Snippets: No changes found during synchronizing snippets.
2024-12-23 00:53:58.525 [info] Tasks: No changes found during synchronizing tasks.
2024-12-23 00:53:58.994 [info] GlobalState: Updated remote ui state. Updated: cpp.1.lastSessionDate,cpp.1.sessionCount,java.2.lastSessionDate,java.2.sessionCount,javascript.1.lastSessionDate,javascript.1.sessionCount,typescript.1.lastSessionDate,typescript.1.sessionCount,csharp.1.lastSessionDate,csharp.1.sessionCount.
2024-12-23 00:53:59.000 [info] GlobalState: Updated last synchronized ui state
2024-12-23 00:53:59.052 [info] Extensions: No changes found during synchronizing extensions.
2024-12-23 00:53:59.077 [info] Profiles: No changes found during synchronizing profiles.
2024-12-23 00:53:59.080 [info] Syncing profile. Jupyter
2024-12-23 00:53:59.319 [info] Settings (Jupyter): No changes found during synchronizing settings.
2024-12-23 00:53:59.370 [info] Keybindings (Jupyter): No changes found during synchronizing keybindings.
2024-12-23 00:53:59.378 [info] Snippets (Jupyter): No changes found during synchronizing snippets.
2024-12-23 00:53:59.381 [info] Tasks (Jupyter): No changes found during synchronizing tasks.
2024-12-23 00:53:59.416 [info] GlobalState (Jupyter): No changes found during synchronizing ui state.
2024-12-23 00:53:59.459 [info] Extensions (Jupyter): No changes found during synchronizing extensions.
2024-12-23 00:53:59.461 [info] Syncing profile. Python
2024-12-23 00:53:59.534 [info] Settings (Python): No changes found during synchronizing settings.
2024-12-23 00:53:59.546 [info] Keybindings (Python): No changes found during synchronizing keybindings.
2024-12-23 00:53:59.551 [info] Snippets (Python): No changes found during synchronizing snippets.
2024-12-23 00:53:59.554 [info] Tasks (Python): No changes found during synchronizing tasks.
2024-12-23 00:53:59.579 [info] GlobalState (Python): No changes found during synchronizing ui state.
2024-12-23 00:53:59.627 [info] Extensions (Python): No changes found during synchronizing extensions.
2024-12-23 00:53:59.631 [info] Sync done. Took 2236ms
