2024-12-22 13:55:04.403 [info] (Client) Pylance async client (2024.12.100) started with python extension (2024.23.2024121901)
2024-12-22 13:55:04.840 [info] [Info  - 1:55:04 PM] (94872) Server root directory: file:///home/alan/.vscode/extensions/ms-python.vscode-pylance-2024.12.100/dist
2024-12-22 13:55:04.840 [info] [Info  - 1:55:04 PM] (94872) Pylance language server 2024.12.100 (pyright version 1.1.390, commit 2f28cd39) starting
2024-12-22 13:55:04.840 [info] [Info  - 1:55:04 PM] (94872) Starting service instance "learning_python"
2024-12-22 13:55:04.841 [info] [Info  - 1:55:04 PM] (94872) Starting service instance "utfpr"
2024-12-22 13:55:04.878 [info] [Info  - 1:55:04 PM] (94872) Setting environmentName for service "learning_python": "3.12.3 (.venv venv)"
2024-12-22 13:55:04.878 [info] [Info  - 1:55:04 PM] (94872) Setting pythonPath for service "learning_python": "/home/alan/learning_python/.venv/bin/python"
2024-12-22 13:55:04.879 [info] [Info  - 1:55:04 PM] (94872) No include entries specified; assuming /home/alan/learning_python
2024-12-22 13:55:04.879 [info] [Info  - 1:55:04 PM] (94872) Auto-excluding **/node_modules
2024-12-22 13:55:04.879 [info] [Info  - 1:55:04 PM] (94872) Auto-excluding **/__pycache__
2024-12-22 13:55:04.879 [info] [Info  - 1:55:04 PM] (94872) Auto-excluding **/.*
2024-12-22 13:55:04.902 [info] [Info  - 1:55:04 PM] (94872) Assuming Python version 3.12.3.final.0
2024-12-22 13:55:04.969 [info] [Info  - 1:55:04 PM] (94872) Found 88 source files
2024-12-22 13:55:04.994 [info] [Info  - 1:55:04 PM] (94872) Setting environmentName for service "utfpr": "3.12.3 (global)"
2024-12-22 13:55:04.994 [info] [Info  - 1:55:04 PM] (94872) Setting pythonPath for service "utfpr": "/bin/python"
2024-12-22 13:55:04.994 [info] [Info  - 1:55:04 PM] (94872) No include entries specified; assuming /home/alan/utfpr
2024-12-22 13:55:04.994 [info] [Info  - 1:55:04 PM] (94872) Auto-excluding **/node_modules
2024-12-22 13:55:04.994 [info] [Info  - 1:55:04 PM] (94872) Auto-excluding **/__pycache__
2024-12-22 13:55:04.994 [info] [Info  - 1:55:04 PM] (94872) Auto-excluding **/.*
2024-12-22 13:55:05.016 [info] [Info  - 1:55:05 PM] (94872) Assuming Python version 3.12.3.final.0
2024-12-22 13:55:05.056 [info] [Info  - 1:55:05 PM] (94872) Auto-excluding /home/alan/utfpr/venv01_utfpr
2024-12-22 13:55:05.057 [info] [Info  - 1:55:05 PM] (94872) Found 3 source files
2024-12-22 13:55:05.404 [info] [Info  - 1:55:05 PM] (94872) Background analysis(1) root directory: file:///home/alan/.vscode/extensions/ms-python.vscode-pylance-2024.12.100/dist
2024-12-22 13:55:05.406 [info] [Info  - 1:55:05 PM] (94872) Background analysis(1) started
2024-12-22 13:55:05.518 [info] [Info  - 1:55:05 PM] (94872) Background analysis(2) root directory: file:///home/alan/.vscode/extensions/ms-python.vscode-pylance-2024.12.100/dist
2024-12-22 13:55:05.520 [info] [Info  - 1:55:05 PM] (94872) Background analysis(2) started
