2024-12-22 13:55:00.663 [info] Reading sessions from keychain...
2024-12-22 13:55:00.663 [info] Getting sessions for all scopes...
2024-12-22 13:55:00.663 [info] Getting sessions for all scopes...
2024-12-22 13:55:00.682 [info] Getting sessions for all scopes...
2024-12-22 13:55:00.682 [info] Getting sessions for all scopes...
2024-12-22 13:55:00.682 [info] Getting sessions for all scopes...
2024-12-22 13:55:00.682 [info] Getting sessions for all scopes...
2024-12-22 13:55:00.683 [info] Getting sessions for all scopes...
2024-12-22 13:55:00.693 [info] Got stored sessions!
2024-12-22 13:55:00.693 [info] Got 2 verified sessions.
2024-12-22 13:55:00.693 [info] Got 2 sessions for ...
2024-12-22 13:55:00.693 [info] Got 2 sessions for ...
2024-12-22 13:55:00.693 [info] Got 2 sessions for ...
2024-12-22 13:55:00.694 [info] Got 2 sessions for ...
2024-12-22 13:55:00.694 [info] Got 2 sessions for ...
2024-12-22 13:55:00.694 [info] Got 2 sessions for ...
2024-12-22 13:55:00.694 [info] Got 2 sessions for ...
2024-12-22 13:55:00.778 [info] Getting sessions for all scopes...
2024-12-22 13:55:00.778 [info] Got 2 sessions for ...
2024-12-22 13:55:00.874 [info] Getting sessions for user:email...
2024-12-22 13:55:00.874 [info] Got 1 sessions for user:email...
2024-12-22 13:55:02.533 [info] Getting sessions for all scopes...
2024-12-22 13:55:02.533 [info] Got 2 sessions for ...
2024-12-22 13:55:02.961 [info] Getting sessions for read:user,repo,user:email,workflow...
2024-12-22 13:55:02.961 [info] Got 1 sessions for read:user,repo,user:email,workflow...
2024-12-22 13:55:03.833 [info] Getting sessions for read:user,repo,user:email,workflow...
2024-12-22 13:55:03.833 [info] Got 1 sessions for read:user,repo,user:email,workflow...
