2024-12-22 19:07:21.412 [info] (Client) Pylance async client (2024.12.100) started with python extension (2024.23.2024121901)
2024-12-22 19:07:21.841 [info] [Info  - 7:07:21 PM] (125123) Server root directory: file:///home/alan/.vscode/extensions/ms-python.vscode-pylance-2024.12.100/dist
2024-12-22 19:07:21.841 [info] [Info  - 7:07:21 PM] (125123) Pylance language server 2024.12.100 (pyright version 1.1.390, commit 2f28cd39) starting
2024-12-22 19:07:21.841 [info] [Info  - 7:07:21 PM] (125123) Starting service instance "learning_python"
2024-12-22 19:07:21.843 [info] [Info  - 7:07:21 PM] (125123) Starting service instance "utfpr"
2024-12-22 19:07:21.884 [info] [Info  - 7:07:21 PM] (125123) Setting environmentName for service "learning_python": "3.12.3 (.venv venv)"
2024-12-22 19:07:21.884 [info] [Info  - 7:07:21 PM] (125123) Setting pythonPath for service "learning_python": "/home/alan/learning_python/.venv/bin/python"
2024-12-22 19:07:21.885 [info] [Info  - 7:07:21 PM] (125123) No include entries specified; assuming /home/alan/learning_python
2024-12-22 19:07:21.885 [info] [Info  - 7:07:21 PM] (125123) Auto-excluding **/node_modules
2024-12-22 19:07:21.885 [info] [Info  - 7:07:21 PM] (125123) Auto-excluding **/__pycache__
2024-12-22 19:07:21.886 [info] [Info  - 7:07:21 PM] (125123) Auto-excluding **/.*
2024-12-22 19:07:21.909 [info] [Info  - 7:07:21 PM] (125123) Assuming Python version 3.12.3.final.0
2024-12-22 19:07:21.973 [info] [Info  - 7:07:21 PM] (125123) Found 88 source files
2024-12-22 19:07:21.998 [info] [Info  - 7:07:21 PM] (125123) Setting environmentName for service "utfpr": "3.12.3 (global)"
2024-12-22 19:07:21.998 [info] [Info  - 7:07:21 PM] (125123) Setting pythonPath for service "utfpr": "/bin/python"
2024-12-22 19:07:21.998 [info] [Info  - 7:07:21 PM] (125123) No include entries specified; assuming /home/alan/utfpr
2024-12-22 19:07:21.998 [info] [Info  - 7:07:21 PM] (125123) Auto-excluding **/node_modules
2024-12-22 19:07:21.998 [info] [Info  - 7:07:21 PM] (125123) Auto-excluding **/__pycache__
2024-12-22 19:07:21.998 [info] [Info  - 7:07:21 PM] (125123) Auto-excluding **/.*
2024-12-22 19:07:22.020 [info] [Info  - 7:07:22 PM] (125123) Assuming Python version 3.12.3.final.0
2024-12-22 19:07:22.057 [info] [Info  - 7:07:22 PM] (125123) Auto-excluding /home/alan/utfpr/venv01_utfpr
2024-12-22 19:07:22.059 [info] [Info  - 7:07:22 PM] (125123) Found 3 source files
2024-12-22 19:07:22.377 [info] [Info  - 7:07:22 PM] (125123) Background analysis(1) root directory: file:///home/alan/.vscode/extensions/ms-python.vscode-pylance-2024.12.100/dist
2024-12-22 19:07:22.380 [info] [Info  - 7:07:22 PM] (125123) Background analysis(1) started
2024-12-22 19:07:22.487 [info] [Info  - 7:07:22 PM] (125123) Background analysis(2) root directory: file:///home/alan/.vscode/extensions/ms-python.vscode-pylance-2024.12.100/dist
2024-12-22 19:07:22.489 [info] [Info  - 7:07:22 PM] (125123) Background analysis(2) started
