2024-12-22 13:56:38.226 [info] (Client) Pylance async client (2024.12.100) started with python extension (2024.23.2024121901)
2024-12-22 13:56:38.668 [info] [Info  - 1:56:38 PM] (95607) Server root directory: file:///home/alan/.vscode/extensions/ms-python.vscode-pylance-2024.12.100/dist
2024-12-22 13:56:38.670 [info] [Info  - 1:56:38 PM] (95607) Pylance language server 2024.12.100 (pyright version 1.1.390, commit 2f28cd39) starting
2024-12-22 13:56:38.670 [info] [Info  - 1:56:38 PM] (95607) Starting service instance "learning_python"
2024-12-22 13:56:38.672 [info] [Info  - 1:56:38 PM] (95607) Starting service instance "utfpr"
2024-12-22 13:56:38.711 [info] [Info  - 1:56:38 PM] (95607) Setting environmentName for service "learning_python": "3.12.3 (.venv venv)"
2024-12-22 13:56:38.712 [info] [Info  - 1:56:38 PM] (95607) Setting pythonPath for service "learning_python": "/home/alan/learning_python/.venv/bin/python"
2024-12-22 13:56:38.712 [info] [Info  - 1:56:38 PM] (95607) No include entries specified; assuming /home/alan/learning_python
2024-12-22 13:56:38.712 [info] [Info  - 1:56:38 PM] (95607) Auto-excluding **/node_modules
2024-12-22 13:56:38.713 [info] [Info  - 1:56:38 PM] (95607) Auto-excluding **/__pycache__
2024-12-22 13:56:38.713 [info] [Info  - 1:56:38 PM] (95607) Auto-excluding **/.*
2024-12-22 13:56:38.736 [info] [Info  - 1:56:38 PM] (95607) Assuming Python version 3.12.3.final.0
2024-12-22 13:56:38.798 [info] [Info  - 1:56:38 PM] (95607) Found 88 source files
2024-12-22 13:56:38.828 [info] [Info  - 1:56:38 PM] (95607) Setting environmentName for service "utfpr": "3.12.3 (global)"
2024-12-22 13:56:38.828 [info] [Info  - 1:56:38 PM] (95607) Setting pythonPath for service "utfpr": "/bin/python"
2024-12-22 13:56:38.828 [info] [Info  - 1:56:38 PM] (95607) No include entries specified; assuming /home/alan/utfpr
2024-12-22 13:56:38.828 [info] [Info  - 1:56:38 PM] (95607) Auto-excluding **/node_modules
2024-12-22 13:56:38.828 [info] [Info  - 1:56:38 PM] (95607) Auto-excluding **/__pycache__
2024-12-22 13:56:38.828 [info] [Info  - 1:56:38 PM] (95607) Auto-excluding **/.*
2024-12-22 13:56:38.859 [info] [Info  - 1:56:38 PM] (95607) Assuming Python version 3.12.3.final.0
2024-12-22 13:56:38.899 [info] [Info  - 1:56:38 PM] (95607) Auto-excluding /home/alan/utfpr/venv01_utfpr
2024-12-22 13:56:38.901 [info] [Info  - 1:56:38 PM] (95607) Found 3 source files
2024-12-22 13:56:39.210 [info] [Info  - 1:56:39 PM] (95607) Background analysis(1) root directory: file:///home/alan/.vscode/extensions/ms-python.vscode-pylance-2024.12.100/dist
2024-12-22 13:56:39.213 [info] [Info  - 1:56:39 PM] (95607) Background analysis(1) started
2024-12-22 13:56:39.332 [info] [Info  - 1:56:39 PM] (95607) Background analysis(2) root directory: file:///home/alan/.vscode/extensions/ms-python.vscode-pylance-2024.12.100/dist
2024-12-22 13:56:39.334 [info] [Info  - 1:56:39 PM] (95607) Background analysis(2) started
