2024-12-22 19:33:01.703 [info] Experiment 'pythonRecommendTensorboardExt' is active
2024-12-22 19:33:01.703 [info] Experiment 'pythonTerminalEnvVarActivation' is active
2024-12-22 19:33:01.703 [info] Experiment 'pythonTestAdapter' is active
2024-12-22 19:33:01.703 [info] Native locator: Refresh started
2024-12-22 19:33:01.828 [info] Native locator: Refresh started
2024-12-22 19:33:02.122 [info] > pyenv which python
2024-12-22 19:33:02.122 [info] cwd: ~/learning_python
2024-12-22 19:33:03.127 [info] Native locator: Refresh finished in 1914 ms
2024-12-22 19:33:03.132 [info] Python interpreter path: ./.venv/bin/python
2024-12-22 19:33:03.505 [info] > . ~/learning_python/.venv/bin/activate && echo 'e8b39361-0157-4923-80e1-22d70d46dee6' && python ~/.vscode/extensions/ms-python.python-2024.23.2024121901-linux-x64/python_files/printEnvVariables.py
2024-12-22 19:33:03.505 [info] shell: bash
2024-12-22 19:33:03.544 [info] > /usr/bin/python ~/.vscode/extensions/ms-python.python-2024.23.2024121901-linux-x64/python_files/printEnvVariables.py
2024-12-22 19:33:03.545 [info] shell: bash
2024-12-22 19:33:03.605 [info] Setting environment variable VIRTUAL_ENV in collection to /home/alan/learning_python/.venv {"applyAtShellIntegration":true,"applyAtProcessCreation":true}
2024-12-22 19:33:03.605 [info] Setting environment variable VIRTUAL_ENV_PROMPT in collection to (.venv)  {"applyAtShellIntegration":true,"applyAtProcessCreation":true}
2024-12-22 19:33:03.605 [info] Prepending environment variable PS1 in collection with (.venv)  {"applyAtShellIntegration":true,"applyAtProcessCreation":false}
2024-12-22 19:33:03.605 [info] Prepending environment variable PATH in collection with /home/alan/.vscode/extensions/ms-python.python-2024.23.2024121901-linux-x64/python_files/deactivate/bash:/home/alan/learning_python/.venv/bin: {"applyAtShellIntegration":true,"applyAtProcessCreation":true}
2024-12-22 19:33:03.605 [info] Send text to terminal: /usr/bin/python /home/alan/.vscode/extensions/ms-python.python-2024.23.2024121901-linux-x64/python_files/printEnvVariablesToFile.py /home/alan/.vscode/extensions/ms-python.python-2024.23.2024121901-linux-x64/python_files/deactivate/bash/envVars.txt
2024-12-22 19:33:04.597 [info] Starting Pylance language server.
2024-12-22 19:34:31.978 [info] Discover tests for workspace name: undefined - uri: /home/alan/.config/Code/User/profiles/-25c1ba62/settings.json
2024-12-22 19:54:27.791 [info] Python interpreter path: /bin/python
2024-12-22 19:56:09.452 [info] Discover tests for workspace name: undefined - uri: /home/alan/.config/Code/User/profiles/-25c1ba62/settings.json
2024-12-22 19:56:51.523 [info] Native locator: Refresh started
2024-12-22 19:56:52.037 [info] > conda info --json
2024-12-22 19:56:52.570 [info] Native locator: Refresh finished in 1047 ms
2024-12-22 19:56:52.584 [info] > pyenv which python
2024-12-22 19:56:52.584 [info] cwd: ~/utfpr
2024-12-22 19:56:52.634 [info] Starting Pylance language server.
2024-12-22 19:56:52.674 [info] > . ~/utfpr/venv01_utfpr/bin/activate && echo 'e8b39361-0157-4923-80e1-22d70d46dee6' && python ~/.vscode/extensions/ms-python.python-2024.23.2024121901-linux-x64/python_files/printEnvVariables.py
2024-12-22 19:56:52.674 [info] shell: bash
2024-12-22 19:56:52.703 [info] Setting environment variable VIRTUAL_ENV in collection to /home/alan/utfpr/venv01_utfpr {"applyAtShellIntegration":true,"applyAtProcessCreation":true}
2024-12-22 19:56:52.703 [info] Setting environment variable VIRTUAL_ENV_PROMPT in collection to (venv01_utfpr)  {"applyAtShellIntegration":true,"applyAtProcessCreation":true}
2024-12-22 19:56:52.703 [info] Prepending environment variable PS1 in collection with (venv01_utfpr)  {"applyAtShellIntegration":true,"applyAtProcessCreation":false}
2024-12-22 19:56:52.703 [info] Prepending environment variable PATH in collection with /home/alan/.vscode/extensions/ms-python.python-2024.23.2024121901-linux-x64/python_files/deactivate/bash:/home/alan/utfpr/venv01_utfpr/bin: {"applyAtShellIntegration":true,"applyAtProcessCreation":true}
2024-12-22 19:57:17.957 [info] Python interpreter path: ./.venv/bin/python
2024-12-22 19:57:40.095 [info] Discover tests for workspace name: undefined - uri: /home/alan/.config/Code/User/profiles/-25c1ba62/settings.json
2024-12-22 20:01:08.916 [info] Discover tests for workspace name: undefined - uri: /home/alan/.config/Code/User/profiles/-25c1ba62/settings.json
2024-12-22 20:01:10.103 [info] Native locator: Refresh started
2024-12-22 20:01:10.108 [info] Native locator: Refresh started
2024-12-22 20:01:10.189 [info] Send text to terminal: printenv > "/tmp/tmp-125993nguJdhC4hfI5.txt"
2024-12-22 20:01:10.418 [info] Native locator: Refresh finished in 324 ms
2024-12-22 20:01:35.270 [info] Discover tests for workspace name: undefined - uri: /home/alan/.config/Code/User/profiles/-25c1ba62/settings.json
2024-12-22 20:02:37.250 [info] Discover tests for workspace name: undefined - uri: /home/alan/.config/Code/User/profiles/-25c1ba62/settings.json
2024-12-22 20:02:54.000 [info] Discover tests for workspace name: undefined - uri: /home/alan/.config/Code/User/profiles/-25c1ba62/settings.json
